<?xml version="1.0" encoding="UTF-8"?>
<coverage generated="1779004938965" clover="3.2.0">
  <project timestamp="1779004938965" name="All files">
    <metrics statements="117" coveredstatements="115" conditionals="74" coveredconditionals="68" methods="27" coveredmethods="27" elements="218" coveredelements="210" complexity="0" loc="117" ncloc="117" packages="1" files="8" classes="8"/>
    <file name="computeInvalidations.ts" path="/Users/jr/Development/hustle-app/fleet-command/hussle-app-dispatch-ui/src/features/carrier-portal-v2/engine/computeInvalidations.ts">
      <metrics statements="38" coveredstatements="38" conditionals="28" coveredconditionals="25" methods="9" coveredmethods="9"/>
      <line num="2" count="1" type="stmt"/>
      <line num="3" count="1" type="stmt"/>
      <line num="4" count="1" type="stmt"/>
      <line num="5" count="1" type="stmt"/>
      <line num="16" count="1" type="stmt"/>
      <line num="23" count="9" type="stmt"/>
      <line num="24" count="9" type="cond" truecount="4" falsecount="0"/>
      <line num="25" count="4" type="cond" truecount="1" falsecount="1"/>
      <line num="26" count="4" type="stmt"/>
      <line num="27" count="4" type="stmt"/>
      <line num="28" count="5" type="stmt"/>
      <line num="29" count="5" type="cond" truecount="2" falsecount="0"/>
      <line num="30" count="4" type="stmt"/>
      <line num="31" count="4" type="cond" truecount="2" falsecount="0"/>
      <line num="32" count="3" type="stmt"/>
      <line num="35" count="4" type="cond" truecount="2" falsecount="0"/>
      <line num="36" count="2" type="stmt"/>
      <line num="40" count="7" type="stmt"/>
      <line num="51" count="28" type="stmt"/>
      <line num="52" count="7" type="stmt"/>
      <line num="53" count="7" type="stmt"/>
      <line num="54" count="6" type="cond" truecount="2" falsecount="0"/>
      <line num="55" count="3" type="cond" truecount="2" falsecount="0"/>
      <line num="56" count="2" type="stmt"/>
      <line num="59" count="7" type="stmt"/>
      <line num="62" count="1" type="stmt"/>
      <line num="63" count="5" type="stmt"/>
      <line num="64" count="5" type="cond" truecount="1" falsecount="1"/>
      <line num="68" count="5" type="cond" truecount="2" falsecount="0"/>
      <line num="69" count="5" type="stmt"/>
      <line num="70" count="1" type="stmt"/>
      <line num="75" count="1" type="stmt"/>
      <line num="76" count="16" type="stmt"/>
      <line num="77" count="4" type="cond" truecount="2" falsecount="0"/>
      <line num="78" count="3" type="cond" truecount="2" falsecount="0"/>
      <line num="79" count="3" type="stmt"/>
      <line num="80" count="2" type="cond" truecount="1" falsecount="1"/>
      <line num="81" count="2" type="stmt"/>
    </file>
    <file name="errors.ts" path="/Users/jr/Development/hustle-app/fleet-command/hussle-app-dispatch-ui/src/features/carrier-portal-v2/engine/errors.ts">
      <metrics statements="6" coveredstatements="6" conditionals="0" coveredconditionals="0" methods="1" coveredmethods="1"/>
      <line num="3" count="1" type="stmt"/>
      <line num="8" count="2" type="stmt"/>
      <line num="11" count="2" type="stmt"/>
      <line num="12" count="2" type="stmt"/>
      <line num="13" count="2" type="stmt"/>
      <line num="14" count="2" type="stmt"/>
    </file>
    <file name="evaluatePredicate.ts" path="/Users/jr/Development/hustle-app/fleet-command/hussle-app-dispatch-ui/src/features/carrier-portal-v2/engine/evaluatePredicate.ts">
      <metrics statements="13" coveredstatements="13" conditionals="8" coveredconditionals="8" methods="3" coveredmethods="3"/>
      <line num="2" count="1" type="stmt"/>
      <line num="8" count="1" type="stmt"/>
      <line num="12" count="236" type="cond" truecount="2" falsecount="0"/>
      <line num="13" count="136" type="stmt"/>
      <line num="15" count="100" type="cond" truecount="6" falsecount="0"/>
      <line num="17" count="71" type="stmt"/>
      <line num="19" count="2" type="stmt"/>
      <line num="21" count="4" type="stmt"/>
      <line num="23" count="4" type="stmt"/>
      <line num="25" count="22" type="stmt"/>
      <line num="29" count="1" type="stmt"/>
      <line num="30" count="1" type="stmt"/>
      <line num="31" count="1" type="stmt"/>
    </file>
    <file name="getNextStepId.ts" path="/Users/jr/Development/hustle-app/fleet-command/hussle-app-dispatch-ui/src/features/carrier-portal-v2/engine/getNextStepId.ts">
      <metrics statements="7" coveredstatements="7" conditionals="6" coveredconditionals="5" methods="2" coveredmethods="2"/>
      <line num="2" count="1" type="stmt"/>
      <line num="6" count="1" type="stmt"/>
      <line num="11" count="4" type="stmt"/>
      <line num="12" count="11" type="stmt"/>
      <line num="13" count="4" type="cond" truecount="4" falsecount="0"/>
      <line num="14" count="2" type="stmt"/>
      <line num="16" count="2" type="cond" truecount="1" falsecount="1"/>
    </file>
    <file name="getPrevStepId.ts" path="/Users/jr/Development/hustle-app/fleet-command/hussle-app-dispatch-ui/src/features/carrier-portal-v2/engine/getPrevStepId.ts">
      <metrics statements="7" coveredstatements="7" conditionals="4" coveredconditionals="3" methods="2" coveredmethods="2"/>
      <line num="2" count="1" type="stmt"/>
      <line num="6" count="1" type="stmt"/>
      <line num="11" count="4" type="stmt"/>
      <line num="12" count="13" type="stmt"/>
      <line num="13" count="4" type="cond" truecount="2" falsecount="0"/>
      <line num="14" count="2" type="stmt"/>
      <line num="16" count="2" type="cond" truecount="1" falsecount="1"/>
    </file>
    <file name="getVisibleSteps.ts" path="/Users/jr/Development/hustle-app/fleet-command/hussle-app-dispatch-ui/src/features/carrier-portal-v2/engine/getVisibleSteps.ts">
      <metrics statements="18" coveredstatements="18" conditionals="6" coveredconditionals="6" methods="6" coveredmethods="6"/>
      <line num="2" count="1" type="stmt"/>
      <line num="11" count="1" type="stmt"/>
      <line num="12" count="19" type="stmt"/>
      <line num="13" count="19" type="stmt"/>
      <line num="14" count="76" type="cond" truecount="2" falsecount="0"/>
      <line num="15" count="1" type="stmt"/>
      <line num="17" count="75" type="stmt"/>
      <line num="18" count="113" type="cond" truecount="2" falsecount="0"/>
      <line num="19" count="34" type="stmt"/>
      <line num="21" count="79" type="stmt"/>
      <line num="24" count="19" type="stmt"/>
      <line num="28" count="1" type="stmt"/>
      <line num="29" count="7" type="stmt"/>
      <line num="30" count="32" type="stmt"/>
      <line num="31" count="18" type="cond" truecount="2" falsecount="0"/>
      <line num="33" count="1" type="stmt"/>
      <line num="37" count="1" type="stmt"/>
      <line num="38" count="10" type="stmt"/>
    </file>
    <file name="resolveContext.ts" path="/Users/jr/Development/hustle-app/fleet-command/hussle-app-dispatch-ui/src/features/carrier-portal-v2/engine/resolveContext.ts">
      <metrics statements="27" coveredstatements="25" conditionals="22" coveredconditionals="21" methods="4" coveredmethods="4"/>
      <line num="13" count="1" type="stmt"/>
      <line num="16" count="1" type="stmt"/>
      <line num="17" count="82" type="stmt"/>
      <line num="19" count="1" type="stmt"/>
      <line num="20" count="81" type="cond" truecount="5" falsecount="1"/>
      <line num="22" count="55" type="stmt"/>
      <line num="24" count="2" type="cond" truecount="2" falsecount="0"/>
      <line num="26" count="1" type="stmt"/>
      <line num="28" count="2" type="cond" truecount="2" falsecount="0"/>
      <line num="30" count="21" type="stmt"/>
      <line num="33" count="0" type="stmt"/>
      <line num="34" count="0" type="stmt"/>
      <line num="39" count="1" type="stmt"/>
      <line num="40" count="136" type="cond" truecount="2" falsecount="0"/>
      <line num="42" count="1" type="stmt"/>
      <line num="43" count="84" type="cond" truecount="4" falsecount="0"/>
      <line num="44" count="2" type="stmt"/>
      <line num="46" count="82" type="stmt"/>
      <line num="47" count="82" type="stmt"/>
      <line num="48" count="82" type="cond" truecount="4" falsecount="0"/>
      <line num="49" count="1" type="stmt"/>
      <line num="51" count="81" type="stmt"/>
      <line num="52" count="81" type="stmt"/>
      <line num="53" count="136" type="cond" truecount="2" falsecount="0"/>
      <line num="54" count="33" type="stmt"/>
      <line num="56" count="103" type="stmt"/>
      <line num="58" count="48" type="stmt"/>
    </file>
    <file name="types.ts" path="/Users/jr/Development/hustle-app/fleet-command/hussle-app-dispatch-ui/src/features/carrier-portal-v2/engine/types.ts">
      <metrics statements="1" coveredstatements="1" conditionals="0" coveredconditionals="0" methods="0" coveredmethods="0"/>
      <line num="190" count="1" type="stmt"/>
    </file>
  </project>
</coverage>
