{"/Users/jr/Development/hustle-app/fleet-command/hussle-app-dispatch-ui/src/features/carrier-portal-v2/engine/computeInvalidations.ts": {"path":"/Users/jr/Development/hustle-app/fleet-command/hussle-app-dispatch-ui/src/features/carrier-portal-v2/engine/computeInvalidations.ts","statementMap":{"0":{"start":{"line":2,"column":0},"end":{"line":2,"column":39}},"1":{"start":{"line":3,"column":0},"end":{"line":3,"column":56}},"2":{"start":{"line":4,"column":0},"end":{"line":4,"column":46}},"3":{"start":{"line":5,"column":0},"end":{"line":5,"column":62}},"4":{"start":{"line":16,"column":36},"end":{"line":60,"column":1}},"5":{"start":{"line":23,"column":19},"end":{"line":23,"column":57}},"6":{"start":{"line":24,"column":2},"end":{"line":38,"column":3}},"7":{"start":{"line":25,"column":21},"end":{"line":25,"column":57}},"8":{"start":{"line":26,"column":31},"end":{"line":26,"column":33}},"9":{"start":{"line":27,"column":4},"end":{"line":34,"column":5}},"10":{"start":{"line":28,"column":22},"end":{"line":28,"column":78}},"11":{"start":{"line":29,"column":6},"end":{"line":29,"column":75}},"12":{"start":{"line":29,"column":66},"end":{"line":29,"column":75}},"13":{"start":{"line":30,"column":28},"end":{"line":30,"column":76}},"14":{"start":{"line":31,"column":6},"end":{"line":33,"column":7}},"15":{"start":{"line":32,"column":8},"end":{"line":32,"column":31}},"16":{"start":{"line":35,"column":4},"end":{"line":37,"column":5}},"17":{"start":{"line":36,"column":6},"end":{"line":36,"column":60}},"18":{"start":{"line":40,"column":32},"end":{"line":49,"column":4}},"19":{"start":{"line":51,"column":21},"end":{"line":51,"column":84}},"20":{"start":{"line":51,"column":78},"end":{"line":51,"column":82}},"21":{"start":{"line":52,"column":32},"end":{"line":52,"column":34}},"22":{"start":{"line":53,"column":2},"end":{"line":58,"column":3}},"23":{"start":{"line":54,"column":4},"end":{"line":54,"column":48}},"24":{"start":{"line":54,"column":39},"end":{"line":54,"column":48}},"25":{"start":{"line":55,"column":4},"end":{"line":57,"column":5}},"26":{"start":{"line":56,"column":6},"end":{"line":56,"column":36}},"27":{"start":{"line":59,"column":2},"end":{"line":59,"column":21}},"28":{"start":{"line":16,"column":13},"end":{"line":16,"column":36}},"29":{"start":{"line":62,"column":22},"end":{"line":71,"column":1}},"30":{"start":{"line":63,"column":15},"end":{"line":63,"column":39}},"31":{"start":{"line":64,"column":2},"end":{"line":64,"column":26}},"32":{"start":{"line":64,"column":13},"end":{"line":64,"column":26}},"33":{"start":{"line":68,"column":2},"end":{"line":68,"column":49}},"34":{"start":{"line":68,"column":37},"end":{"line":68,"column":49}},"35":{"start":{"line":69,"column":16},"end":{"line":69,"column":79}},"36":{"start":{"line":69,"column":42},"end":{"line":69,"column":78}},"37":{"start":{"line":69,"column":62},"end":{"line":69,"column":77}},"38":{"start":{"line":70,"column":2},"end":{"line":70,"column":33}},"39":{"start":{"line":75,"column":29},"end":{"line":82,"column":1}},"40":{"start":{"line":76,"column":16},"end":{"line":76,"column":79}},"41":{"start":{"line":76,"column":42},"end":{"line":76,"column":78}},"42":{"start":{"line":76,"column":62},"end":{"line":76,"column":77}},"43":{"start":{"line":77,"column":2},"end":{"line":77,"column":27}},"44":{"start":{"line":77,"column":14},"end":{"line":77,"column":27}},"45":{"start":{"line":78,"column":2},"end":{"line":78,"column":66}},"46":{"start":{"line":78,"column":53},"end":{"line":78,"column":66}},"47":{"start":{"line":79,"column":15},"end":{"line":79,"column":55}},"48":{"start":{"line":79,"column":39},"end":{"line":79,"column":54}},"49":{"start":{"line":80,"column":2},"end":{"line":80,"column":26}},"50":{"start":{"line":80,"column":13},"end":{"line":80,"column":26}},"51":{"start":{"line":81,"column":2},"end":{"line":81,"column":53}},"52":{"start":{"line":75,"column":13},"end":{"line":75,"column":29}}},"fnMap":{"0":{"name":"(anonymous_0)","decl":{"start":{"line":16,"column":36},"end":{"line":16,"column":null}},"loc":{"start":{"line":21,"column":14},"end":{"line":60,"column":1}}},"1":{"name":"(anonymous_1)","decl":{"start":{"line":51,"column":71},"end":{"line":51,"column":72}},"loc":{"start":{"line":51,"column":78},"end":{"line":51,"column":82}}},"2":{"name":"(anonymous_2)","decl":{"start":{"line":62,"column":22},"end":{"line":62,"column":23}},"loc":{"start":{"line":62,"column":66},"end":{"line":71,"column":1}}},"3":{"name":"(anonymous_3)","decl":{"start":{"line":69,"column":35},"end":{"line":69,"column":36}},"loc":{"start":{"line":69,"column":42},"end":{"line":69,"column":78}}},"4":{"name":"(anonymous_4)","decl":{"start":{"line":69,"column":55},"end":{"line":69,"column":56}},"loc":{"start":{"line":69,"column":62},"end":{"line":69,"column":77}}},"5":{"name":"(anonymous_5)","decl":{"start":{"line":75,"column":29},"end":{"line":75,"column":30}},"loc":{"start":{"line":75,"column":91},"end":{"line":82,"column":1}}},"6":{"name":"(anonymous_6)","decl":{"start":{"line":76,"column":35},"end":{"line":76,"column":36}},"loc":{"start":{"line":76,"column":42},"end":{"line":76,"column":78}}},"7":{"name":"(anonymous_7)","decl":{"start":{"line":76,"column":55},"end":{"line":76,"column":56}},"loc":{"start":{"line":76,"column":62},"end":{"line":76,"column":77}}},"8":{"name":"(anonymous_8)","decl":{"start":{"line":79,"column":32},"end":{"line":79,"column":33}},"loc":{"start":{"line":79,"column":39},"end":{"line":79,"column":54}}}},"branchMap":{"0":{"loc":{"start":{"line":24,"column":2},"end":{"line":38,"column":3}},"type":"if","locations":[{"start":{"line":24,"column":2},"end":{"line":38,"column":3}},{"start":{},"end":{}}]},"1":{"loc":{"start":{"line":24,"column":6},"end":{"line":24,"column":54}},"type":"binary-expr","locations":[{"start":{"line":24,"column":6},"end":{"line":24,"column":14}},{"start":{"line":24,"column":18},"end":{"line":24,"column":54}}]},"2":{"loc":{"start":{"line":25,"column":21},"end":{"line":25,"column":57}},"type":"binary-expr","locations":[{"start":{"line":25,"column":21},"end":{"line":25,"column":51}},{"start":{"line":25,"column":55},"end":{"line":25,"column":57}}]},"3":{"loc":{"start":{"line":29,"column":6},"end":{"line":29,"column":75}},"type":"if","locations":[{"start":{"line":29,"column":6},"end":{"line":29,"column":75}},{"start":{},"end":{}}]},"4":{"loc":{"start":{"line":31,"column":6},"end":{"line":33,"column":7}},"type":"if","locations":[{"start":{"line":31,"column":6},"end":{"line":33,"column":7}},{"start":{},"end":{}}]},"5":{"loc":{"start":{"line":35,"column":4},"end":{"line":37,"column":5}},"type":"if","locations":[{"start":{"line":35,"column":4},"end":{"line":37,"column":5}},{"start":{},"end":{}}]},"6":{"loc":{"start":{"line":45,"column":12},"end":{"line":45,"column":48}},"type":"binary-expr","locations":[{"start":{"line":45,"column":12},"end":{"line":45,"column":42}},{"start":{"line":45,"column":46},"end":{"line":45,"column":48}}]},"7":{"loc":{"start":{"line":54,"column":4},"end":{"line":54,"column":48}},"type":"if","locations":[{"start":{"line":54,"column":4},"end":{"line":54,"column":48}},{"start":{},"end":{}}]},"8":{"loc":{"start":{"line":55,"column":4},"end":{"line":57,"column":5}},"type":"if","locations":[{"start":{"line":55,"column":4},"end":{"line":57,"column":5}},{"start":{},"end":{}}]},"9":{"loc":{"start":{"line":64,"column":2},"end":{"line":64,"column":26}},"type":"if","locations":[{"start":{"line":64,"column":2},"end":{"line":64,"column":26}},{"start":{},"end":{}}]},"10":{"loc":{"start":{"line":68,"column":2},"end":{"line":68,"column":49}},"type":"if","locations":[{"start":{"line":68,"column":2},"end":{"line":68,"column":49}},{"start":{},"end":{}}]},"11":{"loc":{"start":{"line":77,"column":2},"end":{"line":77,"column":27}},"type":"if","locations":[{"start":{"line":77,"column":2},"end":{"line":77,"column":27}},{"start":{},"end":{}}]},"12":{"loc":{"start":{"line":78,"column":2},"end":{"line":78,"column":66}},"type":"if","locations":[{"start":{"line":78,"column":2},"end":{"line":78,"column":66}},{"start":{},"end":{}}]},"13":{"loc":{"start":{"line":80,"column":2},"end":{"line":80,"column":26}},"type":"if","locations":[{"start":{"line":80,"column":2},"end":{"line":80,"column":26}},{"start":{},"end":{}}]}},"s":{"0":1,"1":1,"2":1,"3":1,"4":1,"5":9,"6":9,"7":4,"8":4,"9":4,"10":5,"11":5,"12":1,"13":4,"14":4,"15":3,"16":4,"17":2,"18":7,"19":7,"20":28,"21":7,"22":7,"23":6,"24":3,"25":3,"26":2,"27":7,"28":1,"29":1,"30":5,"31":5,"32":0,"33":5,"34":4,"35":1,"36":3,"37":5,"38":1,"39":1,"40":4,"41":11,"42":16,"43":4,"44":1,"45":3,"46":1,"47":2,"48":3,"49":2,"50":0,"51":2,"52":1},"f":{"0":9,"1":28,"2":5,"3":3,"4":5,"5":4,"6":11,"7":16,"8":3},"b":{"0":[4,5],"1":[9,5],"2":[4,0],"3":[1,4],"4":[3,1],"5":[2,2],"6":[7,1],"7":[3,3],"8":[2,1],"9":[0,5],"10":[4,1],"11":[1,3],"12":[1,2],"13":[0,2]}}
,"/Users/jr/Development/hustle-app/fleet-command/hussle-app-dispatch-ui/src/features/carrier-portal-v2/engine/errors.ts": {"path":"/Users/jr/Development/hustle-app/fleet-command/hussle-app-dispatch-ui/src/features/carrier-portal-v2/engine/errors.ts","statementMap":{"0":{"start":{"line":8,"column":4},"end":{"line":10,"column":6}},"1":{"start":{"line":11,"column":4},"end":{"line":11,"column":37}},"2":{"start":{"line":12,"column":4},"end":{"line":12,"column":25}},"3":{"start":{"line":13,"column":4},"end":{"line":13,"column":37}},"4":{"start":{"line":14,"column":4},"end":{"line":14,"column":62}},"5":{"start":{"line":3,"column":0},"end":{"line":3,"column":13}}},"fnMap":{"0":{"name":"(anonymous_0)","decl":{"start":{"line":7,"column":2},"end":{"line":7,"column":14}},"loc":{"start":{"line":7,"column":52},"end":{"line":15,"column":3}}}},"branchMap":{},"s":{"0":2,"1":2,"2":2,"3":2,"4":2,"5":1},"f":{"0":2},"b":{}}
,"/Users/jr/Development/hustle-app/fleet-command/hussle-app-dispatch-ui/src/features/carrier-portal-v2/engine/evaluatePredicate.ts": {"path":"/Users/jr/Development/hustle-app/fleet-command/hussle-app-dispatch-ui/src/features/carrier-portal-v2/engine/evaluatePredicate.ts","statementMap":{"0":{"start":{"line":2,"column":0},"end":{"line":2,"column":50}},"1":{"start":{"line":8,"column":33},"end":{"line":34,"column":1}},"2":{"start":{"line":12,"column":2},"end":{"line":14,"column":3}},"3":{"start":{"line":13,"column":4},"end":{"line":13,"column":16}},"4":{"start":{"line":15,"column":2},"end":{"line":33,"column":3}},"5":{"start":{"line":17,"column":6},"end":{"line":17,"column":74}},"6":{"start":{"line":19,"column":6},"end":{"line":19,"column":81}},"7":{"start":{"line":21,"column":6},"end":{"line":21,"column":75}},"8":{"start":{"line":21,"column":44},"end":{"line":21,"column":73}},"9":{"start":{"line":23,"column":6},"end":{"line":23,"column":74}},"10":{"start":{"line":23,"column":43},"end":{"line":23,"column":72}},"11":{"start":{"line":25,"column":6},"end":{"line":25,"column":59}},"12":{"start":{"line":29,"column":29},"end":{"line":29,"column":38}},"13":{"start":{"line":30,"column":6},"end":{"line":30,"column":19}},"14":{"start":{"line":31,"column":6},"end":{"line":31,"column":18}},"15":{"start":{"line":8,"column":13},"end":{"line":8,"column":33}}},"fnMap":{"0":{"name":"(anonymous_0)","decl":{"start":{"line":8,"column":33},"end":{"line":8,"column":null}},"loc":{"start":{"line":11,"column":13},"end":{"line":34,"column":1}}},"1":{"name":"(anonymous_1)","decl":{"start":{"line":21,"column":37},"end":{"line":21,"column":38}},"loc":{"start":{"line":21,"column":44},"end":{"line":21,"column":73}}},"2":{"name":"(anonymous_2)","decl":{"start":{"line":23,"column":36},"end":{"line":23,"column":37}},"loc":{"start":{"line":23,"column":43},"end":{"line":23,"column":72}}}},"branchMap":{"0":{"loc":{"start":{"line":12,"column":2},"end":{"line":14,"column":3}},"type":"if","locations":[{"start":{"line":12,"column":2},"end":{"line":14,"column":3}},{"start":{},"end":{}}]},"1":{"loc":{"start":{"line":15,"column":2},"end":{"line":33,"column":3}},"type":"switch","locations":[{"start":{"line":16,"column":4},"end":{"line":17,"column":74}},{"start":{"line":18,"column":4},"end":{"line":19,"column":81}},{"start":{"line":20,"column":4},"end":{"line":21,"column":75}},{"start":{"line":22,"column":4},"end":{"line":23,"column":74}},{"start":{"line":24,"column":4},"end":{"line":25,"column":59}},{"start":{"line":26,"column":4},"end":{"line":32,"column":5}}]}},"s":{"0":1,"1":1,"2":236,"3":136,"4":100,"5":71,"6":2,"7":2,"8":4,"9":2,"10":4,"11":22,"12":1,"13":1,"14":1,"15":1},"f":{"0":236,"1":4,"2":4},"b":{"0":[136,100],"1":[71,2,2,2,22,1]}}
,"/Users/jr/Development/hustle-app/fleet-command/hussle-app-dispatch-ui/src/features/carrier-portal-v2/engine/getNextStepId.ts": {"path":"/Users/jr/Development/hustle-app/fleet-command/hussle-app-dispatch-ui/src/features/carrier-portal-v2/engine/getNextStepId.ts","statementMap":{"0":{"start":{"line":2,"column":0},"end":{"line":2,"column":52}},"1":{"start":{"line":6,"column":29},"end":{"line":17,"column":1}},"2":{"start":{"line":11,"column":18},"end":{"line":11,"column":50}},"3":{"start":{"line":12,"column":14},"end":{"line":12,"column":62}},"4":{"start":{"line":12,"column":39},"end":{"line":12,"column":61}},"5":{"start":{"line":13,"column":2},"end":{"line":15,"column":3}},"6":{"start":{"line":14,"column":4},"end":{"line":14,"column":16}},"7":{"start":{"line":16,"column":2},"end":{"line":16,"column":38}},"8":{"start":{"line":6,"column":13},"end":{"line":6,"column":29}}},"fnMap":{"0":{"name":"(anonymous_0)","decl":{"start":{"line":6,"column":29},"end":{"line":6,"column":null}},"loc":{"start":{"line":10,"column":19},"end":{"line":17,"column":1}}},"1":{"name":"(anonymous_1)","decl":{"start":{"line":12,"column":32},"end":{"line":12,"column":33}},"loc":{"start":{"line":12,"column":39},"end":{"line":12,"column":61}}}},"branchMap":{"0":{"loc":{"start":{"line":13,"column":2},"end":{"line":15,"column":3}},"type":"if","locations":[{"start":{"line":13,"column":2},"end":{"line":15,"column":3}},{"start":{},"end":{}}]},"1":{"loc":{"start":{"line":13,"column":6},"end":{"line":13,"column":43}},"type":"binary-expr","locations":[{"start":{"line":13,"column":6},"end":{"line":13,"column":13}},{"start":{"line":13,"column":17},"end":{"line":13,"column":43}}]},"2":{"loc":{"start":{"line":16,"column":9},"end":{"line":16,"column":37}},"type":"binary-expr","locations":[{"start":{"line":16,"column":9},"end":{"line":16,"column":29}},{"start":{"line":16,"column":33},"end":{"line":16,"column":37}}]}},"s":{"0":1,"1":1,"2":4,"3":4,"4":11,"5":4,"6":2,"7":2,"8":1},"f":{"0":4,"1":11},"b":{"0":[2,2],"1":[4,3],"2":[2,0]}}
,"/Users/jr/Development/hustle-app/fleet-command/hussle-app-dispatch-ui/src/features/carrier-portal-v2/engine/getPrevStepId.ts": {"path":"/Users/jr/Development/hustle-app/fleet-command/hussle-app-dispatch-ui/src/features/carrier-portal-v2/engine/getPrevStepId.ts","statementMap":{"0":{"start":{"line":2,"column":0},"end":{"line":2,"column":52}},"1":{"start":{"line":6,"column":29},"end":{"line":17,"column":1}},"2":{"start":{"line":11,"column":18},"end":{"line":11,"column":50}},"3":{"start":{"line":12,"column":14},"end":{"line":12,"column":62}},"4":{"start":{"line":12,"column":39},"end":{"line":12,"column":61}},"5":{"start":{"line":13,"column":2},"end":{"line":15,"column":3}},"6":{"start":{"line":14,"column":4},"end":{"line":14,"column":16}},"7":{"start":{"line":16,"column":2},"end":{"line":16,"column":38}},"8":{"start":{"line":6,"column":13},"end":{"line":6,"column":29}}},"fnMap":{"0":{"name":"(anonymous_0)","decl":{"start":{"line":6,"column":29},"end":{"line":6,"column":null}},"loc":{"start":{"line":10,"column":19},"end":{"line":17,"column":1}}},"1":{"name":"(anonymous_1)","decl":{"start":{"line":12,"column":32},"end":{"line":12,"column":33}},"loc":{"start":{"line":12,"column":39},"end":{"line":12,"column":61}}}},"branchMap":{"0":{"loc":{"start":{"line":13,"column":2},"end":{"line":15,"column":3}},"type":"if","locations":[{"start":{"line":13,"column":2},"end":{"line":15,"column":3}},{"start":{},"end":{}}]},"1":{"loc":{"start":{"line":16,"column":9},"end":{"line":16,"column":37}},"type":"binary-expr","locations":[{"start":{"line":16,"column":9},"end":{"line":16,"column":29}},{"start":{"line":16,"column":33},"end":{"line":16,"column":37}}]}},"s":{"0":1,"1":1,"2":4,"3":4,"4":13,"5":4,"6":2,"7":2,"8":1},"f":{"0":4,"1":13},"b":{"0":[2,2],"1":[2,0]}}
,"/Users/jr/Development/hustle-app/fleet-command/hussle-app-dispatch-ui/src/features/carrier-portal-v2/engine/getVisibleSteps.ts": {"path":"/Users/jr/Development/hustle-app/fleet-command/hussle-app-dispatch-ui/src/features/carrier-portal-v2/engine/getVisibleSteps.ts","statementMap":{"0":{"start":{"line":2,"column":0},"end":{"line":2,"column":56}},"1":{"start":{"line":11,"column":31},"end":{"line":25,"column":1}},"2":{"start":{"line":12,"column":32},"end":{"line":12,"column":34}},"3":{"start":{"line":13,"column":2},"end":{"line":23,"column":3}},"4":{"start":{"line":14,"column":4},"end":{"line":16,"column":5}},"5":{"start":{"line":15,"column":6},"end":{"line":15,"column":15}},"6":{"start":{"line":17,"column":4},"end":{"line":22,"column":5}},"7":{"start":{"line":18,"column":6},"end":{"line":20,"column":7}},"8":{"start":{"line":19,"column":8},"end":{"line":19,"column":17}},"9":{"start":{"line":21,"column":6},"end":{"line":21,"column":75}},"10":{"start":{"line":24,"column":2},"end":{"line":24,"column":16}},"11":{"start":{"line":11,"column":13},"end":{"line":11,"column":31}},"12":{"start":{"line":28,"column":24},"end":{"line":34,"column":1}},"13":{"start":{"line":29,"column":2},"end":{"line":32,"column":3}},"14":{"start":{"line":30,"column":18},"end":{"line":30,"column":58}},"15":{"start":{"line":30,"column":42},"end":{"line":30,"column":57}},"16":{"start":{"line":31,"column":4},"end":{"line":31,"column":28}},"17":{"start":{"line":31,"column":15},"end":{"line":31,"column":28}},"18":{"start":{"line":33,"column":2},"end":{"line":33,"column":19}},"19":{"start":{"line":28,"column":13},"end":{"line":28,"column":24}},"20":{"start":{"line":37,"column":31},"end":{"line":38,"column":65}},"21":{"start":{"line":38,"column":2},"end":{"line":38,"column":65}},"22":{"start":{"line":38,"column":28},"end":{"line":38,"column":64}},"23":{"start":{"line":38,"column":48},"end":{"line":38,"column":63}},"24":{"start":{"line":37,"column":13},"end":{"line":37,"column":31}}},"fnMap":{"0":{"name":"(anonymous_0)","decl":{"start":{"line":11,"column":31},"end":{"line":11,"column":32}},"loc":{"start":{"line":11,"column":83},"end":{"line":25,"column":1}}},"1":{"name":"(anonymous_1)","decl":{"start":{"line":28,"column":24},"end":{"line":28,"column":25}},"loc":{"start":{"line":28,"column":77},"end":{"line":34,"column":1}}},"2":{"name":"(anonymous_2)","decl":{"start":{"line":30,"column":35},"end":{"line":30,"column":36}},"loc":{"start":{"line":30,"column":42},"end":{"line":30,"column":57}}},"3":{"name":"(anonymous_3)","decl":{"start":{"line":37,"column":31},"end":{"line":37,"column":32}},"loc":{"start":{"line":38,"column":2},"end":{"line":38,"column":65}}},"4":{"name":"(anonymous_4)","decl":{"start":{"line":38,"column":21},"end":{"line":38,"column":22}},"loc":{"start":{"line":38,"column":28},"end":{"line":38,"column":64}}},"5":{"name":"(anonymous_5)","decl":{"start":{"line":38,"column":41},"end":{"line":38,"column":42}},"loc":{"start":{"line":38,"column":48},"end":{"line":38,"column":63}}}},"branchMap":{"0":{"loc":{"start":{"line":14,"column":4},"end":{"line":16,"column":5}},"type":"if","locations":[{"start":{"line":14,"column":4},"end":{"line":16,"column":5}},{"start":{},"end":{}}]},"1":{"loc":{"start":{"line":18,"column":6},"end":{"line":20,"column":7}},"type":"if","locations":[{"start":{"line":18,"column":6},"end":{"line":20,"column":7}},{"start":{},"end":{}}]},"2":{"loc":{"start":{"line":31,"column":4},"end":{"line":31,"column":28}},"type":"if","locations":[{"start":{"line":31,"column":4},"end":{"line":31,"column":28}},{"start":{},"end":{}}]}},"s":{"0":1,"1":1,"2":19,"3":19,"4":76,"5":1,"6":75,"7":113,"8":34,"9":79,"10":19,"11":1,"12":1,"13":7,"14":18,"15":32,"16":18,"17":6,"18":1,"19":1,"20":1,"21":2,"22":6,"23":10,"24":1},"f":{"0":19,"1":7,"2":32,"3":2,"4":6,"5":10},"b":{"0":[1,75],"1":[34,79],"2":[6,12]}}
,"/Users/jr/Development/hustle-app/fleet-command/hussle-app-dispatch-ui/src/features/carrier-portal-v2/engine/resolveContext.ts": {"path":"/Users/jr/Development/hustle-app/fleet-command/hussle-app-dispatch-ui/src/features/carrier-portal-v2/engine/resolveContext.ts","statementMap":{"0":{"start":{"line":13,"column":22},"end":{"line":13,"column":89}},"1":{"start":{"line":16,"column":22},"end":{"line":17,"column":54}},"2":{"start":{"line":17,"column":3},"end":{"line":17,"column":54}},"3":{"start":{"line":19,"column":17},"end":{"line":37,"column":1}},"4":{"start":{"line":20,"column":2},"end":{"line":36,"column":3}},"5":{"start":{"line":22,"column":6},"end":{"line":22,"column":29}},"6":{"start":{"line":24,"column":6},"end":{"line":24,"column":41}},"7":{"start":{"line":26,"column":6},"end":{"line":26,"column":32}},"8":{"start":{"line":28,"column":6},"end":{"line":28,"column":39}},"9":{"start":{"line":30,"column":6},"end":{"line":30,"column":21}},"10":{"start":{"line":33,"column":29},"end":{"line":33,"column":33}},"11":{"start":{"line":34,"column":6},"end":{"line":34,"column":68}},"12":{"start":{"line":39,"column":20},"end":{"line":40,"column":45}},"13":{"start":{"line":40,"column":2},"end":{"line":40,"column":45}},"14":{"start":{"line":42,"column":30},"end":{"line":59,"column":1}},"15":{"start":{"line":43,"column":2},"end":{"line":45,"column":3}},"16":{"start":{"line":44,"column":4},"end":{"line":44,"column":21}},"17":{"start":{"line":46,"column":19},"end":{"line":46,"column":37}},"18":{"start":{"line":47,"column":26},"end":{"line":47,"column":34}},"19":{"start":{"line":48,"column":2},"end":{"line":50,"column":3}},"20":{"start":{"line":49,"column":4},"end":{"line":49,"column":21}},"21":{"start":{"line":51,"column":25},"end":{"line":51,"column":48}},"22":{"start":{"line":52,"column":2},"end":{"line":57,"column":3}},"23":{"start":{"line":53,"column":4},"end":{"line":55,"column":5}},"24":{"start":{"line":54,"column":6},"end":{"line":54,"column":23}},"25":{"start":{"line":56,"column":4},"end":{"line":56,"column":27}},"26":{"start":{"line":58,"column":2},"end":{"line":58,"column":17}},"27":{"start":{"line":42,"column":13},"end":{"line":42,"column":30}}},"fnMap":{"0":{"name":"(anonymous_0)","decl":{"start":{"line":16,"column":22},"end":{"line":16,"column":23}},"loc":{"start":{"line":17,"column":3},"end":{"line":17,"column":54}}},"1":{"name":"(anonymous_1)","decl":{"start":{"line":19,"column":17},"end":{"line":19,"column":18}},"loc":{"start":{"line":19,"column":66},"end":{"line":37,"column":1}}},"2":{"name":"(anonymous_2)","decl":{"start":{"line":39,"column":20},"end":{"line":39,"column":21}},"loc":{"start":{"line":40,"column":2},"end":{"line":40,"column":45}}},"3":{"name":"(anonymous_3)","decl":{"start":{"line":42,"column":30},"end":{"line":42,"column":31}},"loc":{"start":{"line":42,"column":77},"end":{"line":59,"column":1}}}},"branchMap":{"0":{"loc":{"start":{"line":20,"column":2},"end":{"line":36,"column":3}},"type":"switch","locations":[{"start":{"line":21,"column":4},"end":{"line":22,"column":29}},{"start":{"line":23,"column":4},"end":{"line":24,"column":41}},{"start":{"line":25,"column":4},"end":{"line":26,"column":32}},{"start":{"line":27,"column":4},"end":{"line":28,"column":39}},{"start":{"line":29,"column":4},"end":{"line":30,"column":21}},{"start":{"line":31,"column":4},"end":{"line":35,"column":5}}]},"1":{"loc":{"start":{"line":24,"column":13},"end":{"line":24,"column":40}},"type":"binary-expr","locations":[{"start":{"line":24,"column":13},"end":{"line":24,"column":34}},{"start":{"line":24,"column":38},"end":{"line":24,"column":40}}]},"2":{"loc":{"start":{"line":28,"column":13},"end":{"line":28,"column":38}},"type":"binary-expr","locations":[{"start":{"line":28,"column":13},"end":{"line":28,"column":30}},{"start":{"line":28,"column":34},"end":{"line":28,"column":38}}]},"3":{"loc":{"start":{"line":40,"column":2},"end":{"line":40,"column":45}},"type":"binary-expr","locations":[{"start":{"line":40,"column":2},"end":{"line":40,"column":27}},{"start":{"line":40,"column":31},"end":{"line":40,"column":45}}]},"4":{"loc":{"start":{"line":43,"column":2},"end":{"line":45,"column":3}},"type":"if","locations":[{"start":{"line":43,"column":2},"end":{"line":45,"column":3}},{"start":{},"end":{}}]},"5":{"loc":{"start":{"line":43,"column":6},"end":{"line":43,"column":57}},"type":"binary-expr","locations":[{"start":{"line":43,"column":6},"end":{"line":43,"column":33}},{"start":{"line":43,"column":37},"end":{"line":43,"column":57}}]},"6":{"loc":{"start":{"line":48,"column":2},"end":{"line":50,"column":3}},"type":"if","locations":[{"start":{"line":48,"column":2},"end":{"line":50,"column":3}},{"start":{},"end":{}}]},"7":{"loc":{"start":{"line":48,"column":6},"end":{"line":48,"column":48}},"type":"binary-expr","locations":[{"start":{"line":48,"column":6},"end":{"line":48,"column":24}},{"start":{"line":48,"column":28},"end":{"line":48,"column":48}}]},"8":{"loc":{"start":{"line":53,"column":4},"end":{"line":55,"column":5}},"type":"if","locations":[{"start":{"line":53,"column":4},"end":{"line":55,"column":5}},{"start":{},"end":{}}]}},"s":{"0":1,"1":1,"2":82,"3":1,"4":81,"5":55,"6":2,"7":1,"8":2,"9":21,"10":0,"11":0,"12":1,"13":136,"14":1,"15":84,"16":2,"17":82,"18":82,"19":82,"20":1,"21":81,"22":81,"23":136,"24":33,"25":103,"26":48,"27":1},"f":{"0":82,"1":81,"2":136,"3":84},"b":{"0":[55,2,1,2,21,0],"1":[2,1],"2":[2,1],"3":[136,104],"4":[2,82],"5":[84,83],"6":[1,81],"7":[82,82],"8":[33,103]}}
,"/Users/jr/Development/hustle-app/fleet-command/hussle-app-dispatch-ui/src/features/carrier-portal-v2/engine/types.ts": {"path":"/Users/jr/Development/hustle-app/fleet-command/hussle-app-dispatch-ui/src/features/carrier-portal-v2/engine/types.ts","statementMap":{"0":{"start":{"line":190,"column":13},"end":{"line":199,"column":11}}},"fnMap":{},"branchMap":{},"s":{"0":1},"f":{},"b":{}}
}
