TN:
SF:src/features/carrier-portal-v2/engine/computeInvalidations.ts
FN:16,(anonymous_0)
FN:51,(anonymous_1)
FN:62,(anonymous_2)
FN:69,(anonymous_3)
FN:69,(anonymous_4)
FN:75,(anonymous_5)
FN:76,(anonymous_6)
FN:76,(anonymous_7)
FN:79,(anonymous_8)
FNF:9
FNH:9
FNDA:9,(anonymous_0)
FNDA:28,(anonymous_1)
FNDA:5,(anonymous_2)
FNDA:3,(anonymous_3)
FNDA:5,(anonymous_4)
FNDA:4,(anonymous_5)
FNDA:11,(anonymous_6)
FNDA:16,(anonymous_7)
FNDA:3,(anonymous_8)
DA:2,1
DA:3,1
DA:4,1
DA:5,1
DA:16,1
DA:23,9
DA:24,9
DA:25,4
DA:26,4
DA:27,4
DA:28,5
DA:29,5
DA:30,4
DA:31,4
DA:32,3
DA:35,4
DA:36,2
DA:40,7
DA:51,28
DA:52,7
DA:53,7
DA:54,6
DA:55,3
DA:56,2
DA:59,7
DA:62,1
DA:63,5
DA:64,5
DA:68,5
DA:69,5
DA:70,1
DA:75,1
DA:76,16
DA:77,4
DA:78,3
DA:79,3
DA:80,2
DA:81,2
LF:38
LH:38
BRDA:24,0,0,4
BRDA:24,0,1,5
BRDA:24,1,0,9
BRDA:24,1,1,5
BRDA:25,2,0,4
BRDA:25,2,1,0
BRDA:29,3,0,1
BRDA:29,3,1,4
BRDA:31,4,0,3
BRDA:31,4,1,1
BRDA:35,5,0,2
BRDA:35,5,1,2
BRDA:45,6,0,7
BRDA:45,6,1,1
BRDA:54,7,0,3
BRDA:54,7,1,3
BRDA:55,8,0,2
BRDA:55,8,1,1
BRDA:64,9,0,0
BRDA:64,9,1,5
BRDA:68,10,0,4
BRDA:68,10,1,1
BRDA:77,11,0,1
BRDA:77,11,1,3
BRDA:78,12,0,1
BRDA:78,12,1,2
BRDA:80,13,0,0
BRDA:80,13,1,2
BRF:28
BRH:25
end_of_record
TN:
SF:src/features/carrier-portal-v2/engine/errors.ts
FN:7,(anonymous_0)
FNF:1
FNH:1
FNDA:2,(anonymous_0)
DA:3,1
DA:8,2
DA:11,2
DA:12,2
DA:13,2
DA:14,2
LF:6
LH:6
BRF:0
BRH:0
end_of_record
TN:
SF:src/features/carrier-portal-v2/engine/evaluatePredicate.ts
FN:8,(anonymous_0)
FN:21,(anonymous_1)
FN:23,(anonymous_2)
FNF:3
FNH:3
FNDA:236,(anonymous_0)
FNDA:4,(anonymous_1)
FNDA:4,(anonymous_2)
DA:2,1
DA:8,1
DA:12,236
DA:13,136
DA:15,100
DA:17,71
DA:19,2
DA:21,4
DA:23,4
DA:25,22
DA:29,1
DA:30,1
DA:31,1
LF:13
LH:13
BRDA:12,0,0,136
BRDA:12,0,1,100
BRDA:15,1,0,71
BRDA:15,1,1,2
BRDA:15,1,2,2
BRDA:15,1,3,2
BRDA:15,1,4,22
BRDA:15,1,5,1
BRF:8
BRH:8
end_of_record
TN:
SF:src/features/carrier-portal-v2/engine/getNextStepId.ts
FN:6,(anonymous_0)
FN:12,(anonymous_1)
FNF:2
FNH:2
FNDA:4,(anonymous_0)
FNDA:11,(anonymous_1)
DA:2,1
DA:6,1
DA:11,4
DA:12,11
DA:13,4
DA:14,2
DA:16,2
LF:7
LH:7
BRDA:13,0,0,2
BRDA:13,0,1,2
BRDA:13,1,0,4
BRDA:13,1,1,3
BRDA:16,2,0,2
BRDA:16,2,1,0
BRF:6
BRH:5
end_of_record
TN:
SF:src/features/carrier-portal-v2/engine/getPrevStepId.ts
FN:6,(anonymous_0)
FN:12,(anonymous_1)
FNF:2
FNH:2
FNDA:4,(anonymous_0)
FNDA:13,(anonymous_1)
DA:2,1
DA:6,1
DA:11,4
DA:12,13
DA:13,4
DA:14,2
DA:16,2
LF:7
LH:7
BRDA:13,0,0,2
BRDA:13,0,1,2
BRDA:16,1,0,2
BRDA:16,1,1,0
BRF:4
BRH:3
end_of_record
TN:
SF:src/features/carrier-portal-v2/engine/getVisibleSteps.ts
FN:11,(anonymous_0)
FN:28,(anonymous_1)
FN:30,(anonymous_2)
FN:37,(anonymous_3)
FN:38,(anonymous_4)
FN:38,(anonymous_5)
FNF:6
FNH:6
FNDA:19,(anonymous_0)
FNDA:7,(anonymous_1)
FNDA:32,(anonymous_2)
FNDA:2,(anonymous_3)
FNDA:6,(anonymous_4)
FNDA:10,(anonymous_5)
DA:2,1
DA:11,1
DA:12,19
DA:13,19
DA:14,76
DA:15,1
DA:17,75
DA:18,113
DA:19,34
DA:21,79
DA:24,19
DA:28,1
DA:29,7
DA:30,32
DA:31,18
DA:33,1
DA:37,1
DA:38,10
LF:18
LH:18
BRDA:14,0,0,1
BRDA:14,0,1,75
BRDA:18,1,0,34
BRDA:18,1,1,79
BRDA:31,2,0,6
BRDA:31,2,1,12
BRF:6
BRH:6
end_of_record
TN:
SF:src/features/carrier-portal-v2/engine/resolveContext.ts
FN:16,(anonymous_0)
FN:19,(anonymous_1)
FN:39,(anonymous_2)
FN:42,(anonymous_3)
FNF:4
FNH:4
FNDA:82,(anonymous_0)
FNDA:81,(anonymous_1)
FNDA:136,(anonymous_2)
FNDA:84,(anonymous_3)
DA:13,1
DA:16,1
DA:17,82
DA:19,1
DA:20,81
DA:22,55
DA:24,2
DA:26,1
DA:28,2
DA:30,21
DA:33,0
DA:34,0
DA:39,1
DA:40,136
DA:42,1
DA:43,84
DA:44,2
DA:46,82
DA:47,82
DA:48,82
DA:49,1
DA:51,81
DA:52,81
DA:53,136
DA:54,33
DA:56,103
DA:58,48
LF:27
LH:25
BRDA:20,0,0,55
BRDA:20,0,1,2
BRDA:20,0,2,1
BRDA:20,0,3,2
BRDA:20,0,4,21
BRDA:20,0,5,0
BRDA:24,1,0,2
BRDA:24,1,1,1
BRDA:28,2,0,2
BRDA:28,2,1,1
BRDA:40,3,0,136
BRDA:40,3,1,104
BRDA:43,4,0,2
BRDA:43,4,1,82
BRDA:43,5,0,84
BRDA:43,5,1,83
BRDA:48,6,0,1
BRDA:48,6,1,81
BRDA:48,7,0,82
BRDA:48,7,1,82
BRDA:53,8,0,33
BRDA:53,8,1,103
BRF:22
BRH:21
end_of_record
TN:
SF:src/features/carrier-portal-v2/engine/types.ts
FNF:0
FNH:0
DA:190,1
LF:1
LH:1
BRF:0
BRH:0
end_of_record
