{"/Users/jr/Development/hustle-app/fleet-command/hussle-app-dispatch-api/src/agreements/controllers/getAgreementController.ts": {"path":"/Users/jr/Development/hustle-app/fleet-command/hussle-app-dispatch-api/src/agreements/controllers/getAgreementController.ts","statementMap":{"0":{"start":{"line":3,"column":0},"end":{"line":3,"column":64}},"1":{"start":{"line":9,"column":0},"end":{"line":9,"column":75}},"2":{"start":{"line":26,"column":38},"end":{"line":61,"column":1}},"3":{"start":{"line":28,"column":21},"end":{"line":61,"column":1}},"4":{"start":{"line":29,"column":13},"end":{"line":29,"column":35}},"5":{"start":{"line":30,"column":25},"end":{"line":30,"column":49}},"6":{"start":{"line":31,"column":14},"end":{"line":31,"column":48}},"7":{"start":{"line":31,"column":34},"end":{"line":31,"column":44}},"8":{"start":{"line":33,"column":18},"end":{"line":33,"column":55}},"9":{"start":{"line":34,"column":2},"end":{"line":36,"column":3}},"10":{"start":{"line":35,"column":4},"end":{"line":35,"column":58}},"11":{"start":{"line":37,"column":2},"end":{"line":39,"column":3}},"12":{"start":{"line":38,"column":4},"end":{"line":38,"column":79}},"13":{"start":{"line":41,"column":20},"end":{"line":41,"column":50}},"14":{"start":{"line":43,"column":4},"end":{"line":43,"column":77}},"15":{"start":{"line":45,"column":4},"end":{"line":45,"column":88}},"16":{"start":{"line":47,"column":2},"end":{"line":57,"column":3}},"17":{"start":{"line":48,"column":4},"end":{"line":51,"column":7}},"18":{"start":{"line":52,"column":22},"end":{"line":52,"column":97}},"19":{"start":{"line":53,"column":4},"end":{"line":56,"column":7}},"20":{"start":{"line":59,"column":15},"end":{"line":59,"column":79}},"21":{"start":{"line":60,"column":2},"end":{"line":60,"column":33}},"22":{"start":{"line":26,"column":13},"end":{"line":26,"column":38}}},"fnMap":{"0":{"name":"(anonymous_0)","decl":{"start":{"line":26,"column":38},"end":{"line":26,"column":null}},"loc":{"start":{"line":28,"column":21},"end":{"line":61,"column":1}}},"1":{"name":"(anonymous_1)","decl":{"start":{"line":28,"column":21},"end":{"line":28,"column":26}},"loc":{"start":{"line":28,"column":74},"end":{"line":61,"column":1}}},"2":{"name":"(anonymous_2)","decl":{"start":{"line":31,"column":28},"end":{"line":31,"column":31}},"loc":{"start":{"line":31,"column":34},"end":{"line":31,"column":44}}}},"branchMap":{"0":{"loc":{"start":{"line":29,"column":13},"end":{"line":29,"column":35}},"type":"binary-expr","locations":[{"start":{"line":29,"column":13},"end":{"line":29,"column":29}},{"start":{"line":29,"column":33},"end":{"line":29,"column":35}}]},"1":{"loc":{"start":{"line":30,"column":25},"end":{"line":30,"column":49}},"type":"binary-expr","locations":[{"start":{"line":30,"column":25},"end":{"line":30,"column":43}},{"start":{"line":30,"column":47},"end":{"line":30,"column":49}}]},"2":{"loc":{"start":{"line":31,"column":15},"end":{"line":31,"column":45}},"type":"binary-expr","locations":[{"start":{"line":31,"column":15},"end":{"line":31,"column":23}},{"start":{"line":31,"column":28},"end":{"line":31,"column":44}}]},"3":{"loc":{"start":{"line":34,"column":2},"end":{"line":36,"column":3}},"type":"if","locations":[{"start":{"line":34,"column":2},"end":{"line":36,"column":3}}]},"4":{"loc":{"start":{"line":37,"column":2},"end":{"line":39,"column":3}},"type":"if","locations":[{"start":{"line":37,"column":2},"end":{"line":39,"column":3}}]},"5":{"loc":{"start":{"line":43,"column":4},"end":{"line":43,"column":77}},"type":"binary-expr","locations":[{"start":{"line":43,"column":4},"end":{"line":43,"column":40}},{"start":{"line":43,"column":44},"end":{"line":43,"column":77}}]},"6":{"loc":{"start":{"line":45,"column":4},"end":{"line":45,"column":88}},"type":"binary-expr","locations":[{"start":{"line":45,"column":4},"end":{"line":45,"column":43}},{"start":{"line":45,"column":47},"end":{"line":45,"column":88}}]},"7":{"loc":{"start":{"line":47,"column":2},"end":{"line":57,"column":3}},"type":"if","locations":[{"start":{"line":47,"column":2},"end":{"line":57,"column":3}}]},"8":{"loc":{"start":{"line":47,"column":6},"end":{"line":47,"column":91}},"type":"binary-expr","locations":[{"start":{"line":47,"column":6},"end":{"line":47,"column":15}},{"start":{"line":47,"column":19},"end":{"line":47,"column":31}},{"start":{"line":47,"column":35},"end":{"line":47,"column":48}},{"start":{"line":47,"column":52},"end":{"line":47,"column":91}}]}},"s":{"0":1,"1":1,"2":1,"3":14,"4":5,"5":5,"6":5,"7":3,"8":5,"9":5,"10":1,"11":4,"12":1,"13":3,"14":3,"15":3,"16":3,"17":1,"18":1,"19":1,"20":3,"21":3,"22":1},"f":{"0":14,"1":5,"2":3},"b":{"0":[5,0],"1":[5,0],"2":[5,3],"3":[1],"4":[1],"5":[3,3],"6":[3,3],"7":[1],"8":[3,2,1,1]}}
,"/Users/jr/Development/hustle-app/fleet-command/hussle-app-dispatch-api/src/agreements/controllers/listAgreementsController.ts": {"path":"/Users/jr/Development/hustle-app/fleet-command/hussle-app-dispatch-api/src/agreements/controllers/listAgreementsController.ts","statementMap":{"0":{"start":{"line":6,"column":0},"end":{"line":6,"column":70}},"1":{"start":{"line":7,"column":0},"end":{"line":7,"column":75}},"2":{"start":{"line":20,"column":40},"end":{"line":44,"column":1}},"3":{"start":{"line":22,"column":21},"end":{"line":44,"column":1}},"4":{"start":{"line":23,"column":18},"end":{"line":23,"column":43}},"5":{"start":{"line":24,"column":26},"end":{"line":24,"column":73}},"6":{"start":{"line":26,"column":16},"end":{"line":27,"column":null}},"7":{"start":{"line":27,"column":28},"end":{"line":27,"column":86}},"8":{"start":{"line":30,"column":15},"end":{"line":30,"column":32}},"9":{"start":{"line":31,"column":16},"end":{"line":31,"column":35}},"10":{"start":{"line":32,"column":21},"end":{"line":32,"column":61}},"11":{"start":{"line":34,"column":2},"end":{"line":43,"column":5}},"12":{"start":{"line":20,"column":13},"end":{"line":20,"column":40}}},"fnMap":{"0":{"name":"(anonymous_0)","decl":{"start":{"line":20,"column":40},"end":{"line":20,"column":null}},"loc":{"start":{"line":22,"column":21},"end":{"line":44,"column":1}}},"1":{"name":"(anonymous_1)","decl":{"start":{"line":22,"column":21},"end":{"line":22,"column":26}},"loc":{"start":{"line":22,"column":74},"end":{"line":44,"column":1}}},"2":{"name":"(anonymous_2)","decl":{"start":{"line":27,"column":13},"end":{"line":27,"column":14}},"loc":{"start":{"line":27,"column":28},"end":{"line":27,"column":86}}}},"branchMap":{"0":{"loc":{"start":{"line":30,"column":15},"end":{"line":30,"column":32}},"type":"binary-expr","locations":[{"start":{"line":30,"column":15},"end":{"line":30,"column":27}},{"start":{"line":30,"column":31},"end":{"line":30,"column":32}}]},"1":{"loc":{"start":{"line":31,"column":16},"end":{"line":31,"column":35}},"type":"binary-expr","locations":[{"start":{"line":31,"column":16},"end":{"line":31,"column":29}},{"start":{"line":31,"column":33},"end":{"line":31,"column":35}}]},"2":{"loc":{"start":{"line":32,"column":21},"end":{"line":32,"column":61}},"type":"cond-expr","locations":[{"start":{"line":32,"column":33},"end":{"line":32,"column":57}},{"start":{"line":32,"column":60},"end":{"line":32,"column":61}}]}},"s":{"0":1,"1":1,"2":1,"3":14,"4":2,"5":2,"6":2,"7":2,"8":2,"9":2,"10":2,"11":2,"12":1},"f":{"0":14,"1":2,"2":2},"b":{"0":[2,0],"1":[2,0],"2":[2,0]}}
,"/Users/jr/Development/hustle-app/fleet-command/hussle-app-dispatch-api/src/agreements/controllers/requestAgreementController.ts": {"path":"/Users/jr/Development/hustle-app/fleet-command/hussle-app-dispatch-api/src/agreements/controllers/requestAgreementController.ts","statementMap":{"0":{"start":{"line":13,"column":0},"end":{"line":13,"column":74}},"1":{"start":{"line":14,"column":0},"end":{"line":14,"column":75}},"2":{"start":{"line":33,"column":42},"end":{"line":52,"column":1}},"3":{"start":{"line":35,"column":21},"end":{"line":52,"column":1}},"4":{"start":{"line":36,"column":25},"end":{"line":36,"column":49}},"5":{"start":{"line":37,"column":18},"end":{"line":37,"column":71}},"6":{"start":{"line":38,"column":16},"end":{"line":38,"column":52}},"7":{"start":{"line":39,"column":17},"end":{"line":39,"column":51}},"8":{"start":{"line":41,"column":2},"end":{"line":48,"column":5}},"9":{"start":{"line":42,"column":4},"end":{"line":47,"column":7}},"10":{"start":{"line":43,"column":6},"end":{"line":46,"column":9}},"11":{"start":{"line":50,"column":15},"end":{"line":50,"column":81}},"12":{"start":{"line":51,"column":2},"end":{"line":51,"column":33}},"13":{"start":{"line":33,"column":13},"end":{"line":33,"column":42}}},"fnMap":{"0":{"name":"(anonymous_0)","decl":{"start":{"line":33,"column":42},"end":{"line":33,"column":null}},"loc":{"start":{"line":35,"column":21},"end":{"line":52,"column":1}}},"1":{"name":"(anonymous_1)","decl":{"start":{"line":35,"column":21},"end":{"line":35,"column":26}},"loc":{"start":{"line":35,"column":74},"end":{"line":52,"column":1}}},"2":{"name":"(anonymous_2)","decl":{"start":{"line":41,"column":24},"end":{"line":41,"column":25}},"loc":{"start":{"line":41,"column":34},"end":{"line":48,"column":3}}},"3":{"name":"(anonymous_3)","decl":{"start":{"line":42,"column":59},"end":{"line":42,"column":60}},"loc":{"start":{"line":42,"column":78},"end":{"line":47,"column":5}}}},"branchMap":{"0":{"loc":{"start":{"line":36,"column":25},"end":{"line":36,"column":49}},"type":"binary-expr","locations":[{"start":{"line":36,"column":25},"end":{"line":36,"column":43}},{"start":{"line":36,"column":47},"end":{"line":36,"column":49}}]},"1":{"loc":{"start":{"line":45,"column":15},"end":{"line":45,"column":69}},"type":"cond-expr","locations":[{"start":{"line":45,"column":40},"end":{"line":45,"column":53}},{"start":{"line":45,"column":56},"end":{"line":45,"column":69}}]}},"s":{"0":1,"1":1,"2":1,"3":14,"4":2,"5":2,"6":2,"7":2,"8":1,"9":1,"10":0,"11":1,"12":1,"13":1},"f":{"0":14,"1":2,"2":1,"3":0},"b":{"0":[2,0],"1":[0,0]}}
,"/Users/jr/Development/hustle-app/fleet-command/hussle-app-dispatch-api/src/agreements/controllers/voidAgreementController.ts": {"path":"/Users/jr/Development/hustle-app/fleet-command/hussle-app-dispatch-api/src/agreements/controllers/voidAgreementController.ts","statementMap":{"0":{"start":{"line":10,"column":0},"end":{"line":10,"column":68}},"1":{"start":{"line":11,"column":0},"end":{"line":11,"column":75}},"2":{"start":{"line":27,"column":39},"end":{"line":44,"column":1}},"3":{"start":{"line":29,"column":21},"end":{"line":44,"column":1}},"4":{"start":{"line":30,"column":16},"end":{"line":30,"column":40}},"5":{"start":{"line":31,"column":17},"end":{"line":31,"column":48}},"6":{"start":{"line":33,"column":2},"end":{"line":40,"column":5}},"7":{"start":{"line":34,"column":4},"end":{"line":39,"column":7}},"8":{"start":{"line":35,"column":6},"end":{"line":38,"column":9}},"9":{"start":{"line":42,"column":15},"end":{"line":42,"column":81}},"10":{"start":{"line":43,"column":2},"end":{"line":43,"column":33}},"11":{"start":{"line":27,"column":13},"end":{"line":27,"column":39}}},"fnMap":{"0":{"name":"(anonymous_0)","decl":{"start":{"line":27,"column":39},"end":{"line":27,"column":null}},"loc":{"start":{"line":29,"column":21},"end":{"line":44,"column":1}}},"1":{"name":"(anonymous_1)","decl":{"start":{"line":29,"column":21},"end":{"line":29,"column":26}},"loc":{"start":{"line":29,"column":74},"end":{"line":44,"column":1}}},"2":{"name":"(anonymous_2)","decl":{"start":{"line":33,"column":24},"end":{"line":33,"column":25}},"loc":{"start":{"line":33,"column":34},"end":{"line":40,"column":3}}},"3":{"name":"(anonymous_3)","decl":{"start":{"line":34,"column":59},"end":{"line":34,"column":60}},"loc":{"start":{"line":34,"column":78},"end":{"line":39,"column":5}}}},"branchMap":{"0":{"loc":{"start":{"line":37,"column":15},"end":{"line":37,"column":69}},"type":"cond-expr","locations":[{"start":{"line":37,"column":40},"end":{"line":37,"column":53}},{"start":{"line":37,"column":56},"end":{"line":37,"column":69}}]}},"s":{"0":1,"1":1,"2":1,"3":14,"4":2,"5":2,"6":1,"7":1,"8":0,"9":1,"10":1,"11":1},"f":{"0":14,"1":2,"2":1,"3":0},"b":{"0":[0,0]}}
,"/Users/jr/Development/hustle-app/fleet-command/hussle-app-dispatch-api/src/agreements/controllers/mappers/listAgreementsMapper.ts": {"path":"/Users/jr/Development/hustle-app/fleet-command/hussle-app-dispatch-api/src/agreements/controllers/mappers/listAgreementsMapper.ts","statementMap":{"0":{"start":{"line":9,"column":18},"end":{"line":18,"column":1}},"1":{"start":{"line":10,"column":2},"end":{"line":12,"column":3}},"2":{"start":{"line":11,"column":4},"end":{"line":11,"column":21}},"3":{"start":{"line":13,"column":15},"end":{"line":13,"column":30}},"4":{"start":{"line":14,"column":2},"end":{"line":16,"column":3}},"5":{"start":{"line":15,"column":4},"end":{"line":15,"column":21}},"6":{"start":{"line":17,"column":2},"end":{"line":17,"column":14}},"7":{"start":{"line":20,"column":25},"end":{"line":29,"column":1}},"8":{"start":{"line":21,"column":2},"end":{"line":23,"column":3}},"9":{"start":{"line":22,"column":4},"end":{"line":22,"column":20}},"10":{"start":{"line":24,"column":17},"end":{"line":24,"column":30}},"11":{"start":{"line":25,"column":2},"end":{"line":27,"column":3}},"12":{"start":{"line":26,"column":4},"end":{"line":26,"column":20}},"13":{"start":{"line":28,"column":2},"end":{"line":28,"column":28}},"14":{"start":{"line":35,"column":36},"end":{"line":50,"column":1}},"15":{"start":{"line":36,"column":16},"end":{"line":36,"column":25}},"16":{"start":{"line":37,"column":2},"end":{"line":49,"column":4}},"17":{"start":{"line":35,"column":13},"end":{"line":35,"column":36}}},"fnMap":{"0":{"name":"(anonymous_0)","decl":{"start":{"line":9,"column":18},"end":{"line":9,"column":19}},"loc":{"start":{"line":9,"column":55},"end":{"line":18,"column":1}}},"1":{"name":"(anonymous_1)","decl":{"start":{"line":20,"column":25},"end":{"line":20,"column":26}},"loc":{"start":{"line":20,"column":70},"end":{"line":29,"column":1}}},"2":{"name":"(anonymous_2)","decl":{"start":{"line":35,"column":36},"end":{"line":35,"column":37}},"loc":{"start":{"line":35,"column":76},"end":{"line":50,"column":1}}}},"branchMap":{"0":{"loc":{"start":{"line":10,"column":2},"end":{"line":12,"column":3}},"type":"if","locations":[{"start":{"line":10,"column":2},"end":{"line":12,"column":3}}]},"1":{"loc":{"start":{"line":10,"column":6},"end":{"line":10,"column":53}},"type":"binary-expr","locations":[{"start":{"line":10,"column":6},"end":{"line":10,"column":31}},{"start":{"line":10,"column":35},"end":{"line":10,"column":53}}]},"2":{"loc":{"start":{"line":14,"column":2},"end":{"line":16,"column":3}},"type":"if","locations":[{"start":{"line":14,"column":2},"end":{"line":16,"column":3}}]},"3":{"loc":{"start":{"line":21,"column":2},"end":{"line":23,"column":3}},"type":"if","locations":[{"start":{"line":21,"column":2},"end":{"line":23,"column":3}}]},"4":{"loc":{"start":{"line":21,"column":6},"end":{"line":21,"column":59}},"type":"binary-expr","locations":[{"start":{"line":21,"column":6},"end":{"line":21,"column":25}},{"start":{"line":21,"column":29},"end":{"line":21,"column":43}},{"start":{"line":21,"column":47},"end":{"line":21,"column":59}}]},"5":{"loc":{"start":{"line":25,"column":2},"end":{"line":27,"column":3}},"type":"if","locations":[{"start":{"line":25,"column":2},"end":{"line":27,"column":3}}]},"6":{"loc":{"start":{"line":25,"column":6},"end":{"line":25,"column":44}},"type":"binary-expr","locations":[{"start":{"line":25,"column":6},"end":{"line":25,"column":30}},{"start":{"line":25,"column":34},"end":{"line":25,"column":44}}]},"7":{"loc":{"start":{"line":38,"column":20},"end":{"line":38,"column":44}},"type":"binary-expr","locations":[{"start":{"line":38,"column":20},"end":{"line":38,"column":38}},{"start":{"line":38,"column":42},"end":{"line":38,"column":44}}]},"8":{"loc":{"start":{"line":39,"column":15},"end":{"line":39,"column":86}},"type":"cond-expr","locations":[{"start":{"line":39,"column":56},"end":{"line":39,"column":74}},{"start":{"line":39,"column":77},"end":{"line":39,"column":86}}]},"9":{"loc":{"start":{"line":40,"column":12},"end":{"line":40,"column":98}},"type":"cond-expr","locations":[{"start":{"line":40,"column":51},"end":{"line":40,"column":86}},{"start":{"line":40,"column":89},"end":{"line":40,"column":98}}]},"10":{"loc":{"start":{"line":42,"column":6},"end":{"line":44,"column":19}},"type":"cond-expr","locations":[{"start":{"line":43,"column":11},"end":{"line":43,"column":56}},{"start":{"line":44,"column":10},"end":{"line":44,"column":19}}]}},"s":{"0":1,"1":4,"2":4,"3":0,"4":0,"5":0,"6":0,"7":1,"8":4,"9":2,"10":2,"11":2,"12":0,"13":2,"14":1,"15":2,"16":2,"17":1},"f":{"0":4,"1":4,"2":2},"b":{"0":[4],"1":[4,0],"2":[0],"3":[2],"4":[4,2,2],"5":[0],"6":[2,2],"7":[2,0],"8":[1,1],"9":[1,1],"10":[0,2]}}
,"/Users/jr/Development/hustle-app/fleet-command/hussle-app-dispatch-api/src/agreements/controllers/mappers/requestAgreementMapper.ts": {"path":"/Users/jr/Development/hustle-app/fleet-command/hussle-app-dispatch-api/src/agreements/controllers/mappers/requestAgreementMapper.ts","statementMap":{"0":{"start":{"line":11,"column":38},"end":{"line":30,"column":1}},"1":{"start":{"line":12,"column":15},"end":{"line":12,"column":null}},"2":{"start":{"line":20,"column":2},"end":{"line":29,"column":4}},"3":{"start":{"line":11,"column":13},"end":{"line":11,"column":38}}},"fnMap":{"0":{"name":"(anonymous_0)","decl":{"start":{"line":11,"column":38},"end":{"line":11,"column":39}},"loc":{"start":{"line":11,"column":95},"end":{"line":30,"column":1}}}},"branchMap":{"0":{"loc":{"start":{"line":26,"column":20},"end":{"line":26,"column":44}},"type":"binary-expr","locations":[{"start":{"line":26,"column":20},"end":{"line":26,"column":38}},{"start":{"line":26,"column":42},"end":{"line":26,"column":44}}]},"1":{"loc":{"start":{"line":27,"column":22},"end":{"line":27,"column":44}},"type":"binary-expr","locations":[{"start":{"line":27,"column":22},"end":{"line":27,"column":38}},{"start":{"line":27,"column":42},"end":{"line":27,"column":44}}]}},"s":{"0":1,"1":2,"2":2,"3":1},"f":{"0":2},"b":{"0":[2,0],"1":[2,0]}}
,"/Users/jr/Development/hustle-app/fleet-command/hussle-app-dispatch-api/src/agreements/controllers/mappers/voidAgreementMapper.ts": {"path":"/Users/jr/Development/hustle-app/fleet-command/hussle-app-dispatch-api/src/agreements/controllers/mappers/voidAgreementMapper.ts","statementMap":{"0":{"start":{"line":8,"column":35},"end":{"line":17,"column":1}},"1":{"start":{"line":9,"column":13},"end":{"line":9,"column":35}},"2":{"start":{"line":10,"column":16},"end":{"line":10,"column":66}},"3":{"start":{"line":11,"column":2},"end":{"line":16,"column":4}},"4":{"start":{"line":8,"column":13},"end":{"line":8,"column":35}}},"fnMap":{"0":{"name":"(anonymous_0)","decl":{"start":{"line":8,"column":35},"end":{"line":8,"column":36}},"loc":{"start":{"line":8,"column":72},"end":{"line":17,"column":1}}}},"branchMap":{"0":{"loc":{"start":{"line":9,"column":13},"end":{"line":9,"column":35}},"type":"binary-expr","locations":[{"start":{"line":9,"column":13},"end":{"line":9,"column":29}},{"start":{"line":9,"column":33},"end":{"line":9,"column":35}}]},"1":{"loc":{"start":{"line":10,"column":16},"end":{"line":10,"column":66}},"type":"binary-expr","locations":[{"start":{"line":10,"column":16},"end":{"line":10,"column":60}},{"start":{"line":10,"column":64},"end":{"line":10,"column":66}}]},"2":{"loc":{"start":{"line":13,"column":20},"end":{"line":13,"column":44}},"type":"binary-expr","locations":[{"start":{"line":13,"column":20},"end":{"line":13,"column":38}},{"start":{"line":13,"column":42},"end":{"line":13,"column":44}}]},"3":{"loc":{"start":{"line":14,"column":22},"end":{"line":14,"column":44}},"type":"binary-expr","locations":[{"start":{"line":14,"column":22},"end":{"line":14,"column":38}},{"start":{"line":14,"column":42},"end":{"line":14,"column":44}}]}},"s":{"0":1,"1":2,"2":2,"3":2,"4":1},"f":{"0":2},"b":{"0":[2,0],"1":[2,0],"2":[2,0],"3":[2,0]}}
,"/Users/jr/Development/hustle-app/fleet-command/hussle-app-dispatch-api/src/agreements/controllers/transformers/agreementTransformer.ts": {"path":"/Users/jr/Development/hustle-app/fleet-command/hussle-app-dispatch-api/src/agreements/controllers/transformers/agreementTransformer.ts","statementMap":{"0":{"start":{"line":5,"column":28},"end":{"line":5,"column":35}},"1":{"start":{"line":42,"column":14},"end":{"line":42,"column":95}},"2":{"start":{"line":42,"column":53},"end":{"line":42,"column":94}},"3":{"start":{"line":51,"column":36},"end":{"line":99,"column":1}},"4":{"start":{"line":55,"column":53},"end":{"line":55,"column":57}},"5":{"start":{"line":57,"column":2},"end":{"line":74,"column":3}},"6":{"start":{"line":64,"column":48},"end":{"line":67,"column":6}},"7":{"start":{"line":68,"column":4},"end":{"line":73,"column":6}},"8":{"start":{"line":76,"column":2},"end":{"line":98,"column":4}},"9":{"start":{"line":51,"column":13},"end":{"line":51,"column":36}}},"fnMap":{"0":{"name":"(anonymous_0)","decl":{"start":{"line":42,"column":14},"end":{"line":42,"column":15}},"loc":{"start":{"line":42,"column":53},"end":{"line":42,"column":94}}},"1":{"name":"(anonymous_1)","decl":{"start":{"line":51,"column":36},"end":{"line":51,"column":41}},"loc":{"start":{"line":54,"column":36},"end":{"line":99,"column":1}}}},"branchMap":{"0":{"loc":{"start":{"line":42,"column":53},"end":{"line":42,"column":94}},"type":"cond-expr","locations":[{"start":{"line":42,"column":69},"end":{"line":42,"column":73}},{"start":{"line":42,"column":76},"end":{"line":42,"column":94}}]},"1":{"loc":{"start":{"line":57,"column":2},"end":{"line":74,"column":3}},"type":"if","locations":[{"start":{"line":57,"column":2},"end":{"line":74,"column":3}}]},"2":{"loc":{"start":{"line":58,"column":4},"end":{"line":62,"column":31}},"type":"binary-expr","locations":[{"start":{"line":58,"column":4},"end":{"line":58,"column":33}},{"start":{"line":59,"column":4},"end":{"line":59,"column":37}},{"start":{"line":60,"column":4},"end":{"line":60,"column":44}},{"start":{"line":61,"column":4},"end":{"line":61,"column":38}},{"start":{"line":62,"column":4},"end":{"line":62,"column":31}}]}},"s":{"0":1,"1":1,"2":35,"3":1,"4":7,"5":7,"6":1,"7":1,"8":7,"9":1},"f":{"0":35,"1":7},"b":{"0":[26,9],"1":[1],"2":[7,1,1,1,1]}}
,"/Users/jr/Development/hustle-app/fleet-command/hussle-app-dispatch-api/src/agreements/errors/agreementErrors.ts": {"path":"/Users/jr/Development/hustle-app/fleet-command/hussle-app-dispatch-api/src/agreements/errors/agreementErrors.ts","statementMap":{"0":{"start":{"line":1,"column":0},"end":{"line":1,"column":44}},"1":{"start":{"line":13,"column":4},"end":{"line":13,"column":19}},"2":{"start":{"line":12,"column":21},"end":{"line":12,"column":31}},"3":{"start":{"line":9,"column":2},"end":{"line":9,"column":19}},"4":{"start":{"line":10,"column":11},"end":{"line":10,"column":46}},"5":{"start":{"line":14,"column":4},"end":{"line":14,"column":72}},"6":{"start":{"line":18,"column":4},"end":{"line":18,"column":39}},"7":{"start":{"line":8,"column":0},"end":{"line":8,"column":13}},"8":{"start":{"line":33,"column":4},"end":{"line":35,"column":6}},"9":{"start":{"line":28,"column":2},"end":{"line":28,"column":19}},"10":{"start":{"line":29,"column":11},"end":{"line":29,"column":43}},"11":{"start":{"line":36,"column":4},"end":{"line":36,"column":39}},"12":{"start":{"line":37,"column":4},"end":{"line":37,"column":69}},"13":{"start":{"line":41,"column":4},"end":{"line":41,"column":39}},"14":{"start":{"line":27,"column":0},"end":{"line":27,"column":13}}},"fnMap":{"0":{"name":"(anonymous_0)","decl":{"start":{"line":12,"column":2},"end":{"line":12,"column":21}},"loc":{"start":{"line":12,"column":90},"end":{"line":15,"column":3}}},"1":{"name":"(anonymous_1)","decl":{"start":{"line":17,"column":2},"end":{"line":17,"column":17}},"loc":{"start":{"line":17,"column":17},"end":{"line":19,"column":3}}},"2":{"name":"(anonymous_2)","decl":{"start":{"line":32,"column":2},"end":{"line":32,"column":14}},"loc":{"start":{"line":32,"column":35},"end":{"line":38,"column":3}}},"3":{"name":"(anonymous_3)","decl":{"start":{"line":40,"column":2},"end":{"line":40,"column":17}},"loc":{"start":{"line":40,"column":17},"end":{"line":42,"column":3}}}},"branchMap":{"0":{"loc":{"start":{"line":12,"column":21},"end":{"line":12,"column":90}},"type":"default-arg","locations":[{"start":{"line":12,"column":31},"end":{"line":12,"column":90}}]}},"s":{"0":3,"1":3,"2":3,"3":3,"4":3,"5":3,"6":1,"7":3,"8":3,"9":3,"10":3,"11":3,"12":3,"13":1,"14":3},"f":{"0":3,"1":1,"2":3,"3":1},"b":{"0":[3]}}
,"/Users/jr/Development/hustle-app/fleet-command/hussle-app-dispatch-api/src/agreements/jobs/signedAgreementWatchdog.ts": {"path":"/Users/jr/Development/hustle-app/fleet-command/hussle-app-dispatch-api/src/agreements/jobs/signedAgreementWatchdog.ts","statementMap":{"0":{"start":{"line":1,"column":0},"end":{"line":1,"column":41}},"1":{"start":{"line":4,"column":0},"end":{"line":4,"column":37}},"2":{"start":{"line":41,"column":45},"end":{"line":163,"column":1}},"3":{"start":{"line":44,"column":35},"end":{"line":44,"column":39}},"4":{"start":{"line":45,"column":16},"end":{"line":45,"column":52}},"5":{"start":{"line":45,"column":41},"end":{"line":45,"column":51}},"6":{"start":{"line":47,"column":17},"end":{"line":137,"column":3}},"7":{"start":{"line":48,"column":20},"end":{"line":48,"column":27}},"8":{"start":{"line":49,"column":22},"end":{"line":49,"column":86}},"9":{"start":{"line":50,"column":18},"end":{"line":50,"column":73}},"10":{"start":{"line":52,"column":4},"end":{"line":55,"column":7}},"11":{"start":{"line":57,"column":4},"end":{"line":136,"column":5}},"12":{"start":{"line":58,"column":6},"end":{"line":63,"column":7}},"13":{"start":{"line":59,"column":8},"end":{"line":61,"column":11}},"14":{"start":{"line":62,"column":8},"end":{"line":62,"column":17}},"15":{"start":{"line":65,"column":35},"end":{"line":65,"column":65}},"16":{"start":{"line":67,"column":6},"end":{"line":135,"column":7}},"17":{"start":{"line":68,"column":23},"end":{"line":68,"column":86}},"18":{"start":{"line":70,"column":8},"end":{"line":128,"column":9}},"19":{"start":{"line":72,"column":12},"end":{"line":79,"column":15}},"20":{"start":{"line":80,"column":12},"end":{"line":80,"column":18}},"21":{"start":{"line":82,"column":12},"end":{"line":85,"column":15}},"22":{"start":{"line":86,"column":12},"end":{"line":92,"column":15}},"23":{"start":{"line":93,"column":12},"end":{"line":93,"column":18}},"24":{"start":{"line":95,"column":12},"end":{"line":98,"column":15}},"25":{"start":{"line":99,"column":12},"end":{"line":105,"column":15}},"26":{"start":{"line":106,"column":12},"end":{"line":106,"column":18}},"27":{"start":{"line":108,"column":12},"end":{"line":111,"column":15}},"28":{"start":{"line":112,"column":12},"end":{"line":119,"column":15}},"29":{"start":{"line":120,"column":12},"end":{"line":120,"column":18}},"30":{"start":{"line":123,"column":12},"end":{"line":123,"column":18}},"31":{"start":{"line":125,"column":35},"end":{"line":125,"column":41}},"32":{"start":{"line":126,"column":12},"end":{"line":126,"column":95}},"33":{"start":{"line":130,"column":8},"end":{"line":133,"column":11}},"34":{"start":{"line":139,"column":16},"end":{"line":152,"column":3}},"35":{"start":{"line":140,"column":4},"end":{"line":142,"column":5}},"36":{"start":{"line":141,"column":6},"end":{"line":141,"column":13}},"37":{"start":{"line":143,"column":21},"end":{"line":143,"column":52}},"38":{"start":{"line":144,"column":4},"end":{"line":150,"column":7}},"39":{"start":{"line":145,"column":6},"end":{"line":149,"column":9}},"40":{"start":{"line":146,"column":8},"end":{"line":148,"column":11}},"41":{"start":{"line":151,"column":4},"end":{"line":151,"column":67}},"42":{"start":{"line":154,"column":15},"end":{"line":160,"column":3}},"43":{"start":{"line":155,"column":4},"end":{"line":159,"column":5}},"44":{"start":{"line":156,"column":6},"end":{"line":156,"column":18}},"45":{"start":{"line":157,"column":6},"end":{"line":157,"column":18}},"46":{"start":{"line":158,"column":6},"end":{"line":158,"column":53}},"47":{"start":{"line":162,"column":2},"end":{"line":162,"column":33}},"48":{"start":{"line":41,"column":13},"end":{"line":41,"column":45}}},"fnMap":{"0":{"name":"(anonymous_0)","decl":{"start":{"line":41,"column":45},"end":{"line":41,"column":null}},"loc":{"start":{"line":43,"column":29},"end":{"line":163,"column":1}}},"1":{"name":"(anonymous_1)","decl":{"start":{"line":45,"column":29},"end":{"line":45,"column":38}},"loc":{"start":{"line":45,"column":41},"end":{"line":45,"column":51}}},"2":{"name":"(anonymous_2)","decl":{"start":{"line":47,"column":17},"end":{"line":47,"column":22}},"loc":{"start":{"line":47,"column":43},"end":{"line":137,"column":3}}},"3":{"name":"(anonymous_3)","decl":{"start":{"line":139,"column":16},"end":{"line":139,"column":25}},"loc":{"start":{"line":139,"column":27},"end":{"line":152,"column":3}}},"4":{"name":"(anonymous_4)","decl":{"start":{"line":144,"column":30},"end":{"line":144,"column":33}},"loc":{"start":{"line":144,"column":35},"end":{"line":150,"column":5}}},"5":{"name":"(anonymous_5)","decl":{"start":{"line":145,"column":21},"end":{"line":145,"column":22}},"loc":{"start":{"line":145,"column":40},"end":{"line":149,"column":7}}},"6":{"name":"(anonymous_6)","decl":{"start":{"line":154,"column":15},"end":{"line":154,"column":24}},"loc":{"start":{"line":154,"column":26},"end":{"line":160,"column":3}}}},"branchMap":{"0":{"loc":{"start":{"line":45,"column":16},"end":{"line":45,"column":52}},"type":"binary-expr","locations":[{"start":{"line":45,"column":16},"end":{"line":45,"column":24}},{"start":{"line":45,"column":29},"end":{"line":45,"column":51}}]},"1":{"loc":{"start":{"line":58,"column":6},"end":{"line":63,"column":7}},"type":"if","locations":[{"start":{"line":58,"column":6},"end":{"line":63,"column":7}}]},"2":{"loc":{"start":{"line":70,"column":8},"end":{"line":128,"column":9}},"type":"switch","locations":[{"start":{"line":71,"column":10},"end":{"line":80,"column":18}},{"start":{"line":81,"column":10},"end":{"line":93,"column":18}},{"start":{"line":94,"column":10},"end":{"line":106,"column":18}},{"start":{"line":107,"column":10},"end":{"line":120,"column":18}},{"start":{"line":121,"column":10},"end":{"line":123,"column":18}},{"start":{"line":124,"column":10},"end":{"line":127,"column":11}}]},"3":{"loc":{"start":{"line":132,"column":17},"end":{"line":132,"column":71}},"type":"cond-expr","locations":[{"start":{"line":132,"column":42},"end":{"line":132,"column":55}},{"start":{"line":132,"column":58},"end":{"line":132,"column":71}}]},"4":{"loc":{"start":{"line":140,"column":4},"end":{"line":142,"column":5}},"type":"if","locations":[{"start":{"line":140,"column":4},"end":{"line":142,"column":5}}]},"5":{"loc":{"start":{"line":147,"column":17},"end":{"line":147,"column":71}},"type":"cond-expr","locations":[{"start":{"line":147,"column":42},"end":{"line":147,"column":55}},{"start":{"line":147,"column":58},"end":{"line":147,"column":71}}]},"6":{"loc":{"start":{"line":155,"column":4},"end":{"line":159,"column":5}},"type":"if","locations":[{"start":{"line":155,"column":4},"end":{"line":159,"column":5}}]}},"s":{"0":1,"1":1,"2":1,"3":13,"4":13,"5":0,"6":13,"7":9,"8":9,"9":9,"10":9,"11":9,"12":8,"13":1,"14":1,"15":7,"16":7,"17":7,"18":6,"19":2,"20":2,"21":1,"22":1,"23":1,"24":1,"25":1,"26":1,"27":1,"28":1,"29":1,"30":1,"31":0,"32":0,"33":1,"34":13,"35":5,"36":1,"37":4,"38":4,"39":0,"40":0,"41":4,"42":13,"43":2,"44":1,"45":1,"46":1,"47":13,"48":1},"f":{"0":13,"1":0,"2":9,"3":5,"4":0,"5":0,"6":2},"b":{"0":[13,0],"1":[1],"2":[2,1,1,1,1,0],"3":[1,0],"4":[1],"5":[0,0],"6":[1]}}
,"/Users/jr/Development/hustle-app/fleet-command/hussle-app-dispatch-api/src/agreements/routes/agreementRoutes.ts": {"path":"/Users/jr/Development/hustle-app/fleet-command/hussle-app-dispatch-api/src/agreements/routes/agreementRoutes.ts","statementMap":{"0":{"start":{"line":1,"column":0},"end":{"line":1,"column":30}},"1":{"start":{"line":3,"column":0},"end":{"line":3,"column":39}},"2":{"start":{"line":4,"column":0},"end":{"line":4,"column":61}},"3":{"start":{"line":5,"column":0},"end":{"line":5,"column":70}},"4":{"start":{"line":7,"column":0},"end":{"line":7,"column":null}},"5":{"start":{"line":11,"column":0},"end":{"line":11,"column":80}},"6":{"start":{"line":12,"column":0},"end":{"line":12,"column":84}},"7":{"start":{"line":25,"column":38},"end":{"line":63,"column":1}},"8":{"start":{"line":28,"column":17},"end":{"line":28,"column":33}},"9":{"start":{"line":30,"column":2},"end":{"line":36,"column":4}},"10":{"start":{"line":38,"column":2},"end":{"line":44,"column":4}},"11":{"start":{"line":46,"column":2},"end":{"line":52,"column":4}},"12":{"start":{"line":54,"column":2},"end":{"line":60,"column":4}},"13":{"start":{"line":62,"column":2},"end":{"line":62,"column":16}},"14":{"start":{"line":25,"column":13},"end":{"line":25,"column":38}}},"fnMap":{"0":{"name":"(anonymous_1)","decl":{"start":{"line":25,"column":38},"end":{"line":25,"column":null}},"loc":{"start":{"line":27,"column":20},"end":{"line":63,"column":1}}}},"branchMap":{},"s":{"0":1,"1":1,"2":1,"3":1,"4":1,"5":1,"6":1,"7":1,"8":14,"9":14,"10":14,"11":14,"12":14,"13":14,"14":1},"f":{"0":14},"b":{}}
,"/Users/jr/Development/hustle-app/fleet-command/hussle-app-dispatch-api/src/agreements/services/finalizeAgreement.ts": {"path":"/Users/jr/Development/hustle-app/fleet-command/hussle-app-dispatch-api/src/agreements/services/finalizeAgreement.ts","statementMap":{"0":{"start":{"line":1,"column":0},"end":{"line":1,"column":41}},"1":{"start":{"line":3,"column":0},"end":{"line":3,"column":48}},"2":{"start":{"line":24,"column":32},"end":{"line":24,"column":49}},"3":{"start":{"line":26,"column":26},"end":{"line":27,"column":106}},"4":{"start":{"line":27,"column":2},"end":{"line":27,"column":106}},"5":{"start":{"line":29,"column":26},"end":{"line":30,"column":117}},"6":{"start":{"line":30,"column":2},"end":{"line":30,"column":117}},"7":{"start":{"line":46,"column":33},"end":{"line":107,"column":1}},"8":{"start":{"line":50,"column":20},"end":{"line":50,"column":99}},"9":{"start":{"line":52,"column":2},"end":{"line":54,"column":3}},"10":{"start":{"line":53,"column":4},"end":{"line":53,"column":97}},"11":{"start":{"line":56,"column":2},"end":{"line":62,"column":3}},"12":{"start":{"line":57,"column":4},"end":{"line":60,"column":7}},"13":{"start":{"line":61,"column":4},"end":{"line":61,"column":43}},"14":{"start":{"line":64,"column":20},"end":{"line":64,"column":96}},"15":{"start":{"line":66,"column":26},"end":{"line":66,"column":88}},"16":{"start":{"line":68,"column":25},"end":{"line":68,"column":53}},"17":{"start":{"line":69,"column":32},"end":{"line":69,"column":60}},"18":{"start":{"line":71,"column":2},"end":{"line":71,"column":87}},"19":{"start":{"line":72,"column":2},"end":{"line":72,"column":101}},"20":{"start":{"line":74,"column":19},"end":{"line":74,"column":53}},"21":{"start":{"line":74,"column":39},"end":{"line":74,"column":49}},"22":{"start":{"line":76,"column":18},"end":{"line":82,"column":4}},"23":{"start":{"line":84,"column":2},"end":{"line":88,"column":5}},"24":{"start":{"line":90,"column":2},"end":{"line":106,"column":4}},"25":{"start":{"line":46,"column":13},"end":{"line":46,"column":33}}},"fnMap":{"0":{"name":"(anonymous_0)","decl":{"start":{"line":26,"column":26},"end":{"line":26,"column":27}},"loc":{"start":{"line":27,"column":2},"end":{"line":27,"column":106}}},"1":{"name":"(anonymous_1)","decl":{"start":{"line":29,"column":26},"end":{"line":29,"column":27}},"loc":{"start":{"line":30,"column":2},"end":{"line":30,"column":117}}},"2":{"name":"(anonymous_2)","decl":{"start":{"line":46,"column":33},"end":{"line":46,"column":38}},"loc":{"start":{"line":49,"column":48},"end":{"line":107,"column":1}}},"3":{"name":"(anonymous_3)","decl":{"start":{"line":74,"column":33},"end":{"line":74,"column":36}},"loc":{"start":{"line":74,"column":39},"end":{"line":74,"column":49}}}},"branchMap":{"0":{"loc":{"start":{"line":52,"column":2},"end":{"line":54,"column":3}},"type":"if","locations":[{"start":{"line":52,"column":2},"end":{"line":54,"column":3}}]},"1":{"loc":{"start":{"line":56,"column":2},"end":{"line":62,"column":3}},"type":"if","locations":[{"start":{"line":56,"column":2},"end":{"line":62,"column":3}}]},"2":{"loc":{"start":{"line":74,"column":20},"end":{"line":74,"column":50}},"type":"binary-expr","locations":[{"start":{"line":74,"column":20},"end":{"line":74,"column":28}},{"start":{"line":74,"column":33},"end":{"line":74,"column":49}}]}},"s":{"0":1,"1":1,"2":1,"3":1,"4":3,"5":1,"6":3,"7":1,"8":5,"9":5,"10":1,"11":4,"12":1,"13":1,"14":3,"15":3,"16":3,"17":3,"18":3,"19":2,"20":2,"21":0,"22":2,"23":2,"24":2,"25":1},"f":{"0":3,"1":3,"2":5,"3":0},"b":{"0":[1],"1":[1],"2":[2,0]}}
,"/Users/jr/Development/hustle-app/fleet-command/hussle-app-dispatch-api/src/agreements/services/requestAgreement.ts": {"path":"/Users/jr/Development/hustle-app/fleet-command/hussle-app-dispatch-api/src/agreements/services/requestAgreement.ts","statementMap":{"0":{"start":{"line":1,"column":0},"end":{"line":1,"column":41}},"1":{"start":{"line":3,"column":0},"end":{"line":3,"column":65}},"2":{"start":{"line":7,"column":0},"end":{"line":7,"column":73}},"3":{"start":{"line":67,"column":32},"end":{"line":165,"column":1}},"4":{"start":{"line":71,"column":14},"end":{"line":71,"column":48}},"5":{"start":{"line":71,"column":34},"end":{"line":71,"column":44}},"6":{"start":{"line":72,"column":15},"end":{"line":72,"column":38}},"7":{"start":{"line":74,"column":18},"end":{"line":74,"column":91}},"8":{"start":{"line":75,"column":2},"end":{"line":77,"column":3}},"9":{"start":{"line":76,"column":4},"end":{"line":76,"column":69}},"10":{"start":{"line":79,"column":23},"end":{"line":83,"column":4}},"11":{"start":{"line":85,"column":2},"end":{"line":87,"column":3}},"12":{"start":{"line":86,"column":4},"end":{"line":86,"column":45}},"13":{"start":{"line":89,"column":24},"end":{"line":89,"column":54}},"14":{"start":{"line":91,"column":48},"end":{"line":97,"column":4}},"15":{"start":{"line":99,"column":15},"end":{"line":99,"column":60}},"16":{"start":{"line":101,"column":21},"end":{"line":101,"column":88}},"17":{"start":{"line":102,"column":22},"end":{"line":102,"column":70}},"18":{"start":{"line":104,"column":2},"end":{"line":108,"column":3}},"19":{"start":{"line":105,"column":4},"end":{"line":107,"column":6}},"20":{"start":{"line":110,"column":24},"end":{"line":110,"column":53}},"21":{"start":{"line":112,"column":14},"end":{"line":123,"column":null}},"22":{"start":{"line":126,"column":20},"end":{"line":139,"column":4}},"23":{"start":{"line":141,"column":2},"end":{"line":146,"column":5}},"24":{"start":{"line":148,"column":2},"end":{"line":164,"column":4}},"25":{"start":{"line":67,"column":13},"end":{"line":67,"column":32}}},"fnMap":{"0":{"name":"(anonymous_0)","decl":{"start":{"line":67,"column":32},"end":{"line":67,"column":37}},"loc":{"start":{"line":70,"column":48},"end":{"line":165,"column":1}}},"1":{"name":"(anonymous_1)","decl":{"start":{"line":71,"column":28},"end":{"line":71,"column":31}},"loc":{"start":{"line":71,"column":34},"end":{"line":71,"column":44}}}},"branchMap":{"0":{"loc":{"start":{"line":71,"column":15},"end":{"line":71,"column":45}},"type":"binary-expr","locations":[{"start":{"line":71,"column":15},"end":{"line":71,"column":23}},{"start":{"line":71,"column":28},"end":{"line":71,"column":44}}]},"1":{"loc":{"start":{"line":72,"column":15},"end":{"line":72,"column":38}},"type":"binary-expr","locations":[{"start":{"line":72,"column":15},"end":{"line":72,"column":24}},{"start":{"line":72,"column":28},"end":{"line":72,"column":38}}]},"2":{"loc":{"start":{"line":75,"column":2},"end":{"line":77,"column":3}},"type":"if","locations":[{"start":{"line":75,"column":2},"end":{"line":77,"column":3}}]},"3":{"loc":{"start":{"line":85,"column":2},"end":{"line":87,"column":3}},"type":"if","locations":[{"start":{"line":85,"column":2},"end":{"line":87,"column":3}}]},"4":{"loc":{"start":{"line":94,"column":22},"end":{"line":94,"column":45}},"type":"binary-expr","locations":[{"start":{"line":94,"column":22},"end":{"line":94,"column":39}},{"start":{"line":94,"column":43},"end":{"line":94,"column":45}}]},"5":{"loc":{"start":{"line":101,"column":21},"end":{"line":101,"column":88}},"type":"binary-expr","locations":[{"start":{"line":101,"column":21},"end":{"line":101,"column":37}},{"start":{"line":101,"column":41},"end":{"line":101,"column":67}},{"start":{"line":101,"column":71},"end":{"line":101,"column":88}}]},"6":{"loc":{"start":{"line":102,"column":22},"end":{"line":102,"column":70}},"type":"binary-expr","locations":[{"start":{"line":102,"column":22},"end":{"line":102,"column":39}},{"start":{"line":102,"column":43},"end":{"line":102,"column":70}}]},"7":{"loc":{"start":{"line":104,"column":2},"end":{"line":108,"column":3}},"type":"if","locations":[{"start":{"line":104,"column":2},"end":{"line":108,"column":3}}]},"8":{"loc":{"start":{"line":104,"column":6},"end":{"line":104,"column":83}},"type":"binary-expr","locations":[{"start":{"line":104,"column":6},"end":{"line":104,"column":26}},{"start":{"line":104,"column":30},"end":{"line":104,"column":55}},{"start":{"line":104,"column":59},"end":{"line":104,"column":83}}]},"9":{"loc":{"start":{"line":110,"column":24},"end":{"line":110,"column":53}},"type":"binary-expr","locations":[{"start":{"line":110,"column":24},"end":{"line":110,"column":43}},{"start":{"line":110,"column":47},"end":{"line":110,"column":53}}]}},"s":{"0":1,"1":1,"2":1,"3":1,"4":8,"5":0,"6":8,"7":8,"8":8,"9":1,"10":7,"11":7,"12":2,"13":5,"14":5,"15":5,"16":5,"17":5,"18":5,"19":1,"20":4,"21":4,"22":4,"23":4,"24":4,"25":1},"f":{"0":8,"1":0},"b":{"0":[8,0],"1":[8,0],"2":[1],"3":[2],"4":[5,0],"5":[5,4,0],"6":[5,4],"7":[1],"8":[5,4,4],"9":[4,3]}}
,"/Users/jr/Development/hustle-app/fleet-command/hussle-app-dispatch-api/src/agreements/services/voidAgreement.ts": {"path":"/Users/jr/Development/hustle-app/fleet-command/hussle-app-dispatch-api/src/agreements/services/voidAgreement.ts","statementMap":{"0":{"start":{"line":1,"column":0},"end":{"line":1,"column":64}},"1":{"start":{"line":5,"column":0},"end":{"line":5,"column":70}},"2":{"start":{"line":32,"column":29},"end":{"line":87,"column":1}},"3":{"start":{"line":36,"column":20},"end":{"line":36,"column":72}},"4":{"start":{"line":38,"column":2},"end":{"line":40,"column":3}},"5":{"start":{"line":39,"column":4},"end":{"line":39,"column":73}},"6":{"start":{"line":42,"column":2},"end":{"line":44,"column":3}},"7":{"start":{"line":43,"column":4},"end":{"line":43,"column":79}},"8":{"start":{"line":46,"column":2},"end":{"line":48,"column":3}},"9":{"start":{"line":47,"column":4},"end":{"line":47,"column":58}},"10":{"start":{"line":50,"column":2},"end":{"line":52,"column":3}},"11":{"start":{"line":51,"column":4},"end":{"line":51,"column":79}},"12":{"start":{"line":54,"column":19},"end":{"line":54,"column":53}},"13":{"start":{"line":54,"column":39},"end":{"line":54,"column":49}},"14":{"start":{"line":55,"column":21},"end":{"line":55,"column":41}},"15":{"start":{"line":57,"column":18},"end":{"line":62,"column":4}},"16":{"start":{"line":64,"column":2},"end":{"line":68,"column":5}},"17":{"start":{"line":70,"column":2},"end":{"line":86,"column":4}},"18":{"start":{"line":32,"column":13},"end":{"line":32,"column":29}}},"fnMap":{"0":{"name":"(anonymous_0)","decl":{"start":{"line":32,"column":29},"end":{"line":32,"column":34}},"loc":{"start":{"line":35,"column":48},"end":{"line":87,"column":1}}},"1":{"name":"(anonymous_1)","decl":{"start":{"line":54,"column":33},"end":{"line":54,"column":36}},"loc":{"start":{"line":54,"column":39},"end":{"line":54,"column":49}}}},"branchMap":{"0":{"loc":{"start":{"line":38,"column":2},"end":{"line":40,"column":3}},"type":"if","locations":[{"start":{"line":38,"column":2},"end":{"line":40,"column":3}}]},"1":{"loc":{"start":{"line":42,"column":2},"end":{"line":44,"column":3}},"type":"if","locations":[{"start":{"line":42,"column":2},"end":{"line":44,"column":3}}]},"2":{"loc":{"start":{"line":46,"column":2},"end":{"line":48,"column":3}},"type":"if","locations":[{"start":{"line":46,"column":2},"end":{"line":48,"column":3}}]},"3":{"loc":{"start":{"line":50,"column":2},"end":{"line":52,"column":3}},"type":"if","locations":[{"start":{"line":50,"column":2},"end":{"line":52,"column":3}}]},"4":{"loc":{"start":{"line":50,"column":6},"end":{"line":50,"column":90}},"type":"binary-expr","locations":[{"start":{"line":50,"column":6},"end":{"line":50,"column":45}},{"start":{"line":50,"column":49},"end":{"line":50,"column":90}}]},"5":{"loc":{"start":{"line":54,"column":20},"end":{"line":54,"column":50}},"type":"binary-expr","locations":[{"start":{"line":54,"column":20},"end":{"line":54,"column":28}},{"start":{"line":54,"column":33},"end":{"line":54,"column":49}}]},"6":{"loc":{"start":{"line":55,"column":21},"end":{"line":55,"column":41}},"type":"binary-expr","locations":[{"start":{"line":55,"column":21},"end":{"line":55,"column":33}},{"start":{"line":55,"column":37},"end":{"line":55,"column":41}}]}},"s":{"0":1,"1":1,"2":1,"3":6,"4":6,"5":0,"6":6,"7":1,"8":5,"9":2,"10":3,"11":3,"12":2,"13":0,"14":2,"15":2,"16":2,"17":2,"18":1},"f":{"0":6,"1":0},"b":{"0":[0],"1":[1],"2":[2],"3":[3],"4":[3,3],"5":[2,0],"6":[2,1]}}
,"/Users/jr/Development/hustle-app/fleet-command/hussle-app-dispatch-api/src/agreements/subscribers/agreementSignedSubscriber.ts": {"path":"/Users/jr/Development/hustle-app/fleet-command/hussle-app-dispatch-api/src/agreements/subscribers/agreementSignedSubscriber.ts","statementMap":{"0":{"start":{"line":15,"column":20},"end":{"line":15,"column":49}},"1":{"start":{"line":24,"column":51},"end":{"line":70,"column":1}},"2":{"start":{"line":27,"column":2},"end":{"line":67,"column":5}},"3":{"start":{"line":28,"column":4},"end":{"line":66,"column":5}},"4":{"start":{"line":29,"column":21},"end":{"line":31,"column":8}},"5":{"start":{"line":35,"column":6},"end":{"line":53,"column":7}},"6":{"start":{"line":36,"column":8},"end":{"line":52,"column":9}},"7":{"start":{"line":38,"column":12},"end":{"line":38,"column":78}},"8":{"start":{"line":39,"column":12},"end":{"line":39,"column":18}},"9":{"start":{"line":41,"column":12},"end":{"line":41,"column":78}},"10":{"start":{"line":42,"column":12},"end":{"line":42,"column":18}},"11":{"start":{"line":44,"column":12},"end":{"line":44,"column":75}},"12":{"start":{"line":45,"column":12},"end":{"line":45,"column":18}},"13":{"start":{"line":49,"column":35},"end":{"line":49,"column":40}},"14":{"start":{"line":50,"column":12},"end":{"line":50,"column":93}},"15":{"start":{"line":55,"column":6},"end":{"line":59,"column":9}},"16":{"start":{"line":61,"column":6},"end":{"line":64,"column":9}},"17":{"start":{"line":65,"column":6},"end":{"line":65,"column":18}},"18":{"start":{"line":69,"column":2},"end":{"line":69,"column":62}},"19":{"start":{"line":24,"column":13},"end":{"line":24,"column":51}}},"fnMap":{"0":{"name":"(anonymous_0)","decl":{"start":{"line":24,"column":51},"end":{"line":24,"column":56}},"loc":{"start":{"line":26,"column":19},"end":{"line":70,"column":1}}},"1":{"name":"(anonymous_1)","decl":{"start":{"line":27,"column":65},"end":{"line":27,"column":70}},"loc":{"start":{"line":27,"column":83},"end":{"line":67,"column":3}}}},"branchMap":{"0":{"loc":{"start":{"line":36,"column":8},"end":{"line":52,"column":9}},"type":"switch","locations":[{"start":{"line":37,"column":10},"end":{"line":39,"column":18}},{"start":{"line":40,"column":10},"end":{"line":42,"column":18}},{"start":{"line":43,"column":10},"end":{"line":45,"column":18}},{"start":{"line":46,"column":10},"end":{"line":51,"column":11}}]},"1":{"loc":{"start":{"line":63,"column":15},"end":{"line":63,"column":69}},"type":"cond-expr","locations":[{"start":{"line":63,"column":40},"end":{"line":63,"column":53}},{"start":{"line":63,"column":56},"end":{"line":63,"column":69}}]}},"s":{"0":1,"1":1,"2":5,"3":4,"4":4,"5":3,"6":1,"7":1,"8":1,"9":0,"10":0,"11":0,"12":0,"13":0,"14":0,"15":3,"16":1,"17":1,"18":5,"19":1},"f":{"0":5,"1":4},"b":{"0":[1,0,0,0],"1":[1,0]}}
,"/Users/jr/Development/hustle-app/fleet-command/hussle-app-dispatch-api/src/agreements/validators/agreementIdParamValidator.ts": {"path":"/Users/jr/Development/hustle-app/fleet-command/hussle-app-dispatch-api/src/agreements/validators/agreementIdParamValidator.ts","statementMap":{"0":{"start":{"line":1,"column":0},"end":{"line":1,"column":27}},"1":{"start":{"line":6,"column":13},"end":{"line":10,"column":3}},"2":{"start":{"line":15,"column":13},"end":{"line":22,"column":3}}},"fnMap":{},"branchMap":{},"s":{"0":1,"1":1,"2":1},"f":{},"b":{}}
,"/Users/jr/Development/hustle-app/fleet-command/hussle-app-dispatch-api/src/agreements/validators/listAgreementsValidator.ts": {"path":"/Users/jr/Development/hustle-app/fleet-command/hussle-app-dispatch-api/src/agreements/validators/listAgreementsValidator.ts","statementMap":{"0":{"start":{"line":1,"column":0},"end":{"line":1,"column":27}},"1":{"start":{"line":3,"column":32},"end":{"line":3,"column":104}},"2":{"start":{"line":9,"column":13},"end":{"line":23,"column":3}}},"fnMap":{},"branchMap":{},"s":{"0":1,"1":1,"2":1},"f":{},"b":{}}
,"/Users/jr/Development/hustle-app/fleet-command/hussle-app-dispatch-api/src/agreements/validators/requestAgreementValidator.ts": {"path":"/Users/jr/Development/hustle-app/fleet-command/hussle-app-dispatch-api/src/agreements/validators/requestAgreementValidator.ts","statementMap":{"0":{"start":{"line":1,"column":0},"end":{"line":1,"column":27}},"1":{"start":{"line":8,"column":13},"end":{"line":24,"column":3}}},"fnMap":{},"branchMap":{},"s":{"0":1,"1":1},"f":{},"b":{}}
,"/Users/jr/Development/hustle-app/fleet-command/hussle-app-dispatch-api/src/agreements/webhooks/docusealWebhookController.ts": {"path":"/Users/jr/Development/hustle-app/fleet-command/hussle-app-dispatch-api/src/agreements/webhooks/docusealWebhookController.ts","statementMap":{"0":{"start":{"line":1,"column":0},"end":{"line":1,"column":41}},"1":{"start":{"line":27,"column":61},"end":{"line":32,"column":2}},"2":{"start":{"line":48,"column":41},"end":{"line":147,"column":3}},"3":{"start":{"line":51,"column":2},"end":{"line":147,"column":3}},"4":{"start":{"line":52,"column":18},"end":{"line":52,"column":32}},"5":{"start":{"line":53,"column":22},"end":{"line":53,"column":37}},"6":{"start":{"line":54,"column":25},"end":{"line":54,"column":49}},"7":{"start":{"line":56,"column":4},"end":{"line":61,"column":5}},"8":{"start":{"line":57,"column":6},"end":{"line":59,"column":9}},"9":{"start":{"line":60,"column":6},"end":{"line":60,"column":13}},"10":{"start":{"line":63,"column":4},"end":{"line":63,"column":79}},"11":{"start":{"line":65,"column":22},"end":{"line":65,"column":87}},"12":{"start":{"line":66,"column":4},"end":{"line":70,"column":5}},"13":{"start":{"line":67,"column":6},"end":{"line":67,"column":79}},"14":{"start":{"line":68,"column":6},"end":{"line":68,"column":79}},"15":{"start":{"line":69,"column":6},"end":{"line":69,"column":13}},"16":{"start":{"line":72,"column":19},"end":{"line":72,"column":53}},"17":{"start":{"line":73,"column":4},"end":{"line":81,"column":5}},"18":{"start":{"line":74,"column":6},"end":{"line":78,"column":9}},"19":{"start":{"line":79,"column":6},"end":{"line":79,"column":47}},"20":{"start":{"line":80,"column":6},"end":{"line":80,"column":13}},"21":{"start":{"line":83,"column":43},"end":{"line":83,"column":59}},"22":{"start":{"line":84,"column":4},"end":{"line":93,"column":5}},"23":{"start":{"line":85,"column":6},"end":{"line":90,"column":9}},"24":{"start":{"line":91,"column":6},"end":{"line":91,"column":63}},"25":{"start":{"line":92,"column":6},"end":{"line":92,"column":13}},"26":{"start":{"line":95,"column":16},"end":{"line":95,"column":50}},"27":{"start":{"line":95,"column":36},"end":{"line":95,"column":46}},"28":{"start":{"line":97,"column":4},"end":{"line":144,"column":5}},"29":{"start":{"line":98,"column":28},"end":{"line":98,"column":40}},"30":{"start":{"line":99,"column":6},"end":{"line":106,"column":9}},"31":{"start":{"line":107,"column":6},"end":{"line":111,"column":9}},"32":{"start":{"line":112,"column":11},"end":{"line":144,"column":5}},"33":{"start":{"line":113,"column":6},"end":{"line":119,"column":9}},"34":{"start":{"line":120,"column":6},"end":{"line":123,"column":9}},"35":{"start":{"line":124,"column":6},"end":{"line":127,"column":9}},"36":{"start":{"line":129,"column":6},"end":{"line":135,"column":9}},"37":{"start":{"line":136,"column":6},"end":{"line":139,"column":9}},"38":{"start":{"line":140,"column":6},"end":{"line":143,"column":9}},"39":{"start":{"line":146,"column":4},"end":{"line":146,"column":45}},"40":{"start":{"line":48,"column":13},"end":{"line":48,"column":41}}},"fnMap":{"0":{"name":"(anonymous_0)","decl":{"start":{"line":48,"column":41},"end":{"line":48,"column":null}},"loc":{"start":{"line":51,"column":2},"end":{"line":147,"column":3}}},"1":{"name":"(anonymous_1)","decl":{"start":{"line":51,"column":2},"end":{"line":51,"column":7}},"loc":{"start":{"line":51,"column":55},"end":{"line":147,"column":3}}},"2":{"name":"(anonymous_2)","decl":{"start":{"line":95,"column":30},"end":{"line":95,"column":33}},"loc":{"start":{"line":95,"column":36},"end":{"line":95,"column":46}}}},"branchMap":{"0":{"loc":{"start":{"line":52,"column":18},"end":{"line":52,"column":32}},"type":"binary-expr","locations":[{"start":{"line":52,"column":18},"end":{"line":52,"column":26}},{"start":{"line":52,"column":30},"end":{"line":52,"column":32}}]},"1":{"loc":{"start":{"line":56,"column":4},"end":{"line":61,"column":5}},"type":"if","locations":[{"start":{"line":56,"column":4},"end":{"line":61,"column":5}}]},"2":{"loc":{"start":{"line":56,"column":8},"end":{"line":56,"column":35}},"type":"binary-expr","locations":[{"start":{"line":56,"column":8},"end":{"line":56,"column":18}},{"start":{"line":56,"column":22},"end":{"line":56,"column":35}}]},"3":{"loc":{"start":{"line":66,"column":4},"end":{"line":70,"column":5}},"type":"if","locations":[{"start":{"line":66,"column":4},"end":{"line":70,"column":5}}]},"4":{"loc":{"start":{"line":72,"column":19},"end":{"line":72,"column":53}},"type":"binary-expr","locations":[{"start":{"line":72,"column":19},"end":{"line":72,"column":45}},{"start":{"line":72,"column":49},"end":{"line":72,"column":53}}]},"5":{"loc":{"start":{"line":73,"column":4},"end":{"line":81,"column":5}},"type":"if","locations":[{"start":{"line":73,"column":4},"end":{"line":81,"column":5}}]},"6":{"loc":{"start":{"line":84,"column":4},"end":{"line":93,"column":5}},"type":"if","locations":[{"start":{"line":84,"column":4},"end":{"line":93,"column":5}}]},"7":{"loc":{"start":{"line":95,"column":17},"end":{"line":95,"column":47}},"type":"binary-expr","locations":[{"start":{"line":95,"column":17},"end":{"line":95,"column":25}},{"start":{"line":95,"column":30},"end":{"line":95,"column":46}}]},"8":{"loc":{"start":{"line":97,"column":4},"end":{"line":144,"column":5}},"type":"if","locations":[{"start":{"line":97,"column":4},"end":{"line":144,"column":5}},{"start":{"line":112,"column":11},"end":{"line":144,"column":5}}]},"9":{"loc":{"start":{"line":112,"column":11},"end":{"line":144,"column":5}},"type":"if","locations":[{"start":{"line":112,"column":11},"end":{"line":144,"column":5}},{"start":{"line":128,"column":11},"end":{"line":144,"column":5}}]}},"s":{"0":1,"1":1,"2":1,"3":11,"4":7,"5":7,"6":7,"7":7,"8":0,"9":0,"10":7,"11":7,"12":7,"13":1,"14":1,"15":1,"16":6,"17":6,"18":2,"19":2,"20":2,"21":4,"22":4,"23":1,"24":1,"25":1,"26":3,"27":0,"28":3,"29":1,"30":1,"31":1,"32":2,"33":1,"34":1,"35":1,"36":1,"37":1,"38":1,"39":3,"40":1},"f":{"0":11,"1":7,"2":0},"b":{"0":[7,0],"1":[0],"2":[7,7],"3":[1],"4":[6,2],"5":[2],"6":[1],"7":[3,0],"8":[1,2],"9":[1,1]}}
,"/Users/jr/Development/hustle-app/fleet-command/hussle-app-dispatch-api/src/agreements/webhooks/docusealWebhookRoutes.ts": {"path":"/Users/jr/Development/hustle-app/fleet-command/hussle-app-dispatch-api/src/agreements/webhooks/docusealWebhookRoutes.ts","statementMap":{"0":{"start":{"line":1,"column":0},"end":{"line":1,"column":30}},"1":{"start":{"line":4,"column":0},"end":{"line":4,"column":38}},"2":{"start":{"line":23,"column":43},"end":{"line":44,"column":1}},"3":{"start":{"line":26,"column":17},"end":{"line":26,"column":33}},"4":{"start":{"line":28,"column":25},"end":{"line":33,"column":3}},"5":{"start":{"line":29,"column":4},"end":{"line":31,"column":5}},"6":{"start":{"line":30,"column":6},"end":{"line":30,"column":29}},"7":{"start":{"line":32,"column":4},"end":{"line":32,"column":11}},"8":{"start":{"line":35,"column":2},"end":{"line":41,"column":4}},"9":{"start":{"line":43,"column":2},"end":{"line":43,"column":16}},"10":{"start":{"line":23,"column":13},"end":{"line":23,"column":43}}},"fnMap":{"0":{"name":"(anonymous_1)","decl":{"start":{"line":23,"column":43},"end":{"line":23,"column":null}},"loc":{"start":{"line":25,"column":12},"end":{"line":44,"column":1}}},"1":{"name":"(anonymous_2)","decl":{"start":{"line":28,"column":25},"end":{"line":28,"column":26}},"loc":{"start":{"line":28,"column":84},"end":{"line":33,"column":3}}}},"branchMap":{"0":{"loc":{"start":{"line":29,"column":4},"end":{"line":31,"column":5}},"type":"if","locations":[{"start":{"line":29,"column":4},"end":{"line":31,"column":5}}]}},"s":{"0":1,"1":1,"2":1,"3":11,"4":11,"5":11,"6":11,"7":11,"8":11,"9":11,"10":1},"f":{"0":11,"1":11},"b":{"0":[11]}}
,"/Users/jr/Development/hustle-app/fleet-command/hussle-app-dispatch-api/src/agreements/webhooks/verifyDocusealHmacMiddleware.ts": {"path":"/Users/jr/Development/hustle-app/fleet-command/hussle-app-dispatch-api/src/agreements/webhooks/verifyDocusealHmacMiddleware.ts","statementMap":{"0":{"start":{"line":1,"column":0},"end":{"line":1,"column":33}},"1":{"start":{"line":7,"column":0},"end":{"line":7,"column":38}},"2":{"start":{"line":27,"column":40},"end":{"line":81,"column":3}},"3":{"start":{"line":28,"column":2},"end":{"line":81,"column":3}},"4":{"start":{"line":29,"column":4},"end":{"line":33,"column":5}},"5":{"start":{"line":30,"column":6},"end":{"line":30,"column":66}},"6":{"start":{"line":31,"column":6},"end":{"line":31,"column":79}},"7":{"start":{"line":32,"column":6},"end":{"line":32,"column":13}},"8":{"start":{"line":35,"column":22},"end":{"line":35,"column":56}},"9":{"start":{"line":36,"column":4},"end":{"line":39,"column":5}},"10":{"start":{"line":37,"column":6},"end":{"line":37,"column":75}},"11":{"start":{"line":38,"column":6},"end":{"line":38,"column":13}},"12":{"start":{"line":41,"column":4},"end":{"line":45,"column":5}},"13":{"start":{"line":42,"column":6},"end":{"line":42,"column":88}},"14":{"start":{"line":43,"column":6},"end":{"line":43,"column":73}},"15":{"start":{"line":44,"column":6},"end":{"line":44,"column":13}},"16":{"start":{"line":47,"column":21},"end":{"line":50,"column":20}},"17":{"start":{"line":52,"column":24},"end":{"line":52,"column":52}},"18":{"start":{"line":54,"column":4},"end":{"line":60,"column":5}},"19":{"start":{"line":55,"column":6},"end":{"line":55,"column":50}},"20":{"start":{"line":57,"column":6},"end":{"line":57,"column":82}},"21":{"start":{"line":58,"column":6},"end":{"line":58,"column":75}},"22":{"start":{"line":59,"column":6},"end":{"line":59,"column":13}},"23":{"start":{"line":62,"column":4},"end":{"line":69,"column":5}},"24":{"start":{"line":66,"column":6},"end":{"line":66,"column":64}},"25":{"start":{"line":67,"column":6},"end":{"line":67,"column":75}},"26":{"start":{"line":68,"column":6},"end":{"line":68,"column":13}},"27":{"start":{"line":71,"column":4},"end":{"line":78,"column":5}},"28":{"start":{"line":72,"column":6},"end":{"line":72,"column":58}},"29":{"start":{"line":74,"column":22},"end":{"line":74,"column":78}},"30":{"start":{"line":75,"column":6},"end":{"line":75,"column":79}},"31":{"start":{"line":76,"column":6},"end":{"line":76,"column":70}},"32":{"start":{"line":77,"column":6},"end":{"line":77,"column":13}},"33":{"start":{"line":80,"column":4},"end":{"line":80,"column":11}},"34":{"start":{"line":27,"column":13},"end":{"line":27,"column":40}}},"fnMap":{"0":{"name":"(anonymous_1)","decl":{"start":{"line":27,"column":40},"end":{"line":27,"column":41}},"loc":{"start":{"line":28,"column":2},"end":{"line":81,"column":3}}},"1":{"name":"(anonymous_2)","decl":{"start":{"line":28,"column":2},"end":{"line":28,"column":3}},"loc":{"start":{"line":28,"column":60},"end":{"line":81,"column":3}}}},"branchMap":{"0":{"loc":{"start":{"line":29,"column":4},"end":{"line":33,"column":5}},"type":"if","locations":[{"start":{"line":29,"column":4},"end":{"line":33,"column":5}}]},"1":{"loc":{"start":{"line":36,"column":4},"end":{"line":39,"column":5}},"type":"if","locations":[{"start":{"line":36,"column":4},"end":{"line":39,"column":5}}]},"2":{"loc":{"start":{"line":41,"column":4},"end":{"line":45,"column":5}},"type":"if","locations":[{"start":{"line":41,"column":4},"end":{"line":45,"column":5}}]},"3":{"loc":{"start":{"line":62,"column":4},"end":{"line":69,"column":5}},"type":"if","locations":[{"start":{"line":62,"column":4},"end":{"line":69,"column":5}}]},"4":{"loc":{"start":{"line":63,"column":6},"end":{"line":64,"column":55}},"type":"binary-expr","locations":[{"start":{"line":63,"column":6},"end":{"line":63,"column":47}},{"start":{"line":64,"column":6},"end":{"line":64,"column":55}}]},"5":{"loc":{"start":{"line":74,"column":22},"end":{"line":74,"column":78}},"type":"cond-expr","locations":[{"start":{"line":74,"column":47},"end":{"line":74,"column":60}},{"start":{"line":74,"column":63},"end":{"line":74,"column":78}}]}},"s":{"0":2,"1":2,"2":2,"3":18,"4":18,"5":1,"6":1,"7":1,"8":17,"9":17,"10":2,"11":2,"12":15,"13":1,"14":1,"15":1,"16":14,"17":14,"18":14,"19":14,"20":0,"21":0,"22":0,"23":14,"24":4,"25":4,"26":4,"27":10,"28":10,"29":2,"30":2,"31":2,"32":2,"33":8,"34":2},"f":{"0":18,"1":18},"b":{"0":[1],"1":[2],"2":[1],"3":[4],"4":[14,13],"5":[2,0]}}
,"/Users/jr/Development/hustle-app/fleet-command/hussle-app-dispatch-api/src/shared/signatures/docusealProvider.ts": {"path":"/Users/jr/Development/hustle-app/fleet-command/hussle-app-dispatch-api/src/shared/signatures/docusealProvider.ts","statementMap":{"0":{"start":{"line":24,"column":24},"end":{"line":24,"column":55}},"1":{"start":{"line":28,"column":30},"end":{"line":28,"column":49}},"2":{"start":{"line":30,"column":21},"end":{"line":33,"column":4}},"3":{"start":{"line":31,"column":2},"end":{"line":33,"column":4}},"4":{"start":{"line":32,"column":4},"end":{"line":32,"column":28}},"5":{"start":{"line":69,"column":38},"end":{"line":302,"column":1}},"6":{"start":{"line":70,"column":2},"end":{"line":72,"column":3}},"7":{"start":{"line":71,"column":4},"end":{"line":71,"column":92}},"8":{"start":{"line":73,"column":2},"end":{"line":75,"column":3}},"9":{"start":{"line":74,"column":4},"end":{"line":74,"column":92}},"10":{"start":{"line":77,"column":38},"end":{"line":77,"column":42}},"11":{"start":{"line":78,"column":20},"end":{"line":78,"column":50}},"12":{"start":{"line":79,"column":16},"end":{"line":79,"column":42}},"13":{"start":{"line":81,"column":24},"end":{"line":121,"column":3}},"14":{"start":{"line":82,"column":34},"end":{"line":82,"column":38}},"15":{"start":{"line":84,"column":4},"end":{"line":118,"column":5}},"16":{"start":{"line":84,"column":23},"end":{"line":84,"column":24}},"17":{"start":{"line":86,"column":6},"end":{"line":97,"column":7}},"18":{"start":{"line":87,"column":8},"end":{"line":87,"column":35}},"19":{"start":{"line":89,"column":8},"end":{"line":89,"column":72}},"20":{"start":{"line":90,"column":22},"end":{"line":90,"column":46}},"21":{"start":{"line":91,"column":8},"end":{"line":93,"column":9}},"22":{"start":{"line":92,"column":10},"end":{"line":92,"column":16}},"23":{"start":{"line":94,"column":8},"end":{"line":94,"column":74}},"24":{"start":{"line":95,"column":8},"end":{"line":95,"column":27}},"25":{"start":{"line":96,"column":8},"end":{"line":96,"column":17}},"26":{"start":{"line":99,"column":6},"end":{"line":101,"column":7}},"27":{"start":{"line":100,"column":8},"end":{"line":100,"column":44}},"28":{"start":{"line":103,"column":6},"end":{"line":105,"column":7}},"29":{"start":{"line":104,"column":8},"end":{"line":104,"column":80}},"30":{"start":{"line":107,"column":6},"end":{"line":107,"column":84}},"31":{"start":{"line":108,"column":20},"end":{"line":108,"column":44}},"32":{"start":{"line":109,"column":6},"end":{"line":111,"column":7}},"33":{"start":{"line":110,"column":8},"end":{"line":110,"column":14}},"34":{"start":{"line":112,"column":6},"end":{"line":116,"column":9}},"35":{"start":{"line":117,"column":6},"end":{"line":117,"column":25}},"36":{"start":{"line":120,"column":4},"end":{"line":120,"column":72}},"37":{"start":{"line":123,"column":23},"end":{"line":126,"column":4}},"38":{"start":{"line":123,"column":84},"end":{"line":126,"column":4}},"39":{"start":{"line":128,"column":27},"end":{"line":167,"column":3}},"40":{"start":{"line":129,"column":17},"end":{"line":129,"column":41}},"41":{"start":{"line":130,"column":4},"end":{"line":132,"column":5}},"42":{"start":{"line":131,"column":6},"end":{"line":131,"column":80}},"43":{"start":{"line":134,"column":17},"end":{"line":144,"column":6}},"44":{"start":{"line":146,"column":21},"end":{"line":151,"column":null}},"45":{"start":{"line":147,"column":6},"end":{"line":151,"column":8}},"46":{"start":{"line":154,"column":27},"end":{"line":154,"column":49}},"47":{"start":{"line":155,"column":4},"end":{"line":157,"column":5}},"48":{"start":{"line":156,"column":6},"end":{"line":156,"column":74}},"49":{"start":{"line":158,"column":4},"end":{"line":160,"column":5}},"50":{"start":{"line":159,"column":6},"end":{"line":159,"column":88}},"51":{"start":{"line":162,"column":4},"end":{"line":166,"column":6}},"52":{"start":{"line":169,"column":26},"end":{"line":176,"column":null}},"53":{"start":{"line":172,"column":4},"end":{"line":176,"column":null}},"54":{"start":{"line":173,"column":6},"end":{"line":176,"column":8}},"55":{"start":{"line":179,"column":24},"end":{"line":218,"column":3}},"56":{"start":{"line":180,"column":21},"end":{"line":180,"column":64}},"57":{"start":{"line":181,"column":15},"end":{"line":181,"column":34}},"58":{"start":{"line":183,"column":4},"end":{"line":185,"column":5}},"59":{"start":{"line":184,"column":6},"end":{"line":184,"column":61}},"60":{"start":{"line":186,"column":4},"end":{"line":195,"column":5}},"61":{"start":{"line":187,"column":6},"end":{"line":189,"column":7}},"62":{"start":{"line":188,"column":8},"end":{"line":188,"column":78}},"63":{"start":{"line":190,"column":6},"end":{"line":194,"column":8}},"64":{"start":{"line":196,"column":4},"end":{"line":205,"column":5}},"65":{"start":{"line":197,"column":6},"end":{"line":199,"column":7}},"66":{"start":{"line":198,"column":8},"end":{"line":198,"column":76}},"67":{"start":{"line":200,"column":6},"end":{"line":204,"column":8}},"68":{"start":{"line":206,"column":4},"end":{"line":215,"column":5}},"69":{"start":{"line":207,"column":6},"end":{"line":209,"column":7}},"70":{"start":{"line":208,"column":8},"end":{"line":208,"column":74}},"71":{"start":{"line":210,"column":6},"end":{"line":214,"column":8}},"72":{"start":{"line":217,"column":4},"end":{"line":217,"column":90}},"73":{"start":{"line":220,"column":25},"end":{"line":239,"column":3}},"74":{"start":{"line":222,"column":4},"end":{"line":230,"column":5}},"75":{"start":{"line":223,"column":6},"end":{"line":226,"column":9}},"76":{"start":{"line":228,"column":20},"end":{"line":228,"column":71}},"77":{"start":{"line":229,"column":6},"end":{"line":229,"column":18}},"78":{"start":{"line":232,"column":4},"end":{"line":234,"column":5}},"79":{"start":{"line":233,"column":6},"end":{"line":233,"column":13}},"80":{"start":{"line":235,"column":4},"end":{"line":237,"column":5}},"81":{"start":{"line":236,"column":6},"end":{"line":236,"column":87}},"82":{"start":{"line":238,"column":4},"end":{"line":238,"column":85}},"83":{"start":{"line":241,"column":31},"end":{"line":275,"column":3}},"84":{"start":{"line":244,"column":23},"end":{"line":244,"column":66}},"85":{"start":{"line":246,"column":22},"end":{"line":246,"column":48}},"86":{"start":{"line":247,"column":21},"end":{"line":247,"column":33}},"87":{"start":{"line":248,"column":4},"end":{"line":250,"column":5}},"88":{"start":{"line":249,"column":6},"end":{"line":249,"column":84}},"89":{"start":{"line":251,"column":19},"end":{"line":251,"column":31}},"90":{"start":{"line":252,"column":21},"end":{"line":252,"column":45}},"91":{"start":{"line":253,"column":4},"end":{"line":255,"column":5}},"92":{"start":{"line":254,"column":6},"end":{"line":254,"column":88}},"93":{"start":{"line":257,"column":41},"end":{"line":260,"column":6}},"94":{"start":{"line":262,"column":4},"end":{"line":264,"column":5}},"95":{"start":{"line":263,"column":6},"end":{"line":263,"column":102}},"96":{"start":{"line":265,"column":4},"end":{"line":269,"column":5}},"97":{"start":{"line":266,"column":6},"end":{"line":268,"column":8}},"98":{"start":{"line":271,"column":22},"end":{"line":271,"column":66}},"99":{"start":{"line":272,"column":29},"end":{"line":272,"column":75}},"100":{"start":{"line":274,"column":4},"end":{"line":274,"column":43}},"101":{"start":{"line":277,"column":26},"end":{"line":293,"column":3}},"102":{"start":{"line":280,"column":21},"end":{"line":280,"column":64}},"103":{"start":{"line":281,"column":27},"end":{"line":281,"column":49}},"104":{"start":{"line":282,"column":4},"end":{"line":284,"column":5}},"105":{"start":{"line":283,"column":6},"end":{"line":283,"column":73}},"106":{"start":{"line":285,"column":4},"end":{"line":287,"column":5}},"107":{"start":{"line":286,"column":6},"end":{"line":286,"column":87}},"108":{"start":{"line":288,"column":4},"end":{"line":292,"column":6}},"109":{"start":{"line":295,"column":2},"end":{"line":301,"column":4}},"110":{"start":{"line":69,"column":13},"end":{"line":69,"column":38}}},"fnMap":{"0":{"name":"(anonymous_0)","decl":{"start":{"line":30,"column":21},"end":{"line":30,"column":22}},"loc":{"start":{"line":31,"column":2},"end":{"line":33,"column":4}}},"1":{"name":"(anonymous_1)","decl":{"start":{"line":31,"column":14},"end":{"line":31,"column":15}},"loc":{"start":{"line":31,"column":26},"end":{"line":33,"column":3}}},"2":{"name":"(anonymous_2)","decl":{"start":{"line":69,"column":38},"end":{"line":69,"column":39}},"loc":{"start":{"line":69,"column":92},"end":{"line":302,"column":1}}},"3":{"name":"(anonymous_3)","decl":{"start":{"line":81,"column":24},"end":{"line":81,"column":29}},"loc":{"start":{"line":81,"column":94},"end":{"line":121,"column":3}}},"4":{"name":"(anonymous_4)","decl":{"start":{"line":123,"column":23},"end":{"line":123,"column":24}},"loc":{"start":{"line":123,"column":84},"end":{"line":126,"column":4}}},"5":{"name":"(anonymous_5)","decl":{"start":{"line":128,"column":27},"end":{"line":128,"column":32}},"loc":{"start":{"line":128,"column":90},"end":{"line":167,"column":3}}},"6":{"name":"(anonymous_6)","decl":{"start":{"line":146,"column":85},"end":{"line":146,"column":88}},"loc":{"start":{"line":147,"column":6},"end":{"line":151,"column":8}}},"7":{"name":"(anonymous_7)","decl":{"start":{"line":169,"column":26},"end":{"line":169,"column":31}},"loc":{"start":{"line":172,"column":4},"end":{"line":176,"column":null}}},"8":{"name":"(anonymous_8)","decl":{"start":{"line":172,"column":56},"end":{"line":172,"column":59}},"loc":{"start":{"line":173,"column":6},"end":{"line":176,"column":8}}},"9":{"name":"(anonymous_9)","decl":{"start":{"line":179,"column":24},"end":{"line":179,"column":29}},"loc":{"start":{"line":179,"column":90},"end":{"line":218,"column":3}}},"10":{"name":"(anonymous_10)","decl":{"start":{"line":220,"column":25},"end":{"line":220,"column":30}},"loc":{"start":{"line":220,"column":79},"end":{"line":239,"column":3}}},"11":{"name":"(anonymous_11)","decl":{"start":{"line":241,"column":31},"end":{"line":241,"column":36}},"loc":{"start":{"line":243,"column":32},"end":{"line":275,"column":3}}},"12":{"name":"(anonymous_12)","decl":{"start":{"line":277,"column":26},"end":{"line":277,"column":31}},"loc":{"start":{"line":279,"column":30},"end":{"line":293,"column":3}}}},"branchMap":{"0":{"loc":{"start":{"line":70,"column":2},"end":{"line":72,"column":3}},"type":"if","locations":[{"start":{"line":70,"column":2},"end":{"line":72,"column":3}}]},"1":{"loc":{"start":{"line":73,"column":2},"end":{"line":75,"column":3}},"type":"if","locations":[{"start":{"line":73,"column":2},"end":{"line":75,"column":3}}]},"2":{"loc":{"start":{"line":78,"column":20},"end":{"line":78,"column":50}},"type":"binary-expr","locations":[{"start":{"line":78,"column":20},"end":{"line":78,"column":30}},{"start":{"line":78,"column":34},"end":{"line":78,"column":50}}]},"3":{"loc":{"start":{"line":79,"column":16},"end":{"line":79,"column":42}},"type":"binary-expr","locations":[{"start":{"line":79,"column":16},"end":{"line":79,"column":26}},{"start":{"line":79,"column":30},"end":{"line":79,"column":42}}]},"4":{"loc":{"start":{"line":89,"column":20},"end":{"line":89,"column":71}},"type":"cond-expr","locations":[{"start":{"line":89,"column":43},"end":{"line":89,"column":46}},{"start":{"line":89,"column":49},"end":{"line":89,"column":71}}]},"5":{"loc":{"start":{"line":91,"column":8},"end":{"line":93,"column":9}},"type":"if","locations":[{"start":{"line":91,"column":8},"end":{"line":93,"column":9}}]},"6":{"loc":{"start":{"line":99,"column":6},"end":{"line":101,"column":7}},"type":"if","locations":[{"start":{"line":99,"column":6},"end":{"line":101,"column":7}}]},"7":{"loc":{"start":{"line":103,"column":6},"end":{"line":105,"column":7}},"type":"if","locations":[{"start":{"line":103,"column":6},"end":{"line":105,"column":7}}]},"8":{"loc":{"start":{"line":103,"column":10},"end":{"line":103,"column":57}},"type":"binary-expr","locations":[{"start":{"line":103,"column":10},"end":{"line":103,"column":32}},{"start":{"line":103,"column":36},"end":{"line":103,"column":57}}]},"9":{"loc":{"start":{"line":109,"column":6},"end":{"line":111,"column":7}},"type":"if","locations":[{"start":{"line":109,"column":6},"end":{"line":111,"column":7}}]},"10":{"loc":{"start":{"line":120,"column":10},"end":{"line":120,"column":71}},"type":"binary-expr","locations":[{"start":{"line":120,"column":10},"end":{"line":120,"column":19}},{"start":{"line":120,"column":23},"end":{"line":120,"column":71}}]},"11":{"loc":{"start":{"line":130,"column":4},"end":{"line":132,"column":5}},"type":"if","locations":[{"start":{"line":130,"column":4},"end":{"line":132,"column":5}}]},"12":{"loc":{"start":{"line":130,"column":8},"end":{"line":130,"column":41}},"type":"binary-expr","locations":[{"start":{"line":130,"column":8},"end":{"line":130,"column":26}},{"start":{"line":130,"column":30},"end":{"line":130,"column":41}}]},"13":{"loc":{"start":{"line":155,"column":4},"end":{"line":157,"column":5}},"type":"if","locations":[{"start":{"line":155,"column":4},"end":{"line":157,"column":5}}]},"14":{"loc":{"start":{"line":158,"column":4},"end":{"line":160,"column":5}},"type":"if","locations":[{"start":{"line":158,"column":4},"end":{"line":160,"column":5}}]},"15":{"loc":{"start":{"line":183,"column":4},"end":{"line":185,"column":5}},"type":"if","locations":[{"start":{"line":183,"column":4},"end":{"line":185,"column":5}}]},"16":{"loc":{"start":{"line":186,"column":4},"end":{"line":195,"column":5}},"type":"if","locations":[{"start":{"line":186,"column":4},"end":{"line":195,"column":5}}]},"17":{"loc":{"start":{"line":187,"column":6},"end":{"line":189,"column":7}},"type":"if","locations":[{"start":{"line":187,"column":6},"end":{"line":189,"column":7}}]},"18":{"loc":{"start":{"line":196,"column":4},"end":{"line":205,"column":5}},"type":"if","locations":[{"start":{"line":196,"column":4},"end":{"line":205,"column":5}}]},"19":{"loc":{"start":{"line":197,"column":6},"end":{"line":199,"column":7}},"type":"if","locations":[{"start":{"line":197,"column":6},"end":{"line":199,"column":7}}]},"20":{"loc":{"start":{"line":206,"column":4},"end":{"line":215,"column":5}},"type":"if","locations":[{"start":{"line":206,"column":4},"end":{"line":215,"column":5}}]},"21":{"loc":{"start":{"line":207,"column":6},"end":{"line":209,"column":7}},"type":"if","locations":[{"start":{"line":207,"column":6},"end":{"line":209,"column":7}}]},"22":{"loc":{"start":{"line":228,"column":20},"end":{"line":228,"column":71}},"type":"cond-expr","locations":[{"start":{"line":228,"column":43},"end":{"line":228,"column":46}},{"start":{"line":228,"column":49},"end":{"line":228,"column":71}}]},"23":{"loc":{"start":{"line":232,"column":4},"end":{"line":234,"column":5}},"type":"if","locations":[{"start":{"line":232,"column":4},"end":{"line":234,"column":5}}]},"24":{"loc":{"start":{"line":232,"column":8},"end":{"line":232,"column":46}},"type":"binary-expr","locations":[{"start":{"line":232,"column":8},"end":{"line":232,"column":19}},{"start":{"line":232,"column":23},"end":{"line":232,"column":46}}]},"25":{"loc":{"start":{"line":235,"column":4},"end":{"line":237,"column":5}},"type":"if","locations":[{"start":{"line":235,"column":4},"end":{"line":237,"column":5}}]},"26":{"loc":{"start":{"line":235,"column":8},"end":{"line":235,"column":55}},"type":"binary-expr","locations":[{"start":{"line":235,"column":8},"end":{"line":235,"column":30}},{"start":{"line":235,"column":34},"end":{"line":235,"column":55}}]},"27":{"loc":{"start":{"line":246,"column":22},"end":{"line":246,"column":48}},"type":"binary-expr","locations":[{"start":{"line":246,"column":22},"end":{"line":246,"column":42}},{"start":{"line":246,"column":46},"end":{"line":246,"column":48}}]},"28":{"loc":{"start":{"line":248,"column":4},"end":{"line":250,"column":5}},"type":"if","locations":[{"start":{"line":248,"column":4},"end":{"line":250,"column":5}}]},"29":{"loc":{"start":{"line":253,"column":4},"end":{"line":255,"column":5}},"type":"if","locations":[{"start":{"line":253,"column":4},"end":{"line":255,"column":5}}]},"30":{"loc":{"start":{"line":262,"column":4},"end":{"line":264,"column":5}},"type":"if","locations":[{"start":{"line":262,"column":4},"end":{"line":264,"column":5}}]},"31":{"loc":{"start":{"line":265,"column":4},"end":{"line":269,"column":5}},"type":"if","locations":[{"start":{"line":265,"column":4},"end":{"line":269,"column":5}}]},"32":{"loc":{"start":{"line":282,"column":4},"end":{"line":284,"column":5}},"type":"if","locations":[{"start":{"line":282,"column":4},"end":{"line":284,"column":5}}]},"33":{"loc":{"start":{"line":285,"column":4},"end":{"line":287,"column":5}},"type":"if","locations":[{"start":{"line":285,"column":4},"end":{"line":287,"column":5}}]}},"s":{"0":1,"1":1,"2":1,"3":0,"4":0,"5":1,"6":16,"7":1,"8":15,"9":1,"10":14,"11":14,"12":14,"13":14,"14":11,"15":11,"16":11,"17":13,"18":13,"19":0,"20":0,"21":0,"22":0,"23":0,"24":0,"25":0,"26":13,"27":10,"28":3,"29":1,"30":2,"31":2,"32":2,"33":0,"34":2,"35":2,"36":0,"37":14,"38":17,"39":14,"40":4,"41":4,"42":1,"43":3,"44":3,"45":5,"46":2,"47":2,"48":0,"49":2,"50":0,"51":2,"52":14,"53":8,"54":8,"55":14,"56":5,"57":5,"58":5,"59":2,"60":3,"61":1,"62":0,"63":1,"64":2,"65":1,"66":0,"67":1,"68":1,"69":1,"70":0,"71":1,"72":0,"73":14,"74":2,"75":2,"76":0,"77":0,"78":2,"79":2,"80":0,"81":0,"82":0,"83":14,"84":1,"85":1,"86":1,"87":1,"88":0,"89":1,"90":1,"91":1,"92":0,"93":1,"94":1,"95":0,"96":1,"97":0,"98":1,"99":1,"100":1,"101":14,"102":2,"103":2,"104":2,"105":1,"106":1,"107":0,"108":1,"109":14,"110":1},"f":{"0":0,"1":0,"2":16,"3":11,"4":17,"5":4,"6":5,"7":8,"8":8,"9":5,"10":2,"11":1,"12":2},"b":{"0":[1],"1":[1],"2":[14,0],"3":[14,0],"4":[0,0],"5":[0],"6":[10],"7":[1],"8":[3,3],"9":[0],"10":[0,0],"11":[1],"12":[4,3],"13":[0],"14":[0],"15":[2],"16":[1],"17":[0],"18":[1],"19":[0],"20":[1],"21":[0],"22":[0,0],"23":[2],"24":[2,1],"25":[0],"26":[0,0],"27":[1,0],"28":[0],"29":[0],"30":[0],"31":[0],"32":[1],"33":[0]}}
,"/Users/jr/Development/hustle-app/fleet-command/hussle-app-dispatch-api/src/shared/signatures/mockSignatureProvider.ts": {"path":"/Users/jr/Development/hustle-app/fleet-command/hussle-app-dispatch-api/src/shared/signatures/mockSignatureProvider.ts","statementMap":{"0":{"start":{"line":15,"column":0},"end":{"line":15,"column":33}},"1":{"start":{"line":42,"column":31},"end":{"line":42,"column":50}},"2":{"start":{"line":44,"column":36},"end":{"line":50,"column":1}},"3":{"start":{"line":45,"column":17},"end":{"line":48,"column":18}},"4":{"start":{"line":49,"column":2},"end":{"line":49,"column":39}},"5":{"start":{"line":52,"column":43},"end":{"line":172,"column":1}},"6":{"start":{"line":53,"column":22},"end":{"line":53,"column":60}},"7":{"start":{"line":55,"column":27},"end":{"line":78,"column":3}},"8":{"start":{"line":56,"column":4},"end":{"line":58,"column":5}},"9":{"start":{"line":57,"column":6},"end":{"line":57,"column":48}},"10":{"start":{"line":59,"column":4},"end":{"line":61,"column":5}},"11":{"start":{"line":60,"column":6},"end":{"line":60,"column":51}},"12":{"start":{"line":63,"column":33},"end":{"line":63,"column":67}},"13":{"start":{"line":64,"column":22},"end":{"line":64,"column":32}},"14":{"start":{"line":65,"column":22},"end":{"line":65,"column":76}},"15":{"start":{"line":67,"column":4},"end":{"line":71,"column":7}},"16":{"start":{"line":73,"column":4},"end":{"line":77,"column":6}},"17":{"start":{"line":80,"column":24},"end":{"line":111,"column":3}},"18":{"start":{"line":81,"column":4},"end":{"line":83,"column":5}},"19":{"start":{"line":82,"column":6},"end":{"line":82,"column":46}},"20":{"start":{"line":84,"column":18},"end":{"line":84,"column":55}},"21":{"start":{"line":85,"column":4},"end":{"line":87,"column":5}},"22":{"start":{"line":86,"column":6},"end":{"line":86,"column":46}},"23":{"start":{"line":89,"column":4},"end":{"line":92,"column":5}},"24":{"start":{"line":90,"column":25},"end":{"line":90,"column":53}},"25":{"start":{"line":91,"column":6},"end":{"line":91,"column":70}},"26":{"start":{"line":94,"column":4},"end":{"line":100,"column":5}},"27":{"start":{"line":95,"column":27},"end":{"line":95,"column":32}},"28":{"start":{"line":96,"column":6},"end":{"line":98,"column":7}},"29":{"start":{"line":97,"column":8},"end":{"line":97,"column":68}},"30":{"start":{"line":99,"column":6},"end":{"line":99,"column":66}},"31":{"start":{"line":102,"column":4},"end":{"line":108,"column":5}},"32":{"start":{"line":103,"column":27},"end":{"line":103,"column":32}},"33":{"start":{"line":104,"column":6},"end":{"line":106,"column":7}},"34":{"start":{"line":105,"column":8},"end":{"line":105,"column":68}},"35":{"start":{"line":107,"column":6},"end":{"line":107,"column":66}},"36":{"start":{"line":110,"column":4},"end":{"line":110,"column":55}},"37":{"start":{"line":113,"column":25},"end":{"line":120,"column":3}},"38":{"start":{"line":114,"column":18},"end":{"line":114,"column":55}},"39":{"start":{"line":115,"column":4},"end":{"line":117,"column":5}},"40":{"start":{"line":116,"column":6},"end":{"line":116,"column":46}},"41":{"start":{"line":118,"column":4},"end":{"line":118,"column":28}},"42":{"start":{"line":119,"column":4},"end":{"line":119,"column":32}},"43":{"start":{"line":122,"column":31},"end":{"line":133,"column":3}},"44":{"start":{"line":125,"column":18},"end":{"line":125,"column":55}},"45":{"start":{"line":126,"column":4},"end":{"line":128,"column":5}},"46":{"start":{"line":127,"column":6},"end":{"line":127,"column":46}},"47":{"start":{"line":129,"column":4},"end":{"line":132,"column":6}},"48":{"start":{"line":135,"column":26},"end":{"line":148,"column":3}},"49":{"start":{"line":138,"column":18},"end":{"line":138,"column":55}},"50":{"start":{"line":139,"column":4},"end":{"line":141,"column":5}},"51":{"start":{"line":140,"column":6},"end":{"line":140,"column":46}},"52":{"start":{"line":142,"column":22},"end":{"line":142,"column":67}},"53":{"start":{"line":143,"column":4},"end":{"line":147,"column":6}},"54":{"start":{"line":150,"column":56},"end":{"line":162,"column":4}},"55":{"start":{"line":152,"column":20},"end":{"line":152,"column":57}},"56":{"start":{"line":153,"column":6},"end":{"line":155,"column":7}},"57":{"start":{"line":154,"column":8},"end":{"line":154,"column":48}},"58":{"start":{"line":156,"column":6},"end":{"line":156,"column":30}},"59":{"start":{"line":157,"column":6},"end":{"line":157,"column":34}},"60":{"start":{"line":160,"column":6},"end":{"line":160,"column":26}},"61":{"start":{"line":164,"column":2},"end":{"line":171,"column":4}},"62":{"start":{"line":52,"column":13},"end":{"line":52,"column":43}}},"fnMap":{"0":{"name":"(anonymous_1)","decl":{"start":{"line":44,"column":36},"end":{"line":44,"column":37}},"loc":{"start":{"line":44,"column":77},"end":{"line":50,"column":1}}},"1":{"name":"(anonymous_2)","decl":{"start":{"line":52,"column":43},"end":{"line":52,"column":69}},"loc":{"start":{"line":52,"column":71},"end":{"line":172,"column":1}}},"2":{"name":"(anonymous_3)","decl":{"start":{"line":55,"column":27},"end":{"line":55,"column":32}},"loc":{"start":{"line":55,"column":90},"end":{"line":78,"column":3}}},"3":{"name":"(anonymous_4)","decl":{"start":{"line":80,"column":24},"end":{"line":80,"column":29}},"loc":{"start":{"line":80,"column":90},"end":{"line":111,"column":3}}},"4":{"name":"(anonymous_5)","decl":{"start":{"line":113,"column":25},"end":{"line":113,"column":30}},"loc":{"start":{"line":113,"column":79},"end":{"line":120,"column":3}}},"5":{"name":"(anonymous_6)","decl":{"start":{"line":122,"column":31},"end":{"line":122,"column":36}},"loc":{"start":{"line":124,"column":32},"end":{"line":133,"column":3}}},"6":{"name":"(anonymous_7)","decl":{"start":{"line":135,"column":26},"end":{"line":135,"column":31}},"loc":{"start":{"line":137,"column":30},"end":{"line":148,"column":3}}},"7":{"name":"(anonymous_8)","decl":{"start":{"line":151,"column":16},"end":{"line":151,"column":17}},"loc":{"start":{"line":151,"column":41},"end":{"line":158,"column":5}}},"8":{"name":"(anonymous_9)","decl":{"start":{"line":159,"column":11},"end":{"line":159,"column":14}},"loc":{"start":{"line":159,"column":16},"end":{"line":161,"column":5}}}},"branchMap":{"0":{"loc":{"start":{"line":56,"column":4},"end":{"line":58,"column":5}},"type":"if","locations":[{"start":{"line":56,"column":4},"end":{"line":58,"column":5}}]},"1":{"loc":{"start":{"line":59,"column":4},"end":{"line":61,"column":5}},"type":"if","locations":[{"start":{"line":59,"column":4},"end":{"line":61,"column":5}}]},"2":{"loc":{"start":{"line":81,"column":4},"end":{"line":83,"column":5}},"type":"if","locations":[{"start":{"line":81,"column":4},"end":{"line":83,"column":5}}]},"3":{"loc":{"start":{"line":85,"column":4},"end":{"line":87,"column":5}},"type":"if","locations":[{"start":{"line":85,"column":4},"end":{"line":87,"column":5}}]},"4":{"loc":{"start":{"line":89,"column":4},"end":{"line":92,"column":5}},"type":"if","locations":[{"start":{"line":89,"column":4},"end":{"line":92,"column":5}}]},"5":{"loc":{"start":{"line":90,"column":25},"end":{"line":90,"column":53}},"type":"binary-expr","locations":[{"start":{"line":90,"column":25},"end":{"line":90,"column":39}},{"start":{"line":90,"column":43},"end":{"line":90,"column":53}}]},"6":{"loc":{"start":{"line":94,"column":4},"end":{"line":100,"column":5}},"type":"if","locations":[{"start":{"line":94,"column":4},"end":{"line":100,"column":5}}]},"7":{"loc":{"start":{"line":96,"column":6},"end":{"line":98,"column":7}},"type":"if","locations":[{"start":{"line":96,"column":6},"end":{"line":98,"column":7}}]},"8":{"loc":{"start":{"line":102,"column":4},"end":{"line":108,"column":5}},"type":"if","locations":[{"start":{"line":102,"column":4},"end":{"line":108,"column":5}}]},"9":{"loc":{"start":{"line":104,"column":6},"end":{"line":106,"column":7}},"type":"if","locations":[{"start":{"line":104,"column":6},"end":{"line":106,"column":7}}]},"10":{"loc":{"start":{"line":115,"column":4},"end":{"line":117,"column":5}},"type":"if","locations":[{"start":{"line":115,"column":4},"end":{"line":117,"column":5}}]},"11":{"loc":{"start":{"line":126,"column":4},"end":{"line":128,"column":5}},"type":"if","locations":[{"start":{"line":126,"column":4},"end":{"line":128,"column":5}}]},"12":{"loc":{"start":{"line":139,"column":4},"end":{"line":141,"column":5}},"type":"if","locations":[{"start":{"line":139,"column":4},"end":{"line":141,"column":5}}]},"13":{"loc":{"start":{"line":153,"column":6},"end":{"line":155,"column":7}},"type":"if","locations":[{"start":{"line":153,"column":6},"end":{"line":155,"column":7}}]}},"s":{"0":2,"1":2,"2":2,"3":16,"4":16,"5":2,"6":20,"7":20,"8":18,"9":1,"10":17,"11":1,"12":16,"13":16,"14":16,"15":16,"16":16,"17":20,"18":9,"19":1,"20":8,"21":8,"22":2,"23":6,"24":1,"25":1,"26":5,"27":2,"28":2,"29":0,"30":2,"31":3,"32":1,"33":1,"34":0,"35":1,"36":2,"37":20,"38":2,"39":2,"40":0,"41":2,"42":2,"43":20,"44":2,"45":2,"46":0,"47":2,"48":20,"49":3,"50":3,"51":1,"52":2,"53":2,"54":20,"55":2,"56":2,"57":0,"58":2,"59":2,"60":1,"61":20,"62":2},"f":{"0":16,"1":20,"2":18,"3":9,"4":2,"5":2,"6":3,"7":2,"8":1},"b":{"0":[1],"1":[1],"2":[1],"3":[2],"4":[1],"5":[1,1],"6":[2],"7":[0],"8":[1],"9":[0],"10":[0],"11":[0],"12":[1],"13":[0]}}
,"/Users/jr/Development/hustle-app/fleet-command/hussle-app-dispatch-api/src/shared/signatures/signatureService.ts": {"path":"/Users/jr/Development/hustle-app/fleet-command/hussle-app-dispatch-api/src/shared/signatures/signatureService.ts","statementMap":{"0":{"start":{"line":9,"column":0},"end":{"line":9,"column":41}},"1":{"start":{"line":24,"column":43},"end":{"line":24,"column":65}},"2":{"start":{"line":26,"column":21},"end":{"line":29,"column":4}},"3":{"start":{"line":27,"column":2},"end":{"line":29,"column":4}},"4":{"start":{"line":28,"column":4},"end":{"line":28,"column":28}},"5":{"start":{"line":31,"column":21},"end":{"line":32,"column":56}},"6":{"start":{"line":32,"column":2},"end":{"line":32,"column":56}},"7":{"start":{"line":34,"column":22},"end":{"line":43,"column":1}},"8":{"start":{"line":35,"column":14},"end":{"line":35,"column":33}},"9":{"start":{"line":36,"column":2},"end":{"line":38,"column":3}},"10":{"start":{"line":37,"column":4},"end":{"line":37,"column":21}},"11":{"start":{"line":39,"column":2},"end":{"line":41,"column":3}},"12":{"start":{"line":40,"column":4},"end":{"line":40,"column":24}},"13":{"start":{"line":42,"column":2},"end":{"line":42,"column":26}},"14":{"start":{"line":53,"column":38},"end":{"line":161,"column":1}},"15":{"start":{"line":54,"column":41},"end":{"line":54,"column":45}},"16":{"start":{"line":55,"column":15},"end":{"line":55,"column":38}},"17":{"start":{"line":56,"column":16},"end":{"line":56,"column":42}},"18":{"start":{"line":58,"column":22},"end":{"line":75,"column":3}},"19":{"start":{"line":63,"column":4},"end":{"line":74,"column":9}},"20":{"start":{"line":70,"column":8},"end":{"line":73,"column":11}},"21":{"start":{"line":77,"column":21},"end":{"line":94,"column":3}},"22":{"start":{"line":82,"column":4},"end":{"line":93,"column":9}},"23":{"start":{"line":89,"column":8},"end":{"line":92,"column":11}},"24":{"start":{"line":96,"column":24},"end":{"line":123,"column":3}},"25":{"start":{"line":100,"column":4},"end":{"line":120,"column":5}},"26":{"start":{"line":100,"column":23},"end":{"line":100,"column":24}},"27":{"start":{"line":101,"column":6},"end":{"line":119,"column":7}},"28":{"start":{"line":102,"column":8},"end":{"line":102,"column":54}},"29":{"start":{"line":104,"column":8},"end":{"line":108,"column":9}},"30":{"start":{"line":105,"column":25},"end":{"line":105,"column":45}},"31":{"start":{"line":106,"column":10},"end":{"line":106,"column":63}},"32":{"start":{"line":107,"column":10},"end":{"line":107,"column":22}},"33":{"start":{"line":109,"column":8},"end":{"line":113,"column":11}},"34":{"start":{"line":115,"column":22},"end":{"line":115,"column":46}},"35":{"start":{"line":116,"column":8},"end":{"line":118,"column":9}},"36":{"start":{"line":117,"column":10},"end":{"line":117,"column":29}},"37":{"start":{"line":122,"column":4},"end":{"line":122,"column":85}},"38":{"start":{"line":125,"column":2},"end":{"line":160,"column":4}},"39":{"start":{"line":130,"column":28},"end":{"line":130,"column":57}},"40":{"start":{"line":131,"column":6},"end":{"line":134,"column":9}},"41":{"start":{"line":136,"column":18},"end":{"line":136,"column":59}},"42":{"start":{"line":137,"column":6},"end":{"line":137,"column":78}},"43":{"start":{"line":138,"column":6},"end":{"line":138,"column":17}},"44":{"start":{"line":142,"column":6},"end":{"line":142,"column":78}},"45":{"start":{"line":143,"column":6},"end":{"line":143,"column":58}},"46":{"start":{"line":147,"column":6},"end":{"line":147,"column":79}},"47":{"start":{"line":148,"column":6},"end":{"line":148,"column":59}},"48":{"start":{"line":152,"column":6},"end":{"line":152,"column":85}},"49":{"start":{"line":153,"column":6},"end":{"line":153,"column":65}},"50":{"start":{"line":157,"column":6},"end":{"line":157,"column":80}},"51":{"start":{"line":158,"column":6},"end":{"line":158,"column":60}},"52":{"start":{"line":53,"column":13},"end":{"line":53,"column":38}}},"fnMap":{"0":{"name":"(anonymous_0)","decl":{"start":{"line":26,"column":21},"end":{"line":26,"column":22}},"loc":{"start":{"line":27,"column":2},"end":{"line":29,"column":4}}},"1":{"name":"(anonymous_1)","decl":{"start":{"line":27,"column":14},"end":{"line":27,"column":15}},"loc":{"start":{"line":27,"column":26},"end":{"line":29,"column":3}}},"2":{"name":"(anonymous_2)","decl":{"start":{"line":31,"column":21},"end":{"line":31,"column":22}},"loc":{"start":{"line":32,"column":2},"end":{"line":32,"column":56}}},"3":{"name":"(anonymous_3)","decl":{"start":{"line":34,"column":22},"end":{"line":34,"column":23}},"loc":{"start":{"line":34,"column":86},"end":{"line":43,"column":1}}},"4":{"name":"(anonymous_4)","decl":{"start":{"line":53,"column":38},"end":{"line":53,"column":39}},"loc":{"start":{"line":53,"column":87},"end":{"line":161,"column":1}}},"5":{"name":"(anonymous_5)","decl":{"start":{"line":58,"column":22},"end":{"line":58,"column":null}},"loc":{"start":{"line":62,"column":12},"end":{"line":75,"column":3}}},"6":{"name":"(anonymous_6)","decl":{"start":{"line":69,"column":13},"end":{"line":69,"column":14}},"loc":{"start":{"line":69,"column":32},"end":{"line":74,"column":7}}},"7":{"name":"(anonymous_7)","decl":{"start":{"line":77,"column":21},"end":{"line":77,"column":null}},"loc":{"start":{"line":81,"column":12},"end":{"line":94,"column":3}}},"8":{"name":"(anonymous_8)","decl":{"start":{"line":88,"column":13},"end":{"line":88,"column":14}},"loc":{"start":{"line":88,"column":32},"end":{"line":93,"column":7}}},"9":{"name":"(anonymous_9)","decl":{"start":{"line":96,"column":24},"end":{"line":96,"column":29}},"loc":{"start":{"line":99,"column":30},"end":{"line":123,"column":3}}},"10":{"name":"(anonymous_10)","decl":{"start":{"line":126,"column":22},"end":{"line":126,"column":27}},"loc":{"start":{"line":129,"column":32},"end":{"line":139,"column":5}}},"11":{"name":"(anonymous_11)","decl":{"start":{"line":141,"column":19},"end":{"line":141,"column":24}},"loc":{"start":{"line":141,"column":85},"end":{"line":144,"column":5}}},"12":{"name":"(anonymous_12)","decl":{"start":{"line":146,"column":20},"end":{"line":146,"column":25}},"loc":{"start":{"line":146,"column":74},"end":{"line":149,"column":5}}},"13":{"name":"(anonymous_13)","decl":{"start":{"line":151,"column":26},"end":{"line":151,"column":31}},"loc":{"start":{"line":151,"column":91},"end":{"line":154,"column":5}}},"14":{"name":"(anonymous_14)","decl":{"start":{"line":156,"column":21},"end":{"line":156,"column":26}},"loc":{"start":{"line":156,"column":84},"end":{"line":159,"column":5}}}},"branchMap":{"0":{"loc":{"start":{"line":32,"column":2},"end":{"line":32,"column":56}},"type":"cond-expr","locations":[{"start":{"line":32,"column":27},"end":{"line":32,"column":40}},{"start":{"line":32,"column":43},"end":{"line":32,"column":56}}]},"1":{"loc":{"start":{"line":36,"column":2},"end":{"line":38,"column":3}},"type":"if","locations":[{"start":{"line":36,"column":2},"end":{"line":38,"column":3}}]},"2":{"loc":{"start":{"line":39,"column":2},"end":{"line":41,"column":3}},"type":"if","locations":[{"start":{"line":39,"column":2},"end":{"line":41,"column":3}}]},"3":{"loc":{"start":{"line":55,"column":15},"end":{"line":55,"column":38}},"type":"binary-expr","locations":[{"start":{"line":55,"column":15},"end":{"line":55,"column":24}},{"start":{"line":55,"column":28},"end":{"line":55,"column":38}}]},"4":{"loc":{"start":{"line":56,"column":16},"end":{"line":56,"column":42}},"type":"binary-expr","locations":[{"start":{"line":56,"column":16},"end":{"line":56,"column":26}},{"start":{"line":56,"column":30},"end":{"line":56,"column":42}}]},"5":{"loc":{"start":{"line":104,"column":8},"end":{"line":108,"column":9}},"type":"if","locations":[{"start":{"line":104,"column":8},"end":{"line":108,"column":9}}]},"6":{"loc":{"start":{"line":116,"column":8},"end":{"line":118,"column":9}},"type":"if","locations":[{"start":{"line":116,"column":8},"end":{"line":118,"column":9}}]},"7":{"loc":{"start":{"line":130,"column":28},"end":{"line":130,"column":57}},"type":"binary-expr","locations":[{"start":{"line":130,"column":28},"end":{"line":130,"column":47}},{"start":{"line":130,"column":51},"end":{"line":130,"column":57}}]}},"s":{"0":1,"1":1,"2":1,"3":0,"4":0,"5":1,"6":15,"7":1,"8":3,"9":3,"10":1,"11":2,"12":1,"13":1,"14":1,"15":11,"16":11,"17":11,"18":11,"19":5,"20":1,"21":11,"22":3,"23":0,"24":11,"25":8,"26":8,"27":19,"28":19,"29":14,"30":3,"31":3,"32":3,"33":11,"34":11,"35":11,"36":11,"37":0,"38":11,"39":8,"40":8,"41":8,"42":5,"43":5,"44":1,"45":1,"46":1,"47":1,"48":1,"49":1,"50":0,"51":0,"52":1},"f":{"0":0,"1":0,"2":15,"3":3,"4":11,"5":5,"6":1,"7":3,"8":0,"9":8,"10":8,"11":1,"12":1,"13":1,"14":0},"b":{"0":[15,0],"1":[1],"2":[1],"3":[11,0],"4":[11,0],"5":[3],"6":[11],"7":[8,7]}}
,"/Users/jr/Development/hustle-app/fleet-command/hussle-app-dispatch-api/src/shared/signatures/agreementTemplates/renderDispatchAgreement.ts": {"path":"/Users/jr/Development/hustle-app/fleet-command/hussle-app-dispatch-api/src/shared/signatures/agreementTemplates/renderDispatchAgreement.ts","statementMap":{"0":{"start":{"line":1,"column":0},"end":{"line":1,"column":56}},"1":{"start":{"line":2,"column":0},"end":{"line":2,"column":89}},"2":{"start":{"line":4,"column":16},"end":{"line":4,"column":33}},"3":{"start":{"line":6,"column":39},"end":{"line":8,"column":87}},"4":{"start":{"line":8,"column":22},"end":{"line":8,"column":87}},"5":{"start":{"line":6,"column":13},"end":{"line":6,"column":39}}},"fnMap":{"0":{"name":"(anonymous_1)","decl":{"start":{"line":6,"column":39},"end":{"line":6,"column":44}},"loc":{"start":{"line":8,"column":22},"end":{"line":8,"column":87}}}},"branchMap":{},"s":{"0":1,"1":1,"2":1,"3":1,"4":4,"5":1},"f":{"0":4},"b":{}}
}
