{"/Users/jr/Development/hustle-app/fleet-command/hussle-app-dispatch-api/src/app.ts": {"path":"/Users/jr/Development/hustle-app/fleet-command/hussle-app-dispatch-api/src/app.ts","statementMap":{"0":{"start":{"line":1,"column":0},"end":{"line":1,"column":30}},"1":{"start":{"line":2,"column":0},"end":{"line":2,"column":24}},"2":{"start":{"line":3,"column":0},"end":{"line":3,"column":30}},"3":{"start":{"line":4,"column":0},"end":{"line":4,"column":28}},"4":{"start":{"line":5,"column":0},"end":{"line":5,"column":28}},"5":{"start":{"line":6,"column":0},"end":{"line":6,"column":64}},"6":{"start":{"line":8,"column":25},"end":{"line":38,"column":1}},"7":{"start":{"line":9,"column":14},"end":{"line":9,"column":23}},"8":{"start":{"line":12,"column":2},"end":{"line":12,"column":20}},"9":{"start":{"line":15,"column":2},"end":{"line":15,"column":18}},"10":{"start":{"line":18,"column":2},"end":{"line":20,"column":3}},"11":{"start":{"line":19,"column":4},"end":{"line":19,"column":32}},"12":{"start":{"line":23,"column":2},"end":{"line":23,"column":26}},"13":{"start":{"line":24,"column":2},"end":{"line":24,"column":50}},"14":{"start":{"line":27,"column":2},"end":{"line":29,"column":5}},"15":{"start":{"line":28,"column":4},"end":{"line":28,"column":67}},"16":{"start":{"line":35,"column":2},"end":{"line":35,"column":24}},"17":{"start":{"line":37,"column":2},"end":{"line":37,"column":13}},"18":{"start":{"line":8,"column":13},"end":{"line":8,"column":25}}},"fnMap":{"0":{"name":"(anonymous_1)","decl":{"start":{"line":8,"column":25},"end":{"line":8,"column":49}},"loc":{"start":{"line":8,"column":51},"end":{"line":38,"column":1}}},"1":{"name":"(anonymous_2)","decl":{"start":{"line":27,"column":25},"end":{"line":27,"column":26}},"loc":{"start":{"line":27,"column":39},"end":{"line":29,"column":3}}}},"branchMap":{"0":{"loc":{"start":{"line":18,"column":2},"end":{"line":20,"column":3}},"type":"if","locations":[{"start":{"line":18,"column":2},"end":{"line":20,"column":3}}]}},"s":{"0":0,"1":0,"2":0,"3":0,"4":0,"5":0,"6":0,"7":0,"8":0,"9":0,"10":0,"11":0,"12":0,"13":0,"14":0,"15":0,"16":0,"17":0,"18":0},"f":{"0":0,"1":0},"b":{"0":[0]}}
,"/Users/jr/Development/hustle-app/fleet-command/hussle-app-dispatch-api/src/config/database.ts": {"path":"/Users/jr/Development/hustle-app/fleet-command/hussle-app-dispatch-api/src/config/database.ts","statementMap":{"0":{"start":{"line":1,"column":0},"end":{"line":1,"column":46}},"1":{"start":{"line":15,"column":27},"end":{"line":25,"column":1}},"2":{"start":{"line":16,"column":2},"end":{"line":18,"column":3}},"3":{"start":{"line":17,"column":4},"end":{"line":17,"column":30}},"4":{"start":{"line":20,"column":2},"end":{"line":22,"column":3}},"5":{"start":{"line":21,"column":4},"end":{"line":21,"column":41}},"6":{"start":{"line":24,"column":2},"end":{"line":24,"column":25}},"7":{"start":{"line":27,"column":0},"end":{"line":27,"column":30}}},"fnMap":{"0":{"name":"(anonymous_0)","decl":{"start":{"line":15,"column":27},"end":{"line":15,"column":44}},"loc":{"start":{"line":15,"column":46},"end":{"line":25,"column":1}}}},"branchMap":{"0":{"loc":{"start":{"line":16,"column":2},"end":{"line":18,"column":3}},"type":"if","locations":[{"start":{"line":16,"column":2},"end":{"line":18,"column":3}}]},"1":{"loc":{"start":{"line":20,"column":2},"end":{"line":22,"column":3}},"type":"if","locations":[{"start":{"line":20,"column":2},"end":{"line":22,"column":3}}]}},"s":{"0":0,"1":0,"2":0,"3":0,"4":0,"5":0,"6":0,"7":0},"f":{"0":0},"b":{"0":[0],"1":[0]}}
,"/Users/jr/Development/hustle-app/fleet-command/hussle-app-dispatch-api/src/config/env.ts": {"path":"/Users/jr/Development/hustle-app/fleet-command/hussle-app-dispatch-api/src/config/env.ts","statementMap":{"0":{"start":{"line":1,"column":19},"end":{"line":7,"column":1}},"1":{"start":{"line":2,"column":16},"end":{"line":2,"column":32}},"2":{"start":{"line":3,"column":2},"end":{"line":5,"column":3}},"3":{"start":{"line":4,"column":4},"end":{"line":4,"column":69}},"4":{"start":{"line":6,"column":2},"end":{"line":6,"column":15}},"5":{"start":{"line":9,"column":15},"end":{"line":10,"column":34}},"6":{"start":{"line":10,"column":2},"end":{"line":10,"column":34}},"7":{"start":{"line":12,"column":13},"end":{"line":22,"column":11}}},"fnMap":{"0":{"name":"(anonymous_0)","decl":{"start":{"line":1,"column":19},"end":{"line":1,"column":20}},"loc":{"start":{"line":1,"column":43},"end":{"line":7,"column":1}}},"1":{"name":"(anonymous_1)","decl":{"start":{"line":9,"column":15},"end":{"line":9,"column":16}},"loc":{"start":{"line":10,"column":2},"end":{"line":10,"column":34}}}},"branchMap":{"0":{"loc":{"start":{"line":3,"column":2},"end":{"line":5,"column":3}},"type":"if","locations":[{"start":{"line":3,"column":2},"end":{"line":5,"column":3}}]},"1":{"loc":{"start":{"line":3,"column":6},"end":{"line":3,"column":41}},"type":"binary-expr","locations":[{"start":{"line":3,"column":6},"end":{"line":3,"column":25}},{"start":{"line":3,"column":29},"end":{"line":3,"column":41}}]},"2":{"loc":{"start":{"line":10,"column":2},"end":{"line":10,"column":34}},"type":"binary-expr","locations":[{"start":{"line":10,"column":2},"end":{"line":10,"column":18}},{"start":{"line":10,"column":22},"end":{"line":10,"column":34}}]}},"s":{"0":0,"1":0,"2":0,"3":0,"4":0,"5":0,"6":0,"7":0},"f":{"0":0,"1":0},"b":{"0":[0],"1":[0,0],"2":[0,0]}}
,"/Users/jr/Development/hustle-app/fleet-command/hussle-app-dispatch-api/src/config/geoBootstrap.ts": {"path":"/Users/jr/Development/hustle-app/fleet-command/hussle-app-dispatch-api/src/config/geoBootstrap.ts","statementMap":{"0":{"start":{"line":1,"column":0},"end":{"line":1,"column":20}},"1":{"start":{"line":2,"column":0},"end":{"line":2,"column":24}},"2":{"start":{"line":5,"column":23},"end":{"line":5,"column":35}},"3":{"start":{"line":16,"column":31},"end":{"line":58,"column":1}},"4":{"start":{"line":17,"column":18},"end":{"line":17,"column":75}},"5":{"start":{"line":19,"column":2},"end":{"line":22,"column":3}},"6":{"start":{"line":20,"column":4},"end":{"line":20,"column":84}},"7":{"start":{"line":21,"column":4},"end":{"line":21,"column":11}},"8":{"start":{"line":24,"column":18},"end":{"line":24,"column":51}},"9":{"start":{"line":25,"column":16},"end":{"line":25,"column":76}},"10":{"start":{"line":25,"column":53},"end":{"line":25,"column":75}},"11":{"start":{"line":28,"column":20},"end":{"line":28,"column":74}},"12":{"start":{"line":30,"column":19},"end":{"line":30,"column":35}},"13":{"start":{"line":32,"column":2},"end":{"line":51,"column":5}},"14":{"start":{"line":33,"column":18},"end":{"line":33,"column":33}},"15":{"start":{"line":34,"column":4},"end":{"line":36,"column":5}},"16":{"start":{"line":35,"column":6},"end":{"line":35,"column":13}},"17":{"start":{"line":38,"column":18},"end":{"line":38,"column":34}},"18":{"start":{"line":39,"column":17},"end":{"line":39,"column":33}},"19":{"start":{"line":40,"column":16},"end":{"line":40,"column":32}},"20":{"start":{"line":41,"column":16},"end":{"line":41,"column":32}},"21":{"start":{"line":43,"column":4},"end":{"line":45,"column":5}},"22":{"start":{"line":44,"column":6},"end":{"line":44,"column":13}},"23":{"start":{"line":47,"column":18},"end":{"line":47,"column":64}},"24":{"start":{"line":48,"column":18},"end":{"line":48,"column":33}},"25":{"start":{"line":50,"column":4},"end":{"line":50,"column":48}},"26":{"start":{"line":53,"column":2},"end":{"line":53,"column":24}},"27":{"start":{"line":55,"column":2},"end":{"line":57,"column":4}},"28":{"start":{"line":16,"column":13},"end":{"line":16,"column":31}}},"fnMap":{"0":{"name":"(anonymous_1)","decl":{"start":{"line":16,"column":31},"end":{"line":16,"column":36}},"loc":{"start":{"line":16,"column":69},"end":{"line":58,"column":1}}},"1":{"name":"(anonymous_2)","decl":{"start":{"line":25,"column":43},"end":{"line":25,"column":44}},"loc":{"start":{"line":25,"column":53},"end":{"line":25,"column":75}}},"2":{"name":"(anonymous_3)","decl":{"start":{"line":32,"column":20},"end":{"line":32,"column":21}},"loc":{"start":{"line":32,"column":29},"end":{"line":51,"column":3}}}},"branchMap":{"0":{"loc":{"start":{"line":19,"column":2},"end":{"line":22,"column":3}},"type":"if","locations":[{"start":{"line":19,"column":2},"end":{"line":22,"column":3}}]},"1":{"loc":{"start":{"line":28,"column":20},"end":{"line":28,"column":74}},"type":"cond-expr","locations":[{"start":{"line":28,"column":52},"end":{"line":28,"column":66}},{"start":{"line":28,"column":69},"end":{"line":28,"column":74}}]},"2":{"loc":{"start":{"line":34,"column":4},"end":{"line":36,"column":5}},"type":"if","locations":[{"start":{"line":34,"column":4},"end":{"line":36,"column":5}}]},"3":{"loc":{"start":{"line":43,"column":4},"end":{"line":45,"column":5}},"type":"if","locations":[{"start":{"line":43,"column":4},"end":{"line":45,"column":5}}]},"4":{"loc":{"start":{"line":43,"column":8},"end":{"line":43,"column":39}},"type":"binary-expr","locations":[{"start":{"line":43,"column":8},"end":{"line":43,"column":14}},{"start":{"line":43,"column":18},"end":{"line":43,"column":23}},{"start":{"line":43,"column":27},"end":{"line":43,"column":31}},{"start":{"line":43,"column":35},"end":{"line":43,"column":39}}]}},"s":{"0":0,"1":0,"2":0,"3":0,"4":0,"5":0,"6":0,"7":0,"8":0,"9":0,"10":0,"11":0,"12":0,"13":0,"14":0,"15":0,"16":0,"17":0,"18":0,"19":0,"20":0,"21":0,"22":0,"23":0,"24":0,"25":0,"26":0,"27":0,"28":0},"f":{"0":0,"1":0,"2":0},"b":{"0":[0],"1":[0,0],"2":[0],"3":[0],"4":[0,0,0,0]}}
,"/Users/jr/Development/hustle-app/fleet-command/hussle-app-dispatch-api/src/config/s3.ts": {"path":"/Users/jr/Development/hustle-app/fleet-command/hussle-app-dispatch-api/src/config/s3.ts","statementMap":{"0":{"start":{"line":1,"column":0},"end":{"line":1,"column":46}},"1":{"start":{"line":2,"column":0},"end":{"line":2,"column":28}},"2":{"start":{"line":9,"column":13},"end":{"line":18,"column":3}}},"fnMap":{},"branchMap":{"0":{"loc":{"start":{"line":12,"column":4},"end":{"line":17,"column":17}},"type":"cond-expr","locations":[{"start":{"line":13,"column":8},"end":{"line":16,"column":null}},{"start":{"line":17,"column":8},"end":{"line":17,"column":17}}]},"1":{"loc":{"start":{"line":12,"column":4},"end":{"line":12,"column":54}},"type":"binary-expr","locations":[{"start":{"line":12,"column":4},"end":{"line":12,"column":25}},{"start":{"line":12,"column":29},"end":{"line":12,"column":54}}]}},"s":{"0":0,"1":0,"2":0},"f":{},"b":{"0":[0,0],"1":[0,0]}}
,"/Users/jr/Development/hustle-app/fleet-command/hussle-app-dispatch-api/src/shared/errors.ts": {"path":"/Users/jr/Development/hustle-app/fleet-command/hussle-app-dispatch-api/src/shared/errors.ts","statementMap":{"0":{"start":{"line":11,"column":4},"end":{"line":11,"column":19}},"1":{"start":{"line":12,"column":4},"end":{"line":12,"column":38}},"2":{"start":{"line":13,"column":4},"end":{"line":13,"column":33}},"3":{"start":{"line":14,"column":4},"end":{"line":14,"column":21}},"4":{"start":{"line":15,"column":4},"end":{"line":15,"column":39}},"5":{"start":{"line":16,"column":4},"end":{"line":16,"column":52}},"6":{"start":{"line":5,"column":0},"end":{"line":5,"column":13}},"7":{"start":{"line":22,"column":4},"end":{"line":22,"column":37}},"8":{"start":{"line":20,"column":0},"end":{"line":20,"column":13}},"9":{"start":{"line":30,"column":4},"end":{"line":30,"column":44}},"10":{"start":{"line":31,"column":4},"end":{"line":31,"column":27}},"11":{"start":{"line":26,"column":0},"end":{"line":26,"column":13}},"12":{"start":{"line":37,"column":4},"end":{"line":37,"column":36}},"13":{"start":{"line":35,"column":0},"end":{"line":35,"column":13}},"14":{"start":{"line":43,"column":4},"end":{"line":43,"column":40}},"15":{"start":{"line":41,"column":0},"end":{"line":41,"column":13}},"16":{"start":{"line":49,"column":4},"end":{"line":49,"column":37}},"17":{"start":{"line":47,"column":0},"end":{"line":47,"column":13}},"18":{"start":{"line":59,"column":4},"end":{"line":63,"column":6}},"19":{"start":{"line":64,"column":4},"end":{"line":64,"column":39}},"20":{"start":{"line":65,"column":4},"end":{"line":65,"column":37}},"21":{"start":{"line":66,"column":4},"end":{"line":66,"column":49}},"22":{"start":{"line":53,"column":0},"end":{"line":53,"column":13}},"23":{"start":{"line":74,"column":4},"end":{"line":78,"column":6}},"24":{"start":{"line":79,"column":4},"end":{"line":79,"column":45}},"25":{"start":{"line":70,"column":0},"end":{"line":70,"column":13}},"26":{"start":{"line":85,"column":4},"end":{"line":85,"column":104}},"27":{"start":{"line":83,"column":0},"end":{"line":83,"column":13}},"28":{"start":{"line":91,"column":4},"end":{"line":95,"column":6}},"29":{"start":{"line":89,"column":0},"end":{"line":89,"column":13}},"30":{"start":{"line":104,"column":4},"end":{"line":108,"column":6}},"31":{"start":{"line":109,"column":4},"end":{"line":109,"column":31}},"32":{"start":{"line":110,"column":4},"end":{"line":110,"column":31}},"33":{"start":{"line":99,"column":0},"end":{"line":99,"column":13}},"34":{"start":{"line":116,"column":4},"end":{"line":116,"column":112}},"35":{"start":{"line":114,"column":0},"end":{"line":114,"column":13}},"36":{"start":{"line":120,"column":26},"end":{"line":121,"column":27}},"37":{"start":{"line":121,"column":2},"end":{"line":121,"column":27}},"38":{"start":{"line":120,"column":13},"end":{"line":120,"column":26}}},"fnMap":{"0":{"name":"(anonymous_0)","decl":{"start":{"line":10,"column":2},"end":{"line":10,"column":14}},"loc":{"start":{"line":10,"column":85},"end":{"line":17,"column":3}}},"1":{"name":"(anonymous_1)","decl":{"start":{"line":21,"column":2},"end":{"line":21,"column":14}},"loc":{"start":{"line":21,"column":29},"end":{"line":23,"column":3}}},"2":{"name":"(anonymous_2)","decl":{"start":{"line":29,"column":2},"end":{"line":29,"column":14}},"loc":{"start":{"line":29,"column":53},"end":{"line":32,"column":3}}},"3":{"name":"(anonymous_3)","decl":{"start":{"line":36,"column":2},"end":{"line":36,"column":14}},"loc":{"start":{"line":36,"column":29},"end":{"line":38,"column":3}}},"4":{"name":"(anonymous_4)","decl":{"start":{"line":42,"column":2},"end":{"line":42,"column":14}},"loc":{"start":{"line":42,"column":46},"end":{"line":44,"column":3}}},"5":{"name":"(anonymous_5)","decl":{"start":{"line":48,"column":2},"end":{"line":48,"column":14}},"loc":{"start":{"line":48,"column":43},"end":{"line":50,"column":3}}},"6":{"name":"(anonymous_6)","decl":{"start":{"line":58,"column":2},"end":{"line":58,"column":14}},"loc":{"start":{"line":58,"column":87},"end":{"line":67,"column":3}}},"7":{"name":"(anonymous_7)","decl":{"start":{"line":73,"column":2},"end":{"line":73,"column":14}},"loc":{"start":{"line":73,"column":61},"end":{"line":80,"column":3}}},"8":{"name":"(anonymous_8)","decl":{"start":{"line":84,"column":2},"end":{"line":84,"column":14}},"loc":{"start":{"line":84,"column":31},"end":{"line":86,"column":3}}},"9":{"name":"(anonymous_9)","decl":{"start":{"line":90,"column":2},"end":{"line":90,"column":14}},"loc":{"start":{"line":90,"column":51},"end":{"line":96,"column":3}}},"10":{"name":"(anonymous_10)","decl":{"start":{"line":103,"column":2},"end":{"line":103,"column":14}},"loc":{"start":{"line":103,"column":48},"end":{"line":111,"column":3}}},"11":{"name":"(anonymous_11)","decl":{"start":{"line":115,"column":2},"end":{"line":115,"column":null}},"loc":{"start":{"line":115,"column":2},"end":{"line":117,"column":3}}},"12":{"name":"(anonymous_12)","decl":{"start":{"line":120,"column":26},"end":{"line":120,"column":27}},"loc":{"start":{"line":121,"column":2},"end":{"line":121,"column":27}}}},"branchMap":{"0":{"loc":{"start":{"line":10,"column":65},"end":{"line":10,"column":85}},"type":"default-arg","locations":[{"start":{"line":10,"column":81},"end":{"line":10,"column":85}}]},"1":{"loc":{"start":{"line":29,"column":31},"end":{"line":29,"column":53}},"type":"default-arg","locations":[{"start":{"line":29,"column":51},"end":{"line":29,"column":53}}]},"2":{"loc":{"start":{"line":42,"column":14},"end":{"line":42,"column":46}},"type":"default-arg","locations":[{"start":{"line":42,"column":32},"end":{"line":42,"column":46}}]},"3":{"loc":{"start":{"line":48,"column":14},"end":{"line":48,"column":43}},"type":"default-arg","locations":[{"start":{"line":48,"column":32},"end":{"line":48,"column":43}}]}},"s":{"0":0,"1":0,"2":0,"3":0,"4":0,"5":0,"6":0,"7":0,"8":0,"9":0,"10":0,"11":0,"12":0,"13":0,"14":0,"15":0,"16":0,"17":0,"18":0,"19":0,"20":0,"21":0,"22":0,"23":0,"24":0,"25":0,"26":0,"27":0,"28":0,"29":0,"30":0,"31":0,"32":0,"33":0,"34":0,"35":0,"36":0,"37":0,"38":0},"f":{"0":0,"1":0,"2":0,"3":0,"4":0,"5":0,"6":0,"7":0,"8":0,"9":0,"10":0,"11":0,"12":0},"b":{"0":[0],"1":[0],"2":[0],"3":[0]}}
,"/Users/jr/Development/hustle-app/fleet-command/hussle-app-dispatch-api/src/shared/financials.ts": {"path":"/Users/jr/Development/hustle-app/fleet-command/hussle-app-dispatch-api/src/shared/financials.ts","statementMap":{"0":{"start":{"line":1,"column":0},"end":{"line":1,"column":33}},"1":{"start":{"line":3,"column":0},"end":{"line":3,"column":57}},"2":{"start":{"line":4,"column":0},"end":{"line":4,"column":58}},"3":{"start":{"line":10,"column":17},"end":{"line":10,"column":40}},"4":{"start":{"line":13,"column":15},"end":{"line":14,"column":47}},"5":{"start":{"line":14,"column":2},"end":{"line":14,"column":47}},"6":{"start":{"line":49,"column":39},"end":{"line":87,"column":1}},"7":{"start":{"line":52,"column":63},"end":{"line":52,"column":68}},"8":{"start":{"line":54,"column":2},"end":{"line":56,"column":3}},"9":{"start":{"line":55,"column":4},"end":{"line":55,"column":47}},"10":{"start":{"line":58,"column":15},"end":{"line":58,"column":40}},"11":{"start":{"line":59,"column":14},"end":{"line":59,"column":39}},"12":{"start":{"line":60,"column":21},"end":{"line":60,"column":75}},"13":{"start":{"line":61,"column":23},"end":{"line":61,"column":78}},"14":{"start":{"line":63,"column":18},"end":{"line":63,"column":73}},"15":{"start":{"line":64,"column":22},"end":{"line":64,"column":76}},"16":{"start":{"line":65,"column":23},"end":{"line":65,"column":83}},"17":{"start":{"line":66,"column":23},"end":{"line":66,"column":83}},"18":{"start":{"line":69,"column":4},"end":{"line":71,"column":19}},"19":{"start":{"line":74,"column":4},"end":{"line":76,"column":12}},"20":{"start":{"line":78,"column":2},"end":{"line":86,"column":4}},"21":{"start":{"line":49,"column":13},"end":{"line":49,"column":39}}},"fnMap":{"0":{"name":"(anonymous_1)","decl":{"start":{"line":13,"column":15},"end":{"line":13,"column":16}},"loc":{"start":{"line":14,"column":2},"end":{"line":14,"column":47}}},"1":{"name":"(anonymous_2)","decl":{"start":{"line":49,"column":39},"end":{"line":49,"column":null}},"loc":{"start":{"line":51,"column":26},"end":{"line":87,"column":1}}}},"branchMap":{"0":{"loc":{"start":{"line":54,"column":2},"end":{"line":56,"column":3}},"type":"if","locations":[{"start":{"line":54,"column":2},"end":{"line":56,"column":3}}]},"1":{"loc":{"start":{"line":63,"column":18},"end":{"line":63,"column":73}},"type":"cond-expr","locations":[{"start":{"line":63,"column":52},"end":{"line":63,"column":66}},{"start":{"line":63,"column":69},"end":{"line":63,"column":73}}]},"2":{"loc":{"start":{"line":69,"column":4},"end":{"line":71,"column":19}},"type":"cond-expr","locations":[{"start":{"line":70,"column":8},"end":{"line":70,"column":51}},{"start":{"line":71,"column":8},"end":{"line":71,"column":19}}]},"3":{"loc":{"start":{"line":74,"column":4},"end":{"line":76,"column":12}},"type":"cond-expr","locations":[{"start":{"line":75,"column":8},"end":{"line":75,"column":43}},{"start":{"line":76,"column":8},"end":{"line":76,"column":12}}]},"4":{"loc":{"start":{"line":74,"column":4},"end":{"line":74,"column":45}},"type":"binary-expr","locations":[{"start":{"line":74,"column":4},"end":{"line":74,"column":24}},{"start":{"line":74,"column":28},"end":{"line":74,"column":45}}]}},"s":{"0":0,"1":0,"2":0,"3":0,"4":0,"5":0,"6":0,"7":0,"8":0,"9":0,"10":0,"11":0,"12":0,"13":0,"14":0,"15":0,"16":0,"17":0,"18":0,"19":0,"20":0,"21":0},"f":{"0":0,"1":0},"b":{"0":[0],"1":[0,0],"2":[0,0],"3":[0,0],"4":[0,0]}}
,"/Users/jr/Development/hustle-app/fleet-command/hussle-app-dispatch-api/src/shared/geoLookup.ts": {"path":"/Users/jr/Development/hustle-app/fleet-command/hussle-app-dispatch-api/src/shared/geoLookup.ts","statementMap":{"0":{"start":{"line":3,"column":23},"end":{"line":3,"column":35}},"1":{"start":{"line":4,"column":27},"end":{"line":4,"column":31}},"2":{"start":{"line":21,"column":29},"end":{"line":46,"column":1}},"3":{"start":{"line":26,"column":16},"end":{"line":26,"column":62}},"4":{"start":{"line":27,"column":16},"end":{"line":27,"column":55}},"5":{"start":{"line":29,"column":2},"end":{"line":31,"column":3}},"6":{"start":{"line":30,"column":4},"end":{"line":30,"column":16}},"7":{"start":{"line":33,"column":16},"end":{"line":33,"column":32}},"8":{"start":{"line":34,"column":2},"end":{"line":36,"column":3}},"9":{"start":{"line":35,"column":4},"end":{"line":35,"column":16}},"10":{"start":{"line":38,"column":14},"end":{"line":38,"column":40}},"11":{"start":{"line":39,"column":14},"end":{"line":39,"column":40}},"12":{"start":{"line":41,"column":2},"end":{"line":43,"column":3}},"13":{"start":{"line":42,"column":4},"end":{"line":42,"column":16}},"14":{"start":{"line":45,"column":2},"end":{"line":45,"column":22}},"15":{"start":{"line":21,"column":13},"end":{"line":21,"column":29}},"16":{"start":{"line":58,"column":33},"end":{"line":74,"column":1}},"17":{"start":{"line":59,"column":20},"end":{"line":59,"column":58}},"18":{"start":{"line":59,"column":37},"end":{"line":59,"column":58}},"19":{"start":{"line":61,"column":15},"end":{"line":61,"column":43}},"20":{"start":{"line":62,"column":15},"end":{"line":62,"column":43}},"21":{"start":{"line":65,"column":4},"end":{"line":69,"column":24}},"22":{"start":{"line":71,"column":12},"end":{"line":71,"column":58}},"23":{"start":{"line":73,"column":2},"end":{"line":73,"column":32}},"24":{"start":{"line":58,"column":13},"end":{"line":58,"column":33}}},"fnMap":{"0":{"name":"(anonymous_0)","decl":{"start":{"line":21,"column":29},"end":{"line":21,"column":34}},"loc":{"start":{"line":25,"column":32},"end":{"line":46,"column":1}}},"1":{"name":"(anonymous_1)","decl":{"start":{"line":58,"column":33},"end":{"line":58,"column":34}},"loc":{"start":{"line":58,"column":74},"end":{"line":74,"column":1}}},"2":{"name":"(anonymous_2)","decl":{"start":{"line":59,"column":20},"end":{"line":59,"column":21}},"loc":{"start":{"line":59,"column":37},"end":{"line":59,"column":58}}}},"branchMap":{"0":{"loc":{"start":{"line":29,"column":2},"end":{"line":31,"column":3}},"type":"if","locations":[{"start":{"line":29,"column":2},"end":{"line":31,"column":3}}]},"1":{"loc":{"start":{"line":34,"column":2},"end":{"line":36,"column":3}},"type":"if","locations":[{"start":{"line":34,"column":2},"end":{"line":36,"column":3}}]},"2":{"loc":{"start":{"line":38,"column":25},"end":{"line":38,"column":39}},"type":"binary-expr","locations":[{"start":{"line":38,"column":25},"end":{"line":38,"column":33}},{"start":{"line":38,"column":37},"end":{"line":38,"column":39}}]},"3":{"loc":{"start":{"line":39,"column":25},"end":{"line":39,"column":39}},"type":"binary-expr","locations":[{"start":{"line":39,"column":25},"end":{"line":39,"column":33}},{"start":{"line":39,"column":37},"end":{"line":39,"column":39}}]},"4":{"loc":{"start":{"line":41,"column":2},"end":{"line":43,"column":3}},"type":"if","locations":[{"start":{"line":41,"column":2},"end":{"line":43,"column":3}}]},"5":{"loc":{"start":{"line":41,"column":6},"end":{"line":41,"column":52}},"type":"binary-expr","locations":[{"start":{"line":41,"column":6},"end":{"line":41,"column":27}},{"start":{"line":41,"column":31},"end":{"line":41,"column":52}}]}},"s":{"0":0,"1":0,"2":0,"3":0,"4":0,"5":0,"6":0,"7":0,"8":0,"9":0,"10":0,"11":0,"12":0,"13":0,"14":0,"15":0,"16":0,"17":0,"18":0,"19":0,"20":0,"21":0,"22":0,"23":0,"24":0},"f":{"0":0,"1":0,"2":0},"b":{"0":[0],"1":[0],"2":[0,0],"3":[0,0],"4":[0],"5":[0,0]}}
,"/Users/jr/Development/hustle-app/fleet-command/hussle-app-dispatch-api/src/shared/onboardingGate.ts": {"path":"/Users/jr/Development/hustle-app/fleet-command/hussle-app-dispatch-api/src/shared/onboardingGate.ts","statementMap":{"0":{"start":{"line":1,"column":0},"end":{"line":1,"column":57}},"1":{"start":{"line":24,"column":38},"end":{"line":57,"column":1}},"2":{"start":{"line":27,"column":2},"end":{"line":29,"column":3}},"3":{"start":{"line":28,"column":4},"end":{"line":28,"column":51}},"4":{"start":{"line":31,"column":2},"end":{"line":33,"column":3}},"5":{"start":{"line":32,"column":4},"end":{"line":32,"column":88}},"6":{"start":{"line":36,"column":37},"end":{"line":36,"column":39}},"7":{"start":{"line":38,"column":2},"end":{"line":40,"column":3}},"8":{"start":{"line":39,"column":4},"end":{"line":39,"column":55}},"9":{"start":{"line":42,"column":2},"end":{"line":47,"column":3}},"10":{"start":{"line":43,"column":4},"end":{"line":43,"column":54}},"11":{"start":{"line":44,"column":9},"end":{"line":47,"column":3}},"12":{"start":{"line":45,"column":29},"end":{"line":45,"column":78}},"13":{"start":{"line":46,"column":4},"end":{"line":46,"column":70}},"14":{"start":{"line":49,"column":2},"end":{"line":51,"column":3}},"15":{"start":{"line":50,"column":4},"end":{"line":50,"column":33}},"16":{"start":{"line":53,"column":2},"end":{"line":56,"column":4}},"17":{"start":{"line":24,"column":13},"end":{"line":24,"column":38}}},"fnMap":{"0":{"name":"(anonymous_0)","decl":{"start":{"line":24,"column":38},"end":{"line":24,"column":null}},"loc":{"start":{"line":26,"column":29},"end":{"line":57,"column":1}}}},"branchMap":{"0":{"loc":{"start":{"line":27,"column":2},"end":{"line":29,"column":3}},"type":"if","locations":[{"start":{"line":27,"column":2},"end":{"line":29,"column":3}}]},"1":{"loc":{"start":{"line":31,"column":2},"end":{"line":33,"column":3}},"type":"if","locations":[{"start":{"line":31,"column":2},"end":{"line":33,"column":3}}]},"2":{"loc":{"start":{"line":38,"column":2},"end":{"line":40,"column":3}},"type":"if","locations":[{"start":{"line":38,"column":2},"end":{"line":40,"column":3}}]},"3":{"loc":{"start":{"line":42,"column":2},"end":{"line":47,"column":3}},"type":"if","locations":[{"start":{"line":42,"column":2},"end":{"line":47,"column":3}},{"start":{"line":44,"column":9},"end":{"line":47,"column":3}}]},"4":{"loc":{"start":{"line":44,"column":9},"end":{"line":47,"column":3}},"type":"if","locations":[{"start":{"line":44,"column":9},"end":{"line":47,"column":3}}]},"5":{"loc":{"start":{"line":44,"column":13},"end":{"line":44,"column":81}},"type":"binary-expr","locations":[{"start":{"line":44,"column":13},"end":{"line":44,"column":43}},{"start":{"line":44,"column":47},"end":{"line":44,"column":81}}]},"6":{"loc":{"start":{"line":49,"column":2},"end":{"line":51,"column":3}},"type":"if","locations":[{"start":{"line":49,"column":2},"end":{"line":51,"column":3}}]}},"s":{"0":0,"1":0,"2":0,"3":0,"4":0,"5":0,"6":0,"7":0,"8":0,"9":0,"10":0,"11":0,"12":0,"13":0,"14":0,"15":0,"16":0,"17":0},"f":{"0":0},"b":{"0":[0],"1":[0],"2":[0],"3":[0,0],"4":[0],"5":[0,0],"6":[0]}}
,"/Users/jr/Development/hustle-app/fleet-command/hussle-app-dispatch-api/src/shared/redisClient.ts": {"path":"/Users/jr/Development/hustle-app/fleet-command/hussle-app-dispatch-api/src/shared/redisClient.ts","statementMap":{"0":{"start":{"line":1,"column":0},"end":{"line":1,"column":28}},"1":{"start":{"line":2,"column":0},"end":{"line":2,"column":36}},"2":{"start":{"line":8,"column":26},"end":{"line":21,"column":1}},"3":{"start":{"line":9,"column":17},"end":{"line":12,"column":4}},"4":{"start":{"line":14,"column":2},"end":{"line":18,"column":5}},"5":{"start":{"line":15,"column":4},"end":{"line":17,"column":5}},"6":{"start":{"line":16,"column":6},"end":{"line":16,"column":75}},"7":{"start":{"line":20,"column":2},"end":{"line":20,"column":16}},"8":{"start":{"line":23,"column":27},"end":{"line":24,"column":67}},"9":{"start":{"line":24,"column":2},"end":{"line":24,"column":67}},"10":{"start":{"line":26,"column":13},"end":{"line":26,"column":47}}},"fnMap":{"0":{"name":"(anonymous_1)","decl":{"start":{"line":8,"column":26},"end":{"line":8,"column":36}},"loc":{"start":{"line":8,"column":38},"end":{"line":21,"column":1}}},"1":{"name":"(anonymous_2)","decl":{"start":{"line":14,"column":21},"end":{"line":14,"column":22}},"loc":{"start":{"line":14,"column":40},"end":{"line":18,"column":3}}},"2":{"name":"(anonymous_3)","decl":{"start":{"line":23,"column":27},"end":{"line":23,"column":28}},"loc":{"start":{"line":24,"column":2},"end":{"line":24,"column":67}}}},"branchMap":{"0":{"loc":{"start":{"line":15,"column":4},"end":{"line":17,"column":5}},"type":"if","locations":[{"start":{"line":15,"column":4},"end":{"line":17,"column":5}}]},"1":{"loc":{"start":{"line":24,"column":2},"end":{"line":24,"column":67}},"type":"binary-expr","locations":[{"start":{"line":24,"column":2},"end":{"line":24,"column":27}},{"start":{"line":24,"column":31},"end":{"line":24,"column":45}},{"start":{"line":24,"column":49},"end":{"line":24,"column":67}}]}},"s":{"0":0,"1":0,"2":0,"3":0,"4":0,"5":0,"6":0,"7":0,"8":0,"9":0,"10":0},"f":{"0":0,"1":0,"2":0},"b":{"0":[0],"1":[0,0,0]}}
,"/Users/jr/Development/hustle-app/fleet-command/hussle-app-dispatch-api/src/shared/responseEnvelope.ts": {"path":"/Users/jr/Development/hustle-app/fleet-command/hussle-app-dispatch-api/src/shared/responseEnvelope.ts","statementMap":{"0":{"start":{"line":29,"column":26},"end":{"line":32,"column":1}},"1":{"start":{"line":30,"column":34},"end":{"line":30,"column":42}},"2":{"start":{"line":31,"column":2},"end":{"line":31,"column":36}},"3":{"start":{"line":29,"column":13},"end":{"line":29,"column":26}},"4":{"start":{"line":34,"column":24},"end":{"line":42,"column":1}},"5":{"start":{"line":40,"column":32},"end":{"line":40,"column":46}},"6":{"start":{"line":41,"column":2},"end":{"line":41,"column":36}},"7":{"start":{"line":34,"column":13},"end":{"line":34,"column":24}},"8":{"start":{"line":44,"column":35},"end":{"line":57,"column":1}},"9":{"start":{"line":49,"column":21},"end":{"line":49,"column":45}},"10":{"start":{"line":50,"column":2},"end":{"line":56,"column":4}},"11":{"start":{"line":44,"column":13},"end":{"line":44,"column":35}},"12":{"start":{"line":63,"column":23},"end":{"line":63,"column":68}},"13":{"start":{"line":63,"column":59},"end":{"line":63,"column":67}},"14":{"start":{"line":63,"column":13},"end":{"line":63,"column":23}},"15":{"start":{"line":68,"column":25},"end":{"line":71,"column":2}},"16":{"start":{"line":68,"column":83},"end":{"line":71,"column":2}},"17":{"start":{"line":68,"column":13},"end":{"line":68,"column":25}},"18":{"start":{"line":73,"column":19},"end":{"line":74,"column":74}},"19":{"start":{"line":74,"column":2},"end":{"line":74,"column":74}},"20":{"start":{"line":79,"column":34},"end":{"line":88,"column":1}},"21":{"start":{"line":80,"column":44},"end":{"line":83,"column":4}},"22":{"start":{"line":84,"column":2},"end":{"line":86,"column":3}},"23":{"start":{"line":85,"column":4},"end":{"line":85,"column":41}},"24":{"start":{"line":87,"column":2},"end":{"line":87,"column":30}},"25":{"start":{"line":79,"column":13},"end":{"line":79,"column":34}}},"fnMap":{"0":{"name":"(anonymous_0)","decl":{"start":{"line":29,"column":26},"end":{"line":29,"column":30}},"loc":{"start":{"line":29,"column":80},"end":{"line":32,"column":1}}},"1":{"name":"(anonymous_1)","decl":{"start":{"line":34,"column":24},"end":{"line":34,"column":null}},"loc":{"start":{"line":39,"column":10},"end":{"line":42,"column":1}}},"2":{"name":"(anonymous_2)","decl":{"start":{"line":44,"column":35},"end":{"line":44,"column":null}},"loc":{"start":{"line":48,"column":20},"end":{"line":57,"column":1}}},"3":{"name":"(anonymous_3)","decl":{"start":{"line":63,"column":23},"end":{"line":63,"column":27}},"loc":{"start":{"line":63,"column":59},"end":{"line":63,"column":67}}},"4":{"name":"(anonymous_4)","decl":{"start":{"line":68,"column":25},"end":{"line":68,"column":29}},"loc":{"start":{"line":68,"column":83},"end":{"line":71,"column":2}}},"5":{"name":"(anonymous_5)","decl":{"start":{"line":73,"column":19},"end":{"line":73,"column":20}},"loc":{"start":{"line":74,"column":2},"end":{"line":74,"column":74}}},"6":{"name":"(anonymous_6)","decl":{"start":{"line":79,"column":34},"end":{"line":79,"column":35}},"loc":{"start":{"line":79,"column":72},"end":{"line":88,"column":1}}}},"branchMap":{"0":{"loc":{"start":{"line":29,"column":54},"end":{"line":29,"column":70}},"type":"default-arg","locations":[{"start":{"line":29,"column":67},"end":{"line":29,"column":70}}]},"1":{"loc":{"start":{"line":38,"column":2},"end":{"line":38,"column":18}},"type":"default-arg","locations":[{"start":{"line":38,"column":15},"end":{"line":38,"column":18}}]},"2":{"loc":{"start":{"line":74,"column":2},"end":{"line":74,"column":74}},"type":"binary-expr","locations":[{"start":{"line":74,"column":2},"end":{"line":74,"column":18}},{"start":{"line":74,"column":22},"end":{"line":74,"column":74}}]},"3":{"loc":{"start":{"line":84,"column":2},"end":{"line":86,"column":3}},"type":"if","locations":[{"start":{"line":84,"column":2},"end":{"line":86,"column":3}}]}},"s":{"0":0,"1":0,"2":0,"3":0,"4":0,"5":0,"6":0,"7":0,"8":0,"9":0,"10":0,"11":0,"12":0,"13":0,"14":0,"15":0,"16":0,"17":0,"18":0,"19":0,"20":0,"21":0,"22":0,"23":0,"24":0,"25":0},"f":{"0":0,"1":0,"2":0,"3":0,"4":0,"5":0,"6":0},"b":{"0":[0],"1":[0],"2":[0,0],"3":[0]}}
,"/Users/jr/Development/hustle-app/fleet-command/hussle-app-dispatch-api/src/shared/s3Presign.ts": {"path":"/Users/jr/Development/hustle-app/fleet-command/hussle-app-dispatch-api/src/shared/s3Presign.ts","statementMap":{"0":{"start":{"line":1,"column":0},"end":{"line":1,"column":54}},"1":{"start":{"line":2,"column":0},"end":{"line":2,"column":61}},"2":{"start":{"line":3,"column":0},"end":{"line":3,"column":40}},"3":{"start":{"line":4,"column":0},"end":{"line":4,"column":43}},"4":{"start":{"line":6,"column":31},"end":{"line":6,"column":34}},"5":{"start":{"line":8,"column":31},"end":{"line":8,"column":99}},"6":{"start":{"line":10,"column":57},"end":{"line":15,"column":2}},"7":{"start":{"line":35,"column":39},"end":{"line":68,"column":1}},"8":{"start":{"line":41,"column":2},"end":{"line":45,"column":3}},"9":{"start":{"line":42,"column":4},"end":{"line":44,"column":6}},"10":{"start":{"line":47,"column":22},"end":{"line":47,"column":59}},"11":{"start":{"line":48,"column":2},"end":{"line":52,"column":3}},"12":{"start":{"line":49,"column":4},"end":{"line":51,"column":6}},"13":{"start":{"line":54,"column":18},"end":{"line":59,"column":4}},"14":{"start":{"line":61,"column":14},"end":{"line":63,"column":4}},"15":{"start":{"line":65,"column":20},"end":{"line":65,"column":72}},"16":{"start":{"line":67,"column":2},"end":{"line":67,"column":33}},"17":{"start":{"line":35,"column":13},"end":{"line":35,"column":39}},"18":{"start":{"line":81,"column":36},"end":{"line":86,"column":82}},"19":{"start":{"line":86,"column":36},"end":{"line":86,"column":82}},"20":{"start":{"line":81,"column":13},"end":{"line":81,"column":36}},"21":{"start":{"line":99,"column":39},"end":{"line":104,"column":91}},"22":{"start":{"line":104,"column":39},"end":{"line":104,"column":91}},"23":{"start":{"line":99,"column":13},"end":{"line":99,"column":39}}},"fnMap":{"0":{"name":"(anonymous_0)","decl":{"start":{"line":35,"column":39},"end":{"line":35,"column":44}},"loc":{"start":{"line":40,"column":51},"end":{"line":68,"column":1}}},"1":{"name":"(anonymous_1)","decl":{"start":{"line":81,"column":36},"end":{"line":81,"column":37}},"loc":{"start":{"line":86,"column":36},"end":{"line":86,"column":82}}},"2":{"name":"(anonymous_2)","decl":{"start":{"line":99,"column":39},"end":{"line":99,"column":40}},"loc":{"start":{"line":104,"column":39},"end":{"line":104,"column":91}}}},"branchMap":{"0":{"loc":{"start":{"line":41,"column":2},"end":{"line":45,"column":3}},"type":"if","locations":[{"start":{"line":41,"column":2},"end":{"line":45,"column":3}}]},"1":{"loc":{"start":{"line":48,"column":2},"end":{"line":52,"column":3}},"type":"if","locations":[{"start":{"line":48,"column":2},"end":{"line":52,"column":3}}]},"2":{"loc":{"start":{"line":48,"column":6},"end":{"line":48,"column":56}},"type":"binary-expr","locations":[{"start":{"line":48,"column":6},"end":{"line":48,"column":31}},{"start":{"line":48,"column":35},"end":{"line":48,"column":56}}]},"3":{"loc":{"start":{"line":50,"column":59},"end":{"line":50,"column":75}},"type":"binary-expr","locations":[{"start":{"line":50,"column":59},"end":{"line":50,"column":70}},{"start":{"line":50,"column":74},"end":{"line":50,"column":75}}]}},"s":{"0":0,"1":0,"2":0,"3":0,"4":0,"5":0,"6":0,"7":0,"8":0,"9":0,"10":0,"11":0,"12":0,"13":0,"14":0,"15":0,"16":0,"17":0,"18":0,"19":0,"20":0,"21":0,"22":0,"23":0},"f":{"0":0,"1":0,"2":0},"b":{"0":[0],"1":[0],"2":[0,0],"3":[0,0]}}
,"/Users/jr/Development/hustle-app/fleet-command/hussle-app-dispatch-api/src/shared/stateMachine.ts": {"path":"/Users/jr/Development/hustle-app/fleet-command/hussle-app-dispatch-api/src/shared/stateMachine.ts","statementMap":{"0":{"start":{"line":2,"column":0},"end":{"line":2,"column":94}},"1":{"start":{"line":3,"column":0},"end":{"line":3,"column":9}},"2":{"start":{"line":5,"column":9},"end":{"line":3,"column":57}},"3":{"start":{"line":13,"column":13},"end":{"line":28,"column":3}},"4":{"start":{"line":42,"column":13},"end":{"line":47,"column":3}},"5":{"start":{"line":77,"column":27},"end":{"line":92,"column":1}},"6":{"start":{"line":78,"column":2},"end":{"line":80,"column":3}},"7":{"start":{"line":79,"column":4},"end":{"line":79,"column":74}},"8":{"start":{"line":82,"column":2},"end":{"line":89,"column":3}},"9":{"start":{"line":83,"column":4},"end":{"line":85,"column":5}},"10":{"start":{"line":84,"column":6},"end":{"line":84,"column":83}},"11":{"start":{"line":86,"column":4},"end":{"line":88,"column":5}},"12":{"start":{"line":87,"column":6},"end":{"line":87,"column":84}},"13":{"start":{"line":91,"column":2},"end":{"line":91,"column":14}},"14":{"start":{"line":98,"column":34},"end":{"line":157,"column":1}},"15":{"start":{"line":103,"column":18},"end":{"line":103,"column":41}},"16":{"start":{"line":106,"column":2},"end":{"line":112,"column":3}},"17":{"start":{"line":107,"column":24},"end":{"line":107,"column":72}},"18":{"start":{"line":108,"column":4},"end":{"line":111,"column":6}},"19":{"start":{"line":115,"column":2},"end":{"line":123,"column":3}},"20":{"start":{"line":119,"column":4},"end":{"line":122,"column":6}},"21":{"start":{"line":126,"column":2},"end":{"line":134,"column":3}},"22":{"start":{"line":127,"column":20},"end":{"line":127,"column":47}},"23":{"start":{"line":128,"column":4},"end":{"line":133,"column":5}},"24":{"start":{"line":129,"column":6},"end":{"line":132,"column":8}},"25":{"start":{"line":137,"column":28},"end":{"line":137,"column":70}},"26":{"start":{"line":138,"column":2},"end":{"line":140,"column":3}},"27":{"start":{"line":139,"column":4},"end":{"line":139,"column":54}},"28":{"start":{"line":143,"column":29},"end":{"line":143,"column":31}},"29":{"start":{"line":145,"column":2},"end":{"line":147,"column":3}},"30":{"start":{"line":146,"column":4},"end":{"line":146,"column":48}},"31":{"start":{"line":149,"column":2},"end":{"line":151,"column":3}},"32":{"start":{"line":150,"column":4},"end":{"line":150,"column":43}},"33":{"start":{"line":153,"column":2},"end":{"line":156,"column":4}},"34":{"start":{"line":98,"column":13},"end":{"line":98,"column":34}}},"fnMap":{"0":{"name":"(anonymous_0)","decl":{"start":{"line":5,"column":9},"end":{"line":5,"column":22}},"loc":{"start":{"line":5,"column":9},"end":{"line":3,"column":57}}},"1":{"name":"(anonymous_1)","decl":{"start":{"line":77,"column":27},"end":{"line":77,"column":28}},"loc":{"start":{"line":77,"column":87},"end":{"line":92,"column":1}}},"2":{"name":"(anonymous_2)","decl":{"start":{"line":98,"column":34},"end":{"line":98,"column":null}},"loc":{"start":{"line":102,"column":22},"end":{"line":157,"column":1}}}},"branchMap":{"0":{"loc":{"start":{"line":78,"column":2},"end":{"line":80,"column":3}},"type":"if","locations":[{"start":{"line":78,"column":2},"end":{"line":80,"column":3}}]},"1":{"loc":{"start":{"line":78,"column":6},"end":{"line":78,"column":46}},"type":"binary-expr","locations":[{"start":{"line":78,"column":6},"end":{"line":78,"column":27}},{"start":{"line":78,"column":31},"end":{"line":78,"column":46}}]},"2":{"loc":{"start":{"line":82,"column":2},"end":{"line":89,"column":3}},"type":"if","locations":[{"start":{"line":82,"column":2},"end":{"line":89,"column":3}}]},"3":{"loc":{"start":{"line":83,"column":4},"end":{"line":85,"column":5}},"type":"if","locations":[{"start":{"line":83,"column":4},"end":{"line":85,"column":5}}]},"4":{"loc":{"start":{"line":86,"column":4},"end":{"line":88,"column":5}},"type":"if","locations":[{"start":{"line":86,"column":4},"end":{"line":88,"column":5}}]},"5":{"loc":{"start":{"line":106,"column":2},"end":{"line":112,"column":3}},"type":"if","locations":[{"start":{"line":106,"column":2},"end":{"line":112,"column":3}}]},"6":{"loc":{"start":{"line":107,"column":24},"end":{"line":107,"column":72}},"type":"cond-expr","locations":[{"start":{"line":107,"column":45},"end":{"line":107,"column":63}},{"start":{"line":107,"column":66},"end":{"line":107,"column":72}}]},"7":{"loc":{"start":{"line":115,"column":2},"end":{"line":123,"column":3}},"type":"if","locations":[{"start":{"line":115,"column":2},"end":{"line":123,"column":3}}]},"8":{"loc":{"start":{"line":116,"column":5},"end":{"line":117,"column":32}},"type":"binary-expr","locations":[{"start":{"line":116,"column":5},"end":{"line":116,"column":68}},{"start":{"line":117,"column":4},"end":{"line":117,"column":32}}]},"9":{"loc":{"start":{"line":126,"column":2},"end":{"line":134,"column":3}},"type":"if","locations":[{"start":{"line":126,"column":2},"end":{"line":134,"column":3}}]},"10":{"loc":{"start":{"line":127,"column":20},"end":{"line":127,"column":47}},"type":"binary-expr","locations":[{"start":{"line":127,"column":20},"end":{"line":127,"column":41}},{"start":{"line":127,"column":45},"end":{"line":127,"column":47}}]},"11":{"loc":{"start":{"line":128,"column":4},"end":{"line":133,"column":5}},"type":"if","locations":[{"start":{"line":128,"column":4},"end":{"line":133,"column":5}}]},"12":{"loc":{"start":{"line":138,"column":2},"end":{"line":140,"column":3}},"type":"if","locations":[{"start":{"line":138,"column":2},"end":{"line":140,"column":3}}]},"13":{"loc":{"start":{"line":145,"column":2},"end":{"line":147,"column":3}},"type":"if","locations":[{"start":{"line":145,"column":2},"end":{"line":147,"column":3}}]},"14":{"loc":{"start":{"line":145,"column":6},"end":{"line":145,"column":74}},"type":"binary-expr","locations":[{"start":{"line":145,"column":6},"end":{"line":145,"column":31}},{"start":{"line":145,"column":35},"end":{"line":145,"column":74}}]},"15":{"loc":{"start":{"line":149,"column":2},"end":{"line":151,"column":3}},"type":"if","locations":[{"start":{"line":149,"column":2},"end":{"line":151,"column":3}}]},"16":{"loc":{"start":{"line":149,"column":6},"end":{"line":149,"column":67}},"type":"binary-expr","locations":[{"start":{"line":149,"column":6},"end":{"line":149,"column":30}},{"start":{"line":149,"column":34},"end":{"line":149,"column":67}}]},"17":{"loc":{"start":{"line":155,"column":8},"end":{"line":155,"column":43}},"type":"binary-expr","locations":[{"start":{"line":155,"column":8},"end":{"line":155,"column":27}},{"start":{"line":155,"column":31},"end":{"line":155,"column":43}}]}},"s":{"0":0,"1":0,"2":0,"3":0,"4":0,"5":0,"6":0,"7":0,"8":0,"9":0,"10":0,"11":0,"12":0,"13":0,"14":0,"15":0,"16":0,"17":0,"18":0,"19":0,"20":0,"21":0,"22":0,"23":0,"24":0,"25":0,"26":0,"27":0,"28":0,"29":0,"30":0,"31":0,"32":0,"33":0,"34":0},"f":{"0":0,"1":0,"2":0},"b":{"0":[0],"1":[0,0],"2":[0],"3":[0],"4":[0],"5":[0],"6":[0,0],"7":[0],"8":[0,0],"9":[0],"10":[0,0],"11":[0],"12":[0],"13":[0],"14":[0,0],"15":[0],"16":[0,0],"17":[0,0]}}
,"/Users/jr/Development/hustle-app/fleet-command/hussle-app-dispatch-api/src/shared/constants/accessorialTypes.ts": {"path":"/Users/jr/Development/hustle-app/fleet-command/hussle-app-dispatch-api/src/shared/constants/accessorialTypes.ts","statementMap":{"0":{"start":{"line":4,"column":13},"end":{"line":14,"column":11}}},"fnMap":{},"branchMap":{},"s":{"0":0},"f":{},"b":{}}
,"/Users/jr/Development/hustle-app/fleet-command/hussle-app-dispatch-api/src/shared/constants/carrierTypes.ts": {"path":"/Users/jr/Development/hustle-app/fleet-command/hussle-app-dispatch-api/src/shared/constants/carrierTypes.ts","statementMap":{"0":{"start":{"line":5,"column":13},"end":{"line":9,"column":12}}},"fnMap":{},"branchMap":{},"s":{"0":0},"f":{},"b":{}}
,"/Users/jr/Development/hustle-app/fleet-command/hussle-app-dispatch-api/src/shared/constants/commodities.ts": {"path":"/Users/jr/Development/hustle-app/fleet-command/hussle-app-dispatch-api/src/shared/constants/commodities.ts","statementMap":{"0":{"start":{"line":5,"column":13},"end":{"line":10,"column":12}}},"fnMap":{},"branchMap":{},"s":{"0":0},"f":{},"b":{}}
,"/Users/jr/Development/hustle-app/fleet-command/hussle-app-dispatch-api/src/shared/constants/contactTypes.ts": {"path":"/Users/jr/Development/hustle-app/fleet-command/hussle-app-dispatch-api/src/shared/constants/contactTypes.ts","statementMap":{"0":{"start":{"line":4,"column":13},"end":{"line":4,"column":86}}},"fnMap":{},"branchMap":{},"s":{"0":0},"f":{},"b":{}}
,"/Users/jr/Development/hustle-app/fleet-command/hussle-app-dispatch-api/src/shared/constants/documentTypes.ts": {"path":"/Users/jr/Development/hustle-app/fleet-command/hussle-app-dispatch-api/src/shared/constants/documentTypes.ts","statementMap":{"0":{"start":{"line":4,"column":13},"end":{"line":16,"column":11}}},"fnMap":{},"branchMap":{},"s":{"0":0},"f":{},"b":{}}
,"/Users/jr/Development/hustle-app/fleet-command/hussle-app-dispatch-api/src/shared/constants/equipmentTypes.ts": {"path":"/Users/jr/Development/hustle-app/fleet-command/hussle-app-dispatch-api/src/shared/constants/equipmentTypes.ts","statementMap":{"0":{"start":{"line":4,"column":13},"end":{"line":12,"column":11}}},"fnMap":{},"branchMap":{},"s":{"0":0},"f":{},"b":{}}
,"/Users/jr/Development/hustle-app/fleet-command/hussle-app-dispatch-api/src/shared/constants/expenseCategories.ts": {"path":"/Users/jr/Development/hustle-app/fleet-command/hussle-app-dispatch-api/src/shared/constants/expenseCategories.ts","statementMap":{"0":{"start":{"line":4,"column":13},"end":{"line":4,"column":97}}},"fnMap":{},"branchMap":{},"s":{"0":0},"f":{},"b":{}}
,"/Users/jr/Development/hustle-app/fleet-command/hussle-app-dispatch-api/src/shared/constants/facilityTypes.ts": {"path":"/Users/jr/Development/hustle-app/fleet-command/hussle-app-dispatch-api/src/shared/constants/facilityTypes.ts","statementMap":{"0":{"start":{"line":4,"column":13},"end":{"line":21,"column":11}},"1":{"start":{"line":28,"column":13},"end":{"line":28,"column":81}}},"fnMap":{},"branchMap":{},"s":{"0":0,"1":0},"f":{},"b":{}}
,"/Users/jr/Development/hustle-app/fleet-command/hussle-app-dispatch-api/src/shared/constants/geoSources.ts": {"path":"/Users/jr/Development/hustle-app/fleet-command/hussle-app-dispatch-api/src/shared/constants/geoSources.ts","statementMap":{"0":{"start":{"line":5,"column":13},"end":{"line":8,"column":12}}},"fnMap":{},"branchMap":{},"s":{"0":0},"f":{},"b":{}}
,"/Users/jr/Development/hustle-app/fleet-command/hussle-app-dispatch-api/src/shared/constants/index.ts": {"path":"/Users/jr/Development/hustle-app/fleet-command/hussle-app-dispatch-api/src/shared/constants/index.ts","statementMap":{"0":{"start":{"line":1,"column":0},"end":{"line":1,"column":9}},"1":{"start":{"line":1,"column":9},"end":{"line":1,"column":47}},"2":{"start":{"line":4,"column":0},"end":{"line":4,"column":9}},"3":{"start":{"line":4,"column":9},"end":{"line":4,"column":47}},"4":{"start":{"line":7,"column":0},"end":{"line":7,"column":9}},"5":{"start":{"line":7,"column":9},"end":{"line":7,"column":33}},"6":{"start":{"line":7,"column":33},"end":{"line":7,"column":84}},"7":{"start":{"line":9,"column":0},"end":{"line":9,"column":9}},"8":{"start":{"line":9,"column":9},"end":{"line":9,"column":51}},"9":{"start":{"line":12,"column":0},"end":{"line":12,"column":9}},"10":{"start":{"line":12,"column":9},"end":{"line":12,"column":25}},"11":{"start":{"line":12,"column":25},"end":{"line":12,"column":61}},"12":{"start":{"line":15,"column":0},"end":{"line":15,"column":9}},"13":{"start":{"line":15,"column":9},"end":{"line":15,"column":49}},"14":{"start":{"line":18,"column":0},"end":{"line":18,"column":9}},"15":{"start":{"line":18,"column":9},"end":{"line":18,"column":47}},"16":{"start":{"line":21,"column":0},"end":{"line":21,"column":9}},"17":{"start":{"line":21,"column":9},"end":{"line":21,"column":32}},"18":{"start":{"line":24,"column":0},"end":{"line":24,"column":9}},"19":{"start":{"line":24,"column":9},"end":{"line":24,"column":63}},"20":{"start":{"line":26,"column":0},"end":{"line":26,"column":9}},"21":{"start":{"line":26,"column":9},"end":{"line":26,"column":45}},"22":{"start":{"line":29,"column":0},"end":{"line":29,"column":9}},"23":{"start":{"line":29,"column":9},"end":{"line":29,"column":51}},"24":{"start":{"line":32,"column":0},"end":{"line":32,"column":9}},"25":{"start":{"line":32,"column":9},"end":{"line":32,"column":45}},"26":{"start":{"line":35,"column":0},"end":{"line":35,"column":9}},"27":{"start":{"line":35,"column":9},"end":{"line":35,"column":57}},"28":{"start":{"line":38,"column":0},"end":{"line":38,"column":9}},"29":{"start":{"line":38,"column":9},"end":{"line":38,"column":55}},"30":{"start":{"line":41,"column":0},"end":{"line":41,"column":9}},"31":{"start":{"line":41,"column":9},"end":{"line":41,"column":41}},"32":{"start":{"line":44,"column":0},"end":{"line":44,"column":9}},"33":{"start":{"line":44,"column":9},"end":{"line":44,"column":55}},"34":{"start":{"line":47,"column":0},"end":{"line":47,"column":9}},"35":{"start":{"line":47,"column":9},"end":{"line":47,"column":24}},"36":{"start":{"line":47,"column":24},"end":{"line":47,"column":65}},"37":{"start":{"line":50,"column":0},"end":{"line":50,"column":9}},"38":{"start":{"line":50,"column":9},"end":{"line":50,"column":43}},"39":{"start":{"line":53,"column":0},"end":{"line":53,"column":9}},"40":{"start":{"line":53,"column":9},"end":{"line":53,"column":47}}},"fnMap":{"0":{"name":"(anonymous_0)","decl":{"start":{"line":1,"column":9},"end":{"line":1,"column":22}},"loc":{"start":{"line":1,"column":9},"end":{"line":1,"column":47}}},"1":{"name":"(anonymous_1)","decl":{"start":{"line":4,"column":9},"end":{"line":4,"column":22}},"loc":{"start":{"line":4,"column":9},"end":{"line":4,"column":47}}},"2":{"name":"(anonymous_2)","decl":{"start":{"line":7,"column":9},"end":{"line":7,"column":31}},"loc":{"start":{"line":7,"column":9},"end":{"line":7,"column":33}}},"3":{"name":"(anonymous_3)","decl":{"start":{"line":7,"column":33},"end":{"line":7,"column":59}},"loc":{"start":{"line":7,"column":33},"end":{"line":7,"column":84}}},"4":{"name":"(anonymous_4)","decl":{"start":{"line":9,"column":9},"end":{"line":9,"column":24}},"loc":{"start":{"line":9,"column":9},"end":{"line":9,"column":51}}},"5":{"name":"(anonymous_5)","decl":{"start":{"line":12,"column":9},"end":{"line":12,"column":23}},"loc":{"start":{"line":12,"column":9},"end":{"line":12,"column":25}}},"6":{"name":"(anonymous_6)","decl":{"start":{"line":12,"column":25},"end":{"line":12,"column":35}},"loc":{"start":{"line":12,"column":25},"end":{"line":12,"column":61}}},"7":{"name":"(anonymous_7)","decl":{"start":{"line":15,"column":9},"end":{"line":15,"column":23}},"loc":{"start":{"line":15,"column":9},"end":{"line":15,"column":49}}},"8":{"name":"(anonymous_8)","decl":{"start":{"line":18,"column":9},"end":{"line":18,"column":22}},"loc":{"start":{"line":18,"column":9},"end":{"line":18,"column":47}}},"9":{"name":"(anonymous_9)","decl":{"start":{"line":21,"column":9},"end":{"line":21,"column":14}},"loc":{"start":{"line":21,"column":9},"end":{"line":21,"column":32}}},"10":{"name":"(anonymous_10)","decl":{"start":{"line":24,"column":9},"end":{"line":24,"column":39}},"loc":{"start":{"line":24,"column":9},"end":{"line":24,"column":63}}},"11":{"name":"(anonymous_11)","decl":{"start":{"line":26,"column":9},"end":{"line":26,"column":21}},"loc":{"start":{"line":26,"column":9},"end":{"line":26,"column":45}}},"12":{"name":"(anonymous_12)","decl":{"start":{"line":29,"column":9},"end":{"line":29,"column":24}},"loc":{"start":{"line":29,"column":9},"end":{"line":29,"column":51}}},"13":{"name":"(anonymous_13)","decl":{"start":{"line":32,"column":9},"end":{"line":32,"column":21}},"loc":{"start":{"line":32,"column":9},"end":{"line":32,"column":45}}},"14":{"name":"(anonymous_14)","decl":{"start":{"line":35,"column":9},"end":{"line":35,"column":27}},"loc":{"start":{"line":35,"column":9},"end":{"line":35,"column":57}}},"15":{"name":"(anonymous_15)","decl":{"start":{"line":38,"column":9},"end":{"line":38,"column":26}},"loc":{"start":{"line":38,"column":9},"end":{"line":38,"column":55}}},"16":{"name":"(anonymous_16)","decl":{"start":{"line":41,"column":9},"end":{"line":41,"column":19}},"loc":{"start":{"line":41,"column":9},"end":{"line":41,"column":41}}},"17":{"name":"(anonymous_17)","decl":{"start":{"line":44,"column":9},"end":{"line":44,"column":26}},"loc":{"start":{"line":44,"column":9},"end":{"line":44,"column":55}}},"18":{"name":"(anonymous_18)","decl":{"start":{"line":47,"column":9},"end":{"line":47,"column":22}},"loc":{"start":{"line":47,"column":9},"end":{"line":47,"column":24}}},"19":{"name":"(anonymous_19)","decl":{"start":{"line":47,"column":24},"end":{"line":47,"column":40}},"loc":{"start":{"line":47,"column":24},"end":{"line":47,"column":65}}},"20":{"name":"(anonymous_20)","decl":{"start":{"line":50,"column":9},"end":{"line":50,"column":20}},"loc":{"start":{"line":50,"column":9},"end":{"line":50,"column":43}}},"21":{"name":"(anonymous_21)","decl":{"start":{"line":53,"column":9},"end":{"line":53,"column":22}},"loc":{"start":{"line":53,"column":9},"end":{"line":53,"column":47}}}},"branchMap":{},"s":{"0":0,"1":0,"2":0,"3":0,"4":0,"5":0,"6":0,"7":0,"8":0,"9":0,"10":0,"11":0,"12":0,"13":0,"14":0,"15":0,"16":0,"17":0,"18":0,"19":0,"20":0,"21":0,"22":0,"23":0,"24":0,"25":0,"26":0,"27":0,"28":0,"29":0,"30":0,"31":0,"32":0,"33":0,"34":0,"35":0,"36":0,"37":0,"38":0,"39":0,"40":0},"f":{"0":0,"1":0,"2":0,"3":0,"4":0,"5":0,"6":0,"7":0,"8":0,"9":0,"10":0,"11":0,"12":0,"13":0,"14":0,"15":0,"16":0,"17":0,"18":0,"19":0,"20":0,"21":0},"b":{}}
,"/Users/jr/Development/hustle-app/fleet-command/hussle-app-dispatch-api/src/shared/constants/invoiceTypes.ts": {"path":"/Users/jr/Development/hustle-app/fleet-command/hussle-app-dispatch-api/src/shared/constants/invoiceTypes.ts","statementMap":{"0":{"start":{"line":4,"column":13},"end":{"line":4,"column":67}},"1":{"start":{"line":11,"column":13},"end":{"line":19,"column":11}}},"fnMap":{},"branchMap":{},"s":{"0":0,"1":0},"f":{},"b":{}}
,"/Users/jr/Development/hustle-app/fleet-command/hussle-app-dispatch-api/src/shared/constants/kanbanGroups.ts": {"path":"/Users/jr/Development/hustle-app/fleet-command/hussle-app-dispatch-api/src/shared/constants/kanbanGroups.ts","statementMap":{"0":{"start":{"line":18,"column":13},"end":{"line":55,"column":3}}},"fnMap":{},"branchMap":{},"s":{"0":0},"f":{},"b":{}}
,"/Users/jr/Development/hustle-app/fleet-command/hussle-app-dispatch-api/src/shared/constants/loadSources.ts": {"path":"/Users/jr/Development/hustle-app/fleet-command/hussle-app-dispatch-api/src/shared/constants/loadSources.ts","statementMap":{"0":{"start":{"line":4,"column":13},"end":{"line":4,"column":74}}},"fnMap":{},"branchMap":{},"s":{"0":0},"f":{},"b":{}}
,"/Users/jr/Development/hustle-app/fleet-command/hussle-app-dispatch-api/src/shared/constants/loadStatuses.ts": {"path":"/Users/jr/Development/hustle-app/fleet-command/hussle-app-dispatch-api/src/shared/constants/loadStatuses.ts","statementMap":{"0":{"start":{"line":5,"column":13},"end":{"line":20,"column":11}}},"fnMap":{},"branchMap":{},"s":{"0":0},"f":{},"b":{}}
,"/Users/jr/Development/hustle-app/fleet-command/hussle-app-dispatch-api/src/shared/constants/marketTiers.ts": {"path":"/Users/jr/Development/hustle-app/fleet-command/hussle-app-dispatch-api/src/shared/constants/marketTiers.ts","statementMap":{"0":{"start":{"line":5,"column":13},"end":{"line":10,"column":12}}},"fnMap":{},"branchMap":{},"s":{"0":1},"f":{},"b":{}}
,"/Users/jr/Development/hustle-app/fleet-command/hussle-app-dispatch-api/src/shared/constants/roles.ts": {"path":"/Users/jr/Development/hustle-app/fleet-command/hussle-app-dispatch-api/src/shared/constants/roles.ts","statementMap":{"0":{"start":{"line":4,"column":13},"end":{"line":8,"column":12}}},"fnMap":{},"branchMap":{},"s":{"0":0},"f":{},"b":{}}
,"/Users/jr/Development/hustle-app/fleet-command/hussle-app-dispatch-api/src/shared/constants/scoringWeights.ts": {"path":"/Users/jr/Development/hustle-app/fleet-command/hussle-app-dispatch-api/src/shared/constants/scoringWeights.ts","statementMap":{"0":{"start":{"line":23,"column":13},"end":{"line":34,"column":3}}},"fnMap":{},"branchMap":{},"s":{"0":3},"f":{},"b":{}}
,"/Users/jr/Development/hustle-app/fleet-command/hussle-app-dispatch-api/src/shared/constants/stateMachine.ts": {"path":"/Users/jr/Development/hustle-app/fleet-command/hussle-app-dispatch-api/src/shared/constants/stateMachine.ts","statementMap":{"0":{"start":{"line":6,"column":13},"end":{"line":9,"column":12}},"1":{"start":{"line":14,"column":13},"end":{"line":17,"column":12}}},"fnMap":{},"branchMap":{},"s":{"0":0,"1":0},"f":{},"b":{}}
,"/Users/jr/Development/hustle-app/fleet-command/hussle-app-dispatch-api/src/shared/constants/stopTypes.ts": {"path":"/Users/jr/Development/hustle-app/fleet-command/hussle-app-dispatch-api/src/shared/constants/stopTypes.ts","statementMap":{"0":{"start":{"line":4,"column":13},"end":{"line":10,"column":11}}},"fnMap":{},"branchMap":{},"s":{"0":0},"f":{},"b":{}}
,"/Users/jr/Development/hustle-app/fleet-command/hussle-app-dispatch-api/src/shared/constants/vehicleOwnership.ts": {"path":"/Users/jr/Development/hustle-app/fleet-command/hussle-app-dispatch-api/src/shared/constants/vehicleOwnership.ts","statementMap":{"0":{"start":{"line":4,"column":13},"end":{"line":7,"column":12}}},"fnMap":{},"branchMap":{},"s":{"0":0},"f":{},"b":{}}
,"/Users/jr/Development/hustle-app/fleet-command/hussle-app-dispatch-api/src/shared/middleware/errorHandler.ts": {"path":"/Users/jr/Development/hustle-app/fleet-command/hussle-app-dispatch-api/src/shared/middleware/errorHandler.ts","statementMap":{"0":{"start":{"line":2,"column":0},"end":{"line":2,"column":37}},"1":{"start":{"line":4,"column":28},"end":{"line":30,"column":1}},"2":{"start":{"line":10,"column":2},"end":{"line":21,"column":3}},"3":{"start":{"line":11,"column":4},"end":{"line":19,"column":7}},"4":{"start":{"line":20,"column":4},"end":{"line":20,"column":11}},"5":{"start":{"line":24,"column":2},"end":{"line":29,"column":5}},"6":{"start":{"line":4,"column":13},"end":{"line":4,"column":28}}},"fnMap":{"0":{"name":"(anonymous_0)","decl":{"start":{"line":4,"column":28},"end":{"line":4,"column":null}},"loc":{"start":{"line":9,"column":10},"end":{"line":30,"column":1}}}},"branchMap":{"0":{"loc":{"start":{"line":10,"column":2},"end":{"line":21,"column":3}},"type":"if","locations":[{"start":{"line":10,"column":2},"end":{"line":21,"column":3}}]},"1":{"loc":{"start":{"line":15,"column":12},"end":{"line":17,"column":14}},"type":"cond-expr","locations":[{"start":{"line":16,"column":12},"end":{"line":16,"column":65}},{"start":{"line":17,"column":12},"end":{"line":17,"column":14}}]},"2":{"loc":{"start":{"line":15,"column":12},"end":{"line":15,"column":58}},"type":"binary-expr","locations":[{"start":{"line":15,"column":12},"end":{"line":15,"column":36}},{"start":{"line":15,"column":40},"end":{"line":15,"column":58}}]}},"s":{"0":0,"1":0,"2":0,"3":0,"4":0,"5":0,"6":0},"f":{"0":0},"b":{"0":[0],"1":[0,0],"2":[0,0]}}
,"/Users/jr/Development/hustle-app/fleet-command/hussle-app-dispatch-api/src/shared/scoring/calculateChainScore.ts": {"path":"/Users/jr/Development/hustle-app/fleet-command/hussle-app-dispatch-api/src/shared/scoring/calculateChainScore.ts","statementMap":{"0":{"start":{"line":1,"column":0},"end":{"line":1,"column":62}},"1":{"start":{"line":3,"column":33},"end":{"line":3,"column":73}},"2":{"start":{"line":4,"column":31},"end":{"line":4,"column":70}},"3":{"start":{"line":5,"column":30},"end":{"line":5,"column":66}},"4":{"start":{"line":11,"column":32},"end":{"line":11,"column":36}},"5":{"start":{"line":12,"column":27},"end":{"line":12,"column":31}},"6":{"start":{"line":13,"column":27},"end":{"line":13,"column":31}},"7":{"start":{"line":19,"column":22},"end":{"line":19,"column":26}},"8":{"start":{"line":20,"column":17},"end":{"line":20,"column":21}},"9":{"start":{"line":21,"column":17},"end":{"line":21,"column":20}},"10":{"start":{"line":26,"column":32},"end":{"line":26,"column":35}},"11":{"start":{"line":27,"column":30},"end":{"line":27,"column":34}},"12":{"start":{"line":58,"column":27},"end":{"line":75,"column":1}},"13":{"start":{"line":59,"column":2},"end":{"line":59,"column":29}},"14":{"start":{"line":59,"column":20},"end":{"line":59,"column":29}},"15":{"start":{"line":61,"column":17},"end":{"line":61,"column":33}},"16":{"start":{"line":63,"column":2},"end":{"line":63,"column":73}},"17":{"start":{"line":63,"column":41},"end":{"line":63,"column":73}},"18":{"start":{"line":64,"column":2},"end":{"line":67,"column":3}},"19":{"start":{"line":65,"column":21},"end":{"line":65,"column":99}},"20":{"start":{"line":66,"column":4},"end":{"line":66,"column":42}},"21":{"start":{"line":68,"column":2},"end":{"line":71,"column":3}},"22":{"start":{"line":69,"column":21},"end":{"line":69,"column":94}},"23":{"start":{"line":70,"column":4},"end":{"line":70,"column":37}},"24":{"start":{"line":72,"column":2},"end":{"line":72,"column":63}},"25":{"start":{"line":72,"column":18},"end":{"line":72,"column":63}},"26":{"start":{"line":74,"column":2},"end":{"line":74,"column":11}},"27":{"start":{"line":80,"column":31},"end":{"line":106,"column":1}},"28":{"start":{"line":85,"column":26},"end":{"line":85,"column":66}},"29":{"start":{"line":87,"column":2},"end":{"line":89,"column":3}},"30":{"start":{"line":88,"column":4},"end":{"line":88,"column":34}},"31":{"start":{"line":91,"column":2},"end":{"line":93,"column":3}},"32":{"start":{"line":92,"column":4},"end":{"line":92,"column":53}},"33":{"start":{"line":95,"column":2},"end":{"line":97,"column":3}},"34":{"start":{"line":96,"column":4},"end":{"line":96,"column":74}},"35":{"start":{"line":101,"column":4},"end":{"line":102,"column":53}},"36":{"start":{"line":103,"column":21},"end":{"line":103,"column":84}},"37":{"start":{"line":105,"column":2},"end":{"line":105,"column":104}},"38":{"start":{"line":111,"column":28},"end":{"line":123,"column":1}},"39":{"start":{"line":112,"column":2},"end":{"line":112,"column":77}},"40":{"start":{"line":112,"column":48},"end":{"line":112,"column":77}},"41":{"start":{"line":113,"column":2},"end":{"line":116,"column":3}},"42":{"start":{"line":114,"column":21},"end":{"line":114,"column":86}},"43":{"start":{"line":115,"column":4},"end":{"line":115,"column":42}},"44":{"start":{"line":117,"column":2},"end":{"line":120,"column":3}},"45":{"start":{"line":118,"column":21},"end":{"line":118,"column":81}},"46":{"start":{"line":119,"column":4},"end":{"line":119,"column":37}},"47":{"start":{"line":122,"column":2},"end":{"line":122,"column":11}},"48":{"start":{"line":125,"column":22},"end":{"line":130,"column":1}},"49":{"start":{"line":126,"column":2},"end":{"line":126,"column":38}},"50":{"start":{"line":126,"column":19},"end":{"line":126,"column":38}},"51":{"start":{"line":127,"column":2},"end":{"line":127,"column":33}},"52":{"start":{"line":127,"column":19},"end":{"line":127,"column":33}},"53":{"start":{"line":128,"column":2},"end":{"line":128,"column":37}},"54":{"start":{"line":128,"column":19},"end":{"line":128,"column":37}},"55":{"start":{"line":129,"column":2},"end":{"line":129,"column":16}},"56":{"start":{"line":138,"column":35},"end":{"line":181,"column":1}},"57":{"start":{"line":149,"column":6},"end":{"line":149,"column":11}},"58":{"start":{"line":151,"column":27},"end":{"line":151,"column":52}},"59":{"start":{"line":152,"column":27},"end":{"line":152,"column":59}},"60":{"start":{"line":153,"column":26},"end":{"line":153,"column":61}},"61":{"start":{"line":154,"column":21},"end":{"line":154,"column":48}},"62":{"start":{"line":155,"column":19},"end":{"line":155,"column":69}},"63":{"start":{"line":156,"column":34},"end":{"line":156,"column":90}},"64":{"start":{"line":157,"column":31},"end":{"line":157,"column":58}},"65":{"start":{"line":159,"column":35},"end":{"line":159,"column":88}},"66":{"start":{"line":160,"column":34},"end":{"line":163,"column":null}},"67":{"start":{"line":165,"column":31},"end":{"line":165,"column":75}},"68":{"start":{"line":167,"column":21},"end":{"line":167,"column":94}},"69":{"start":{"line":169,"column":2},"end":{"line":180,"column":4}},"70":{"start":{"line":138,"column":13},"end":{"line":138,"column":35}}},"fnMap":{"0":{"name":"(anonymous_0)","decl":{"start":{"line":58,"column":27},"end":{"line":58,"column":28}},"loc":{"start":{"line":58,"column":71},"end":{"line":75,"column":1}}},"1":{"name":"(anonymous_1)","decl":{"start":{"line":80,"column":31},"end":{"line":80,"column":null}},"loc":{"start":{"line":84,"column":12},"end":{"line":106,"column":1}}},"2":{"name":"(anonymous_2)","decl":{"start":{"line":111,"column":28},"end":{"line":111,"column":29}},"loc":{"start":{"line":111,"column":72},"end":{"line":123,"column":1}}},"3":{"name":"(anonymous_3)","decl":{"start":{"line":125,"column":22},"end":{"line":125,"column":23}},"loc":{"start":{"line":125,"column":48},"end":{"line":130,"column":1}}},"4":{"name":"(anonymous_4)","decl":{"start":{"line":138,"column":35},"end":{"line":138,"column":36}},"loc":{"start":{"line":138,"column":80},"end":{"line":181,"column":1}}}},"branchMap":{"0":{"loc":{"start":{"line":59,"column":2},"end":{"line":59,"column":29}},"type":"if","locations":[{"start":{"line":59,"column":2},"end":{"line":59,"column":29}}]},"1":{"loc":{"start":{"line":63,"column":2},"end":{"line":63,"column":73}},"type":"if","locations":[{"start":{"line":63,"column":2},"end":{"line":63,"column":73}}]},"2":{"loc":{"start":{"line":64,"column":2},"end":{"line":67,"column":3}},"type":"if","locations":[{"start":{"line":64,"column":2},"end":{"line":67,"column":3}}]},"3":{"loc":{"start":{"line":68,"column":2},"end":{"line":71,"column":3}},"type":"if","locations":[{"start":{"line":68,"column":2},"end":{"line":71,"column":3}}]},"4":{"loc":{"start":{"line":72,"column":2},"end":{"line":72,"column":63}},"type":"if","locations":[{"start":{"line":72,"column":2},"end":{"line":72,"column":63}}]},"5":{"loc":{"start":{"line":87,"column":2},"end":{"line":89,"column":3}},"type":"if","locations":[{"start":{"line":87,"column":2},"end":{"line":89,"column":3}}]},"6":{"loc":{"start":{"line":87,"column":6},"end":{"line":87,"column":65}},"type":"binary-expr","locations":[{"start":{"line":87,"column":6},"end":{"line":87,"column":21}},{"start":{"line":87,"column":25},"end":{"line":87,"column":65}}]},"7":{"loc":{"start":{"line":91,"column":2},"end":{"line":93,"column":3}},"type":"if","locations":[{"start":{"line":91,"column":2},"end":{"line":93,"column":3}}]},"8":{"loc":{"start":{"line":95,"column":2},"end":{"line":97,"column":3}},"type":"if","locations":[{"start":{"line":95,"column":2},"end":{"line":97,"column":3}}]},"9":{"loc":{"start":{"line":96,"column":11},"end":{"line":96,"column":73}},"type":"cond-expr","locations":[{"start":{"line":96,"column":29},"end":{"line":96,"column":69}},{"start":{"line":96,"column":72},"end":{"line":96,"column":73}}]},"10":{"loc":{"start":{"line":105,"column":9},"end":{"line":105,"column":103}},"type":"cond-expr","locations":[{"start":{"line":105,"column":27},"end":{"line":105,"column":90}},{"start":{"line":105,"column":93},"end":{"line":105,"column":103}}]},"11":{"loc":{"start":{"line":112,"column":2},"end":{"line":112,"column":77}},"type":"if","locations":[{"start":{"line":112,"column":2},"end":{"line":112,"column":77}}]},"12":{"loc":{"start":{"line":113,"column":2},"end":{"line":116,"column":3}},"type":"if","locations":[{"start":{"line":113,"column":2},"end":{"line":116,"column":3}}]},"13":{"loc":{"start":{"line":117,"column":2},"end":{"line":120,"column":3}},"type":"if","locations":[{"start":{"line":117,"column":2},"end":{"line":120,"column":3}}]},"14":{"loc":{"start":{"line":126,"column":2},"end":{"line":126,"column":38}},"type":"if","locations":[{"start":{"line":126,"column":2},"end":{"line":126,"column":38}}]},"15":{"loc":{"start":{"line":127,"column":2},"end":{"line":127,"column":33}},"type":"if","locations":[{"start":{"line":127,"column":2},"end":{"line":127,"column":33}}]},"16":{"loc":{"start":{"line":128,"column":2},"end":{"line":128,"column":37}},"type":"if","locations":[{"start":{"line":128,"column":2},"end":{"line":128,"column":37}}]},"17":{"loc":{"start":{"line":155,"column":19},"end":{"line":155,"column":69}},"type":"cond-expr","locations":[{"start":{"line":155,"column":36},"end":{"line":155,"column":65}},{"start":{"line":155,"column":68},"end":{"line":155,"column":69}}]},"18":{"loc":{"start":{"line":156,"column":34},"end":{"line":156,"column":90}},"type":"cond-expr","locations":[{"start":{"line":156,"column":54},"end":{"line":156,"column":86}},{"start":{"line":156,"column":89},"end":{"line":156,"column":90}}]}},"s":{"0":1,"1":1,"2":1,"3":1,"4":1,"5":1,"6":1,"7":1,"8":1,"9":1,"10":1,"11":1,"12":1,"13":20,"14":0,"15":20,"16":20,"17":2,"18":18,"19":0,"20":0,"21":18,"22":16,"23":16,"24":2,"25":0,"26":2,"27":1,"28":20,"29":20,"30":17,"31":3,"32":1,"33":2,"34":2,"35":0,"36":0,"37":0,"38":1,"39":20,"40":2,"41":18,"42":0,"43":0,"44":18,"45":16,"46":16,"47":2,"48":1,"49":20,"50":2,"51":18,"52":0,"53":18,"54":15,"55":3,"56":1,"57":20,"58":20,"59":20,"60":20,"61":20,"62":20,"63":20,"64":20,"65":20,"66":20,"67":20,"68":20,"69":20,"70":1},"f":{"0":20,"1":20,"2":20,"3":20,"4":20},"b":{"0":[0],"1":[2],"2":[0],"3":[16],"4":[0],"5":[17],"6":[20,17],"7":[1],"8":[2],"9":[0,2],"10":[0,0],"11":[2],"12":[0],"13":[16],"14":[2],"15":[0],"16":[15],"17":[20,0],"18":[20,0]}}
,"/Users/jr/Development/hustle-app/fleet-command/hussle-app-dispatch-api/src/shared/scoring/calculateCompositeScore.ts": {"path":"/Users/jr/Development/hustle-app/fleet-command/hussle-app-dispatch-api/src/shared/scoring/calculateCompositeScore.ts","statementMap":{"0":{"start":{"line":1,"column":0},"end":{"line":1,"column":56}},"1":{"start":{"line":3,"column":0},"end":{"line":3,"column":62}},"2":{"start":{"line":5,"column":23},"end":{"line":5,"column":65}},"3":{"start":{"line":11,"column":28},"end":{"line":11,"column":31}},"4":{"start":{"line":12,"column":23},"end":{"line":12,"column":26}},"5":{"start":{"line":13,"column":23},"end":{"line":13,"column":26}},"6":{"start":{"line":15,"column":55},"end":{"line":20,"column":2}},"7":{"start":{"line":52,"column":17},"end":{"line":68,"column":1}},"8":{"start":{"line":53,"column":2},"end":{"line":53,"column":32}},"9":{"start":{"line":53,"column":23},"end":{"line":53,"column":32}},"10":{"start":{"line":55,"column":16},"end":{"line":55,"column":40}},"11":{"start":{"line":57,"column":2},"end":{"line":57,"column":58}},"12":{"start":{"line":57,"column":36},"end":{"line":57,"column":58}},"13":{"start":{"line":58,"column":2},"end":{"line":61,"column":3}},"14":{"start":{"line":59,"column":21},"end":{"line":59,"column":86}},"15":{"start":{"line":60,"column":4},"end":{"line":60,"column":42}},"16":{"start":{"line":62,"column":2},"end":{"line":65,"column":3}},"17":{"start":{"line":63,"column":21},"end":{"line":63,"column":81}},"18":{"start":{"line":64,"column":4},"end":{"line":64,"column":37}},"19":{"start":{"line":67,"column":2},"end":{"line":67,"column":11}},"20":{"start":{"line":70,"column":25},"end":{"line":75,"column":1}},"21":{"start":{"line":71,"column":2},"end":{"line":71,"column":38}},"22":{"start":{"line":71,"column":19},"end":{"line":71,"column":38}},"23":{"start":{"line":72,"column":2},"end":{"line":72,"column":33}},"24":{"start":{"line":72,"column":19},"end":{"line":72,"column":33}},"25":{"start":{"line":73,"column":2},"end":{"line":73,"column":33}},"26":{"start":{"line":73,"column":19},"end":{"line":73,"column":33}},"27":{"start":{"line":74,"column":2},"end":{"line":74,"column":16}},"28":{"start":{"line":77,"column":26},"end":{"line":82,"column":1}},"29":{"start":{"line":78,"column":2},"end":{"line":78,"column":38}},"30":{"start":{"line":78,"column":19},"end":{"line":78,"column":38}},"31":{"start":{"line":79,"column":2},"end":{"line":79,"column":33}},"32":{"start":{"line":79,"column":19},"end":{"line":79,"column":33}},"33":{"start":{"line":80,"column":2},"end":{"line":80,"column":33}},"34":{"start":{"line":80,"column":19},"end":{"line":80,"column":33}},"35":{"start":{"line":81,"column":2},"end":{"line":81,"column":16}},"36":{"start":{"line":91,"column":39},"end":{"line":120,"column":1}},"37":{"start":{"line":94,"column":23},"end":{"line":94,"column":64}},"38":{"start":{"line":95,"column":30},"end":{"line":95,"column":35}},"39":{"start":{"line":97,"column":2},"end":{"line":107,"column":3}},"40":{"start":{"line":98,"column":27},"end":{"line":98,"column":57}},"41":{"start":{"line":99,"column":4},"end":{"line":106,"column":6}},"42":{"start":{"line":109,"column":20},"end":{"line":109,"column":65}},"43":{"start":{"line":110,"column":25},"end":{"line":110,"column":67}},"44":{"start":{"line":112,"column":2},"end":{"line":119,"column":4}},"45":{"start":{"line":91,"column":13},"end":{"line":91,"column":39}}},"fnMap":{"0":{"name":"(anonymous_0)","decl":{"start":{"line":52,"column":17},"end":{"line":52,"column":18}},"loc":{"start":{"line":52,"column":69},"end":{"line":68,"column":1}}},"1":{"name":"(anonymous_1)","decl":{"start":{"line":70,"column":25},"end":{"line":70,"column":26}},"loc":{"start":{"line":70,"column":51},"end":{"line":75,"column":1}}},"2":{"name":"(anonymous_2)","decl":{"start":{"line":77,"column":26},"end":{"line":77,"column":27}},"loc":{"start":{"line":77,"column":52},"end":{"line":82,"column":1}}},"3":{"name":"(anonymous_3)","decl":{"start":{"line":91,"column":39},"end":{"line":91,"column":null}},"loc":{"start":{"line":93,"column":26},"end":{"line":120,"column":1}}}},"branchMap":{"0":{"loc":{"start":{"line":53,"column":2},"end":{"line":53,"column":32}},"type":"if","locations":[{"start":{"line":53,"column":2},"end":{"line":53,"column":32}}]},"1":{"loc":{"start":{"line":57,"column":2},"end":{"line":57,"column":58}},"type":"if","locations":[{"start":{"line":57,"column":2},"end":{"line":57,"column":58}}]},"2":{"loc":{"start":{"line":58,"column":2},"end":{"line":61,"column":3}},"type":"if","locations":[{"start":{"line":58,"column":2},"end":{"line":61,"column":3}}]},"3":{"loc":{"start":{"line":62,"column":2},"end":{"line":65,"column":3}},"type":"if","locations":[{"start":{"line":62,"column":2},"end":{"line":65,"column":3}}]},"4":{"loc":{"start":{"line":71,"column":2},"end":{"line":71,"column":38}},"type":"if","locations":[{"start":{"line":71,"column":2},"end":{"line":71,"column":38}}]},"5":{"loc":{"start":{"line":72,"column":2},"end":{"line":72,"column":33}},"type":"if","locations":[{"start":{"line":72,"column":2},"end":{"line":72,"column":33}}]},"6":{"loc":{"start":{"line":73,"column":2},"end":{"line":73,"column":33}},"type":"if","locations":[{"start":{"line":73,"column":2},"end":{"line":73,"column":33}}]},"7":{"loc":{"start":{"line":78,"column":2},"end":{"line":78,"column":38}},"type":"if","locations":[{"start":{"line":78,"column":2},"end":{"line":78,"column":38}}]},"8":{"loc":{"start":{"line":79,"column":2},"end":{"line":79,"column":33}},"type":"if","locations":[{"start":{"line":79,"column":2},"end":{"line":79,"column":33}}]},"9":{"loc":{"start":{"line":80,"column":2},"end":{"line":80,"column":33}},"type":"if","locations":[{"start":{"line":80,"column":2},"end":{"line":80,"column":33}}]},"10":{"loc":{"start":{"line":94,"column":23},"end":{"line":94,"column":64}},"type":"binary-expr","locations":[{"start":{"line":94,"column":23},"end":{"line":94,"column":59}},{"start":{"line":94,"column":63},"end":{"line":94,"column":64}}]},"11":{"loc":{"start":{"line":97,"column":2},"end":{"line":107,"column":3}},"type":"if","locations":[{"start":{"line":97,"column":2},"end":{"line":107,"column":3}}]}},"s":{"0":1,"1":1,"2":1,"3":1,"4":1,"5":1,"6":1,"7":1,"8":12,"9":0,"10":12,"11":12,"12":1,"13":11,"14":11,"15":11,"16":0,"17":0,"18":0,"19":0,"20":1,"21":12,"22":7,"23":5,"24":0,"25":5,"26":3,"27":2,"28":1,"29":4,"30":4,"31":0,"32":0,"33":0,"34":0,"35":0,"36":1,"37":16,"38":16,"39":16,"40":4,"41":4,"42":12,"43":12,"44":12,"45":1},"f":{"0":12,"1":12,"2":4,"3":16},"b":{"0":[0],"1":[1],"2":[11],"3":[0],"4":[7],"5":[0],"6":[3],"7":[4],"8":[0],"9":[0],"10":[16,0],"11":[4]}}
,"/Users/jr/Development/hustle-app/fleet-command/hussle-app-dispatch-api/src/shared/scoring/calculateCpm.ts": {"path":"/Users/jr/Development/hustle-app/fleet-command/hussle-app-dispatch-api/src/shared/scoring/calculateCpm.ts","statementMap":{"0":{"start":{"line":17,"column":28},"end":{"line":23,"column":1}},"1":{"start":{"line":18,"column":20},"end":{"line":18,"column":71}},"2":{"start":{"line":18,"column":48},"end":{"line":18,"column":67}},"3":{"start":{"line":19,"column":22},"end":{"line":19,"column":67}},"4":{"start":{"line":19,"column":50},"end":{"line":19,"column":65}},"5":{"start":{"line":20,"column":21},"end":{"line":20,"column":75}},"6":{"start":{"line":20,"column":64},"end":{"line":20,"column":71}},"7":{"start":{"line":22,"column":2},"end":{"line":22,"column":32}},"8":{"start":{"line":17,"column":13},"end":{"line":17,"column":28}}},"fnMap":{"0":{"name":"(anonymous_0)","decl":{"start":{"line":17,"column":28},"end":{"line":17,"column":29}},"loc":{"start":{"line":17,"column":64},"end":{"line":23,"column":1}}},"1":{"name":"(anonymous_1)","decl":{"start":{"line":18,"column":36},"end":{"line":18,"column":37}},"loc":{"start":{"line":18,"column":48},"end":{"line":18,"column":67}}},"2":{"name":"(anonymous_2)","decl":{"start":{"line":19,"column":43},"end":{"line":19,"column":44}},"loc":{"start":{"line":19,"column":50},"end":{"line":19,"column":65}}},"3":{"name":"(anonymous_3)","decl":{"start":{"line":20,"column":52},"end":{"line":20,"column":53}},"loc":{"start":{"line":20,"column":64},"end":{"line":20,"column":71}}}},"branchMap":{},"s":{"0":1,"1":5,"2":10,"3":5,"4":10,"5":5,"6":6,"7":5,"8":1},"f":{"0":5,"1":10,"2":10,"3":6},"b":{}}
,"/Users/jr/Development/hustle-app/fleet-command/hussle-app-dispatch-api/src/shared/scoring/calculateDriverFit.ts": {"path":"/Users/jr/Development/hustle-app/fleet-command/hussle-app-dispatch-api/src/shared/scoring/calculateDriverFit.ts","statementMap":{"0":{"start":{"line":1,"column":0},"end":{"line":1,"column":62}},"1":{"start":{"line":29,"column":19},"end":{"line":29,"column":54}},"2":{"start":{"line":35,"column":32},"end":{"line":35,"column":36}},"3":{"start":{"line":45,"column":34},"end":{"line":85,"column":1}},"4":{"start":{"line":53,"column":6},"end":{"line":53,"column":11}},"5":{"start":{"line":55,"column":26},"end":{"line":55,"column":62}},"6":{"start":{"line":56,"column":21},"end":{"line":56,"column":52}},"7":{"start":{"line":57,"column":28},"end":{"line":57,"column":55}},"8":{"start":{"line":61,"column":2},"end":{"line":75,"column":3}},"9":{"start":{"line":62,"column":4},"end":{"line":62,"column":15}},"10":{"start":{"line":63,"column":9},"end":{"line":75,"column":3}},"11":{"start":{"line":64,"column":4},"end":{"line":64,"column":24}},"12":{"start":{"line":67,"column":26},"end":{"line":67,"column":78}},"13":{"start":{"line":68,"column":22},"end":{"line":68,"column":54}},"14":{"start":{"line":71,"column":26},"end":{"line":71,"column":66}},"15":{"start":{"line":72,"column":24},"end":{"line":72,"column":51}},"16":{"start":{"line":74,"column":4},"end":{"line":74,"column":62}},"17":{"start":{"line":77,"column":2},"end":{"line":84,"column":4}},"18":{"start":{"line":45,"column":13},"end":{"line":45,"column":34}}},"fnMap":{"0":{"name":"(anonymous_0)","decl":{"start":{"line":45,"column":34},"end":{"line":45,"column":35}},"loc":{"start":{"line":45,"column":77},"end":{"line":85,"column":1}}}},"branchMap":{"0":{"loc":{"start":{"line":61,"column":2},"end":{"line":75,"column":3}},"type":"if","locations":[{"start":{"line":61,"column":2},"end":{"line":75,"column":3}},{"start":{"line":63,"column":9},"end":{"line":75,"column":3}}]},"1":{"loc":{"start":{"line":63,"column":9},"end":{"line":75,"column":3}},"type":"if","locations":[{"start":{"line":63,"column":9},"end":{"line":75,"column":3}},{"start":{"line":65,"column":9},"end":{"line":75,"column":3}}]},"2":{"loc":{"start":{"line":72,"column":24},"end":{"line":72,"column":51}},"type":"cond-expr","locations":[{"start":{"line":72,"column":44},"end":{"line":72,"column":47}},{"start":{"line":72,"column":50},"end":{"line":72,"column":51}}]}},"s":{"0":1,"1":1,"2":1,"3":1,"4":14,"5":14,"6":14,"7":14,"8":14,"9":2,"10":12,"11":3,"12":9,"13":9,"14":9,"15":9,"16":9,"17":14,"18":1},"f":{"0":14},"b":{"0":[2,12],"1":[3,9],"2":[1,8]}}
,"/Users/jr/Development/hustle-app/fleet-command/hussle-app-dispatch-api/src/shared/scoring/calculateMinBookRate.ts": {"path":"/Users/jr/Development/hustle-app/fleet-command/hussle-app-dispatch-api/src/shared/scoring/calculateMinBookRate.ts","statementMap":{"0":{"start":{"line":16,"column":36},"end":{"line":22,"column":1}},"1":{"start":{"line":17,"column":63},"end":{"line":17,"column":68}},"2":{"start":{"line":19,"column":15},"end":{"line":19,"column":80}},"3":{"start":{"line":21,"column":2},"end":{"line":21,"column":35}},"4":{"start":{"line":16,"column":13},"end":{"line":16,"column":36}}},"fnMap":{"0":{"name":"(anonymous_0)","decl":{"start":{"line":16,"column":36},"end":{"line":16,"column":37}},"loc":{"start":{"line":16,"column":72},"end":{"line":22,"column":1}}}},"branchMap":{},"s":{"0":1,"1":7,"2":7,"3":7,"4":1},"f":{"0":7},"b":{}}
,"/Users/jr/Development/hustle-app/fleet-command/hussle-app-dispatch-api/src/shared/scoring/index.ts": {"path":"/Users/jr/Development/hustle-app/fleet-command/hussle-app-dispatch-api/src/shared/scoring/index.ts","statementMap":{"0":{"start":{"line":1,"column":0},"end":{"line":1,"column":9}},"1":{"start":{"line":1,"column":9},"end":{"line":1,"column":62}},"2":{"start":{"line":2,"column":0},"end":{"line":2,"column":9}},"3":{"start":{"line":2,"column":9},"end":{"line":2,"column":46}},"4":{"start":{"line":3,"column":0},"end":{"line":3,"column":9}},"5":{"start":{"line":3,"column":9},"end":{"line":3,"column":58}},"6":{"start":{"line":5,"column":0},"end":{"line":5,"column":9}},"7":{"start":{"line":5,"column":9},"end":{"line":5,"column":68}},"8":{"start":{"line":7,"column":0},"end":{"line":7,"column":9}},"9":{"start":{"line":7,"column":9},"end":{"line":7,"column":60}}},"fnMap":{"0":{"name":"(anonymous_0)","decl":{"start":{"line":1,"column":9},"end":{"line":1,"column":29}},"loc":{"start":{"line":1,"column":9},"end":{"line":1,"column":62}}},"1":{"name":"(anonymous_1)","decl":{"start":{"line":2,"column":9},"end":{"line":2,"column":21}},"loc":{"start":{"line":2,"column":9},"end":{"line":2,"column":46}}},"2":{"name":"(anonymous_2)","decl":{"start":{"line":3,"column":9},"end":{"line":3,"column":27}},"loc":{"start":{"line":3,"column":9},"end":{"line":3,"column":58}}},"3":{"name":"(anonymous_3)","decl":{"start":{"line":5,"column":9},"end":{"line":5,"column":32}},"loc":{"start":{"line":5,"column":9},"end":{"line":5,"column":68}}},"4":{"name":"(anonymous_4)","decl":{"start":{"line":7,"column":9},"end":{"line":7,"column":28}},"loc":{"start":{"line":7,"column":9},"end":{"line":7,"column":60}}}},"branchMap":{},"s":{"0":0,"1":0,"2":0,"3":0,"4":0,"5":0,"6":0,"7":0,"8":0,"9":0},"f":{"0":0,"1":0,"2":0,"3":0,"4":0},"b":{}}
}
