TN:
SF:src/app.ts
FN:8,(anonymous_1)
FN:27,(anonymous_2)
FNF:2
FNH:0
FNDA:0,(anonymous_1)
FNDA:0,(anonymous_2)
DA:1,0
DA:2,0
DA:3,0
DA:4,0
DA:5,0
DA:6,0
DA:8,0
DA:9,0
DA:12,0
DA:15,0
DA:18,0
DA:19,0
DA:23,0
DA:24,0
DA:27,0
DA:28,0
DA:35,0
DA:37,0
LF:18
LH:0
BRDA:18,0,0,0
BRF:1
BRH:0
end_of_record
TN:
SF:src/config/database.ts
FN:15,(anonymous_0)
FNF:1
FNH:0
FNDA:0,(anonymous_0)
DA:1,0
DA:15,0
DA:16,0
DA:17,0
DA:20,0
DA:21,0
DA:24,0
DA:27,0
LF:8
LH:0
BRDA:16,0,0,0
BRDA:20,1,0,0
BRF:2
BRH:0
end_of_record
TN:
SF:src/config/env.ts
FN:1,(anonymous_0)
FN:9,(anonymous_1)
FNF:2
FNH:0
FNDA:0,(anonymous_0)
FNDA:0,(anonymous_1)
DA:1,0
DA:2,0
DA:3,0
DA:4,0
DA:6,0
DA:9,0
DA:10,0
DA:12,0
LF:8
LH:0
BRDA:3,0,0,0
BRDA:3,1,0,0
BRDA:3,1,1,0
BRDA:10,2,0,0
BRDA:10,2,1,0
BRF:5
BRH:0
end_of_record
TN:
SF:src/config/geoBootstrap.ts
FN:16,(anonymous_1)
FN:25,(anonymous_2)
FN:32,(anonymous_3)
FNF:3
FNH:0
FNDA:0,(anonymous_1)
FNDA:0,(anonymous_2)
FNDA:0,(anonymous_3)
DA:1,0
DA:2,0
DA:5,0
DA:16,0
DA:17,0
DA:19,0
DA:20,0
DA:21,0
DA:24,0
DA:25,0
DA:28,0
DA:30,0
DA:32,0
DA:33,0
DA:34,0
DA:35,0
DA:38,0
DA:39,0
DA:40,0
DA:41,0
DA:43,0
DA:44,0
DA:47,0
DA:48,0
DA:50,0
DA:53,0
DA:55,0
LF:27
LH:0
BRDA:19,0,0,0
BRDA:28,1,0,0
BRDA:28,1,1,0
BRDA:34,2,0,0
BRDA:43,3,0,0
BRDA:43,4,0,0
BRDA:43,4,1,0
BRDA:43,4,2,0
BRDA:43,4,3,0
BRF:9
BRH:0
end_of_record
TN:
SF:src/config/s3.ts
FNF:0
FNH:0
DA:1,0
DA:2,0
DA:9,0
LF:3
LH:0
BRDA:12,0,0,0
BRDA:12,0,1,0
BRDA:12,1,0,0
BRDA:12,1,1,0
BRF:4
BRH:0
end_of_record
TN:
SF:src/shared/errors.ts
FN:10,(anonymous_0)
FN:21,(anonymous_1)
FN:29,(anonymous_2)
FN:36,(anonymous_3)
FN:42,(anonymous_4)
FN:48,(anonymous_5)
FN:58,(anonymous_6)
FN:73,(anonymous_7)
FN:84,(anonymous_8)
FN:90,(anonymous_9)
FN:103,(anonymous_10)
FN:115,(anonymous_11)
FN:120,(anonymous_12)
FNF:13
FNH:0
FNDA:0,(anonymous_0)
FNDA:0,(anonymous_1)
FNDA:0,(anonymous_2)
FNDA:0,(anonymous_3)
FNDA:0,(anonymous_4)
FNDA:0,(anonymous_5)
FNDA:0,(anonymous_6)
FNDA:0,(anonymous_7)
FNDA:0,(anonymous_8)
FNDA:0,(anonymous_9)
FNDA:0,(anonymous_10)
FNDA:0,(anonymous_11)
FNDA:0,(anonymous_12)
DA:5,0
DA:11,0
DA:12,0
DA:13,0
DA:14,0
DA:15,0
DA:16,0
DA:20,0
DA:22,0
DA:26,0
DA:30,0
DA:31,0
DA:35,0
DA:37,0
DA:41,0
DA:43,0
DA:47,0
DA:49,0
DA:53,0
DA:59,0
DA:64,0
DA:65,0
DA:66,0
DA:70,0
DA:74,0
DA:79,0
DA:83,0
DA:85,0
DA:89,0
DA:91,0
DA:99,0
DA:104,0
DA:109,0
DA:110,0
DA:114,0
DA:116,0
DA:120,0
DA:121,0
LF:38
LH:0
BRDA:10,0,0,0
BRDA:29,1,0,0
BRDA:42,2,0,0
BRDA:48,3,0,0
BRF:4
BRH:0
end_of_record
TN:
SF:src/shared/financials.ts
FN:13,(anonymous_1)
FN:49,(anonymous_2)
FNF:2
FNH:0
FNDA:0,(anonymous_1)
FNDA:0,(anonymous_2)
DA:1,0
DA:3,0
DA:4,0
DA:10,0
DA:13,0
DA:14,0
DA:49,0
DA:52,0
DA:54,0
DA:55,0
DA:58,0
DA:59,0
DA:60,0
DA:61,0
DA:63,0
DA:64,0
DA:65,0
DA:66,0
DA:69,0
DA:74,0
DA:78,0
LF:21
LH:0
BRDA:54,0,0,0
BRDA:63,1,0,0
BRDA:63,1,1,0
BRDA:69,2,0,0
BRDA:69,2,1,0
BRDA:74,3,0,0
BRDA:74,3,1,0
BRDA:74,4,0,0
BRDA:74,4,1,0
BRF:9
BRH:0
end_of_record
TN:
SF:src/shared/geoLookup.ts
FN:21,(anonymous_0)
FN:58,(anonymous_1)
FN:59,(anonymous_2)
FNF:3
FNH:0
FNDA:0,(anonymous_0)
FNDA:0,(anonymous_1)
FNDA:0,(anonymous_2)
DA:3,0
DA:4,0
DA:21,0
DA:26,0
DA:27,0
DA:29,0
DA:30,0
DA:33,0
DA:34,0
DA:35,0
DA:38,0
DA:39,0
DA:41,0
DA:42,0
DA:45,0
DA:58,0
DA:59,0
DA:61,0
DA:62,0
DA:65,0
DA:71,0
DA:73,0
LF:22
LH:0
BRDA:29,0,0,0
BRDA:34,1,0,0
BRDA:38,2,0,0
BRDA:38,2,1,0
BRDA:39,3,0,0
BRDA:39,3,1,0
BRDA:41,4,0,0
BRDA:41,5,0,0
BRDA:41,5,1,0
BRF:9
BRH:0
end_of_record
TN:
SF:src/shared/onboardingGate.ts
FN:24,(anonymous_0)
FNF:1
FNH:0
FNDA:0,(anonymous_0)
DA:1,0
DA:24,0
DA:27,0
DA:28,0
DA:31,0
DA:32,0
DA:36,0
DA:38,0
DA:39,0
DA:42,0
DA:43,0
DA:44,0
DA:45,0
DA:46,0
DA:49,0
DA:50,0
DA:53,0
LF:17
LH:0
BRDA:27,0,0,0
BRDA:31,1,0,0
BRDA:38,2,0,0
BRDA:42,3,0,0
BRDA:42,3,1,0
BRDA:44,4,0,0
BRDA:44,5,0,0
BRDA:44,5,1,0
BRDA:49,6,0,0
BRF:9
BRH:0
end_of_record
TN:
SF:src/shared/redisClient.ts
FN:8,(anonymous_1)
FN:14,(anonymous_2)
FN:23,(anonymous_3)
FNF:3
FNH:0
FNDA:0,(anonymous_1)
FNDA:0,(anonymous_2)
FNDA:0,(anonymous_3)
DA:1,0
DA:2,0
DA:8,0
DA:9,0
DA:14,0
DA:15,0
DA:16,0
DA:20,0
DA:23,0
DA:24,0
DA:26,0
LF:11
LH:0
BRDA:15,0,0,0
BRDA:24,1,0,0
BRDA:24,1,1,0
BRDA:24,1,2,0
BRF:4
BRH:0
end_of_record
TN:
SF:src/shared/responseEnvelope.ts
FN:29,(anonymous_0)
FN:34,(anonymous_1)
FN:44,(anonymous_2)
FN:63,(anonymous_3)
FN:68,(anonymous_4)
FN:73,(anonymous_5)
FN:79,(anonymous_6)
FNF:7
FNH:0
FNDA:0,(anonymous_0)
FNDA:0,(anonymous_1)
FNDA:0,(anonymous_2)
FNDA:0,(anonymous_3)
FNDA:0,(anonymous_4)
FNDA:0,(anonymous_5)
FNDA:0,(anonymous_6)
DA:29,0
DA:30,0
DA:31,0
DA:34,0
DA:40,0
DA:41,0
DA:44,0
DA:49,0
DA:50,0
DA:63,0
DA:68,0
DA:73,0
DA:74,0
DA:79,0
DA:80,0
DA:84,0
DA:85,0
DA:87,0
LF:18
LH:0
BRDA:29,0,0,0
BRDA:38,1,0,0
BRDA:74,2,0,0
BRDA:74,2,1,0
BRDA:84,3,0,0
BRF:5
BRH:0
end_of_record
TN:
SF:src/shared/s3Presign.ts
FN:35,(anonymous_0)
FN:81,(anonymous_1)
FN:99,(anonymous_2)
FNF:3
FNH:0
FNDA:0,(anonymous_0)
FNDA:0,(anonymous_1)
FNDA:0,(anonymous_2)
DA:1,0
DA:2,0
DA:3,0
DA:4,0
DA:6,0
DA:8,0
DA:10,0
DA:35,0
DA:41,0
DA:42,0
DA:47,0
DA:48,0
DA:49,0
DA:54,0
DA:61,0
DA:65,0
DA:67,0
DA:81,0
DA:86,0
DA:99,0
DA:104,0
LF:21
LH:0
BRDA:41,0,0,0
BRDA:48,1,0,0
BRDA:48,2,0,0
BRDA:48,2,1,0
BRDA:50,3,0,0
BRDA:50,3,1,0
BRF:6
BRH:0
end_of_record
TN:
SF:src/shared/stateMachine.ts
FN:5,(anonymous_0)
FN:77,(anonymous_1)
FN:98,(anonymous_2)
FNF:3
FNH:0
FNDA:0,(anonymous_0)
FNDA:0,(anonymous_1)
FNDA:0,(anonymous_2)
DA:2,0
DA:3,0
DA:5,0
DA:13,0
DA:42,0
DA:77,0
DA:78,0
DA:79,0
DA:82,0
DA:83,0
DA:84,0
DA:86,0
DA:87,0
DA:91,0
DA:98,0
DA:103,0
DA:106,0
DA:107,0
DA:108,0
DA:115,0
DA:119,0
DA:126,0
DA:127,0
DA:128,0
DA:129,0
DA:137,0
DA:138,0
DA:139,0
DA:143,0
DA:145,0
DA:146,0
DA:149,0
DA:150,0
DA:153,0
LF:34
LH:0
BRDA:78,0,0,0
BRDA:78,1,0,0
BRDA:78,1,1,0
BRDA:82,2,0,0
BRDA:83,3,0,0
BRDA:86,4,0,0
BRDA:106,5,0,0
BRDA:107,6,0,0
BRDA:107,6,1,0
BRDA:115,7,0,0
BRDA:116,8,0,0
BRDA:116,8,1,0
BRDA:126,9,0,0
BRDA:127,10,0,0
BRDA:127,10,1,0
BRDA:128,11,0,0
BRDA:138,12,0,0
BRDA:145,13,0,0
BRDA:145,14,0,0
BRDA:145,14,1,0
BRDA:149,15,0,0
BRDA:149,16,0,0
BRDA:149,16,1,0
BRDA:155,17,0,0
BRDA:155,17,1,0
BRF:25
BRH:0
end_of_record
TN:
SF:src/shared/constants/accessorialTypes.ts
FNF:0
FNH:0
DA:4,0
LF:1
LH:0
BRF:0
BRH:0
end_of_record
TN:
SF:src/shared/constants/carrierTypes.ts
FNF:0
FNH:0
DA:5,0
LF:1
LH:0
BRF:0
BRH:0
end_of_record
TN:
SF:src/shared/constants/commodities.ts
FNF:0
FNH:0
DA:5,0
LF:1
LH:0
BRF:0
BRH:0
end_of_record
TN:
SF:src/shared/constants/contactTypes.ts
FNF:0
FNH:0
DA:4,0
LF:1
LH:0
BRF:0
BRH:0
end_of_record
TN:
SF:src/shared/constants/documentTypes.ts
FNF:0
FNH:0
DA:4,0
LF:1
LH:0
BRF:0
BRH:0
end_of_record
TN:
SF:src/shared/constants/equipmentTypes.ts
FNF:0
FNH:0
DA:4,0
LF:1
LH:0
BRF:0
BRH:0
end_of_record
TN:
SF:src/shared/constants/expenseCategories.ts
FNF:0
FNH:0
DA:4,0
LF:1
LH:0
BRF:0
BRH:0
end_of_record
TN:
SF:src/shared/constants/facilityTypes.ts
FNF:0
FNH:0
DA:4,0
DA:28,0
LF:2
LH:0
BRF:0
BRH:0
end_of_record
TN:
SF:src/shared/constants/geoSources.ts
FNF:0
FNH:0
DA:5,0
LF:1
LH:0
BRF:0
BRH:0
end_of_record
TN:
SF:src/shared/constants/index.ts
FN:1,(anonymous_0)
FN:4,(anonymous_1)
FN:7,(anonymous_2)
FN:7,(anonymous_3)
FN:9,(anonymous_4)
FN:12,(anonymous_5)
FN:12,(anonymous_6)
FN:15,(anonymous_7)
FN:18,(anonymous_8)
FN:21,(anonymous_9)
FN:24,(anonymous_10)
FN:26,(anonymous_11)
FN:29,(anonymous_12)
FN:32,(anonymous_13)
FN:35,(anonymous_14)
FN:38,(anonymous_15)
FN:41,(anonymous_16)
FN:44,(anonymous_17)
FN:47,(anonymous_18)
FN:47,(anonymous_19)
FN:50,(anonymous_20)
FN:53,(anonymous_21)
FNF:22
FNH:0
FNDA:0,(anonymous_0)
FNDA:0,(anonymous_1)
FNDA:0,(anonymous_2)
FNDA:0,(anonymous_3)
FNDA:0,(anonymous_4)
FNDA:0,(anonymous_5)
FNDA:0,(anonymous_6)
FNDA:0,(anonymous_7)
FNDA:0,(anonymous_8)
FNDA:0,(anonymous_9)
FNDA:0,(anonymous_10)
FNDA:0,(anonymous_11)
FNDA:0,(anonymous_12)
FNDA:0,(anonymous_13)
FNDA:0,(anonymous_14)
FNDA:0,(anonymous_15)
FNDA:0,(anonymous_16)
FNDA:0,(anonymous_17)
FNDA:0,(anonymous_18)
FNDA:0,(anonymous_19)
FNDA:0,(anonymous_20)
FNDA:0,(anonymous_21)
DA:1,0
DA:4,0
DA:7,0
DA:9,0
DA:12,0
DA:15,0
DA:18,0
DA:21,0
DA:24,0
DA:26,0
DA:29,0
DA:32,0
DA:35,0
DA:38,0
DA:41,0
DA:44,0
DA:47,0
DA:50,0
DA:53,0
LF:19
LH:0
BRF:0
BRH:0
end_of_record
TN:
SF:src/shared/constants/invoiceTypes.ts
FNF:0
FNH:0
DA:4,0
DA:11,0
LF:2
LH:0
BRF:0
BRH:0
end_of_record
TN:
SF:src/shared/constants/kanbanGroups.ts
FNF:0
FNH:0
DA:18,0
LF:1
LH:0
BRF:0
BRH:0
end_of_record
TN:
SF:src/shared/constants/loadSources.ts
FNF:0
FNH:0
DA:4,0
LF:1
LH:0
BRF:0
BRH:0
end_of_record
TN:
SF:src/shared/constants/loadStatuses.ts
FNF:0
FNH:0
DA:5,0
LF:1
LH:0
BRF:0
BRH:0
end_of_record
TN:
SF:src/shared/constants/marketTiers.ts
FNF:0
FNH:0
DA:5,1
LF:1
LH:1
BRF:0
BRH:0
end_of_record
TN:
SF:src/shared/constants/roles.ts
FNF:0
FNH:0
DA:4,0
LF:1
LH:0
BRF:0
BRH:0
end_of_record
TN:
SF:src/shared/constants/scoringWeights.ts
FNF:0
FNH:0
DA:23,3
LF:1
LH:1
BRF:0
BRH:0
end_of_record
TN:
SF:src/shared/constants/stateMachine.ts
FNF:0
FNH:0
DA:6,0
DA:14,0
LF:2
LH:0
BRF:0
BRH:0
end_of_record
TN:
SF:src/shared/constants/stopTypes.ts
FNF:0
FNH:0
DA:4,0
LF:1
LH:0
BRF:0
BRH:0
end_of_record
TN:
SF:src/shared/constants/vehicleOwnership.ts
FNF:0
FNH:0
DA:4,0
LF:1
LH:0
BRF:0
BRH:0
end_of_record
TN:
SF:src/shared/middleware/errorHandler.ts
FN:4,(anonymous_0)
FNF:1
FNH:0
FNDA:0,(anonymous_0)
DA:2,0
DA:4,0
DA:10,0
DA:11,0
DA:20,0
DA:24,0
LF:6
LH:0
BRDA:10,0,0,0
BRDA:15,1,0,0
BRDA:15,1,1,0
BRDA:15,2,0,0
BRDA:15,2,1,0
BRF:5
BRH:0
end_of_record
TN:
SF:src/shared/scoring/calculateChainScore.ts
FN:58,(anonymous_0)
FN:80,(anonymous_1)
FN:111,(anonymous_2)
FN:125,(anonymous_3)
FN:138,(anonymous_4)
FNF:5
FNH:5
FNDA:20,(anonymous_0)
FNDA:20,(anonymous_1)
FNDA:20,(anonymous_2)
FNDA:20,(anonymous_3)
FNDA:20,(anonymous_4)
DA:1,1
DA:3,1
DA:4,1
DA:5,1
DA:11,1
DA:12,1
DA:13,1
DA:19,1
DA:20,1
DA:21,1
DA:26,1
DA:27,1
DA:58,1
DA:59,20
DA:61,20
DA:63,20
DA:64,18
DA:65,0
DA:66,0
DA:68,18
DA:69,16
DA:70,16
DA:72,2
DA:74,2
DA:80,1
DA:85,20
DA:87,20
DA:88,17
DA:91,3
DA:92,1
DA:95,2
DA:96,2
DA:101,0
DA:103,0
DA:105,0
DA:111,1
DA:112,20
DA:113,18
DA:114,0
DA:115,0
DA:117,18
DA:118,16
DA:119,16
DA:122,2
DA:125,1
DA:126,20
DA:127,18
DA:128,18
DA:129,3
DA:138,1
DA:149,20
DA:151,20
DA:152,20
DA:153,20
DA:154,20
DA:155,20
DA:156,20
DA:157,20
DA:159,20
DA:160,20
DA:165,20
DA:167,20
DA:169,20
LF:63
LH:56
BRDA:59,0,0,0
BRDA:63,1,0,2
BRDA:64,2,0,0
BRDA:68,3,0,16
BRDA:72,4,0,0
BRDA:87,5,0,17
BRDA:87,6,0,20
BRDA:87,6,1,17
BRDA:91,7,0,1
BRDA:95,8,0,2
BRDA:96,9,0,0
BRDA:96,9,1,2
BRDA:105,10,0,0
BRDA:105,10,1,0
BRDA:112,11,0,2
BRDA:113,12,0,0
BRDA:117,13,0,16
BRDA:126,14,0,2
BRDA:127,15,0,0
BRDA:128,16,0,15
BRDA:155,17,0,20
BRDA:155,17,1,0
BRDA:156,18,0,20
BRDA:156,18,1,0
BRF:24
BRH:14
end_of_record
TN:
SF:src/shared/scoring/calculateCompositeScore.ts
FN:52,(anonymous_0)
FN:70,(anonymous_1)
FN:77,(anonymous_2)
FN:91,(anonymous_3)
FNF:4
FNH:4
FNDA:12,(anonymous_0)
FNDA:12,(anonymous_1)
FNDA:4,(anonymous_2)
FNDA:16,(anonymous_3)
DA:1,1
DA:3,1
DA:5,1
DA:11,1
DA:12,1
DA:13,1
DA:15,1
DA:52,1
DA:53,12
DA:55,12
DA:57,12
DA:58,11
DA:59,11
DA:60,11
DA:62,0
DA:63,0
DA:64,0
DA:67,0
DA:70,1
DA:71,12
DA:72,5
DA:73,5
DA:74,2
DA:77,1
DA:78,4
DA:79,0
DA:80,0
DA:81,0
DA:91,1
DA:94,16
DA:95,16
DA:97,16
DA:98,4
DA:99,4
DA:109,12
DA:110,12
DA:112,12
LF:37
LH:30
BRDA:53,0,0,0
BRDA:57,1,0,1
BRDA:58,2,0,11
BRDA:62,3,0,0
BRDA:71,4,0,7
BRDA:72,5,0,0
BRDA:73,6,0,3
BRDA:78,7,0,4
BRDA:79,8,0,0
BRDA:80,9,0,0
BRDA:94,10,0,16
BRDA:94,10,1,0
BRDA:97,11,0,4
BRF:13
BRH:7
end_of_record
TN:
SF:src/shared/scoring/calculateCpm.ts
FN:17,(anonymous_0)
FN:18,(anonymous_1)
FN:19,(anonymous_2)
FN:20,(anonymous_3)
FNF:4
FNH:4
FNDA:5,(anonymous_0)
FNDA:10,(anonymous_1)
FNDA:10,(anonymous_2)
FNDA:6,(anonymous_3)
DA:17,1
DA:18,10
DA:19,10
DA:20,6
DA:22,5
LF:5
LH:5
BRF:0
BRH:0
end_of_record
TN:
SF:src/shared/scoring/calculateDriverFit.ts
FN:45,(anonymous_0)
FNF:1
FNH:1
FNDA:14,(anonymous_0)
DA:1,1
DA:29,1
DA:35,1
DA:45,1
DA:53,14
DA:55,14
DA:56,14
DA:57,14
DA:61,14
DA:62,2
DA:63,12
DA:64,3
DA:67,9
DA:68,9
DA:71,9
DA:72,9
DA:74,9
DA:77,14
LF:18
LH:18
BRDA:61,0,0,2
BRDA:61,0,1,12
BRDA:63,1,0,3
BRDA:63,1,1,9
BRDA:72,2,0,1
BRDA:72,2,1,8
BRF:6
BRH:6
end_of_record
TN:
SF:src/shared/scoring/calculateMinBookRate.ts
FN:16,(anonymous_0)
FNF:1
FNH:1
FNDA:7,(anonymous_0)
DA:16,1
DA:17,7
DA:19,7
DA:21,7
LF:4
LH:4
BRF:0
BRH:0
end_of_record
TN:
SF:src/shared/scoring/index.ts
FN:1,(anonymous_0)
FN:2,(anonymous_1)
FN:3,(anonymous_2)
FN:5,(anonymous_3)
FN:7,(anonymous_4)
FNF:5
FNH:0
FNDA:0,(anonymous_0)
FNDA:0,(anonymous_1)
FNDA:0,(anonymous_2)
FNDA:0,(anonymous_3)
FNDA:0,(anonymous_4)
DA:1,0
DA:2,0
DA:3,0
DA:5,0
DA:7,0
LF:5
LH:0
BRF:0
BRH:0
end_of_record
