TN:
SF:src/agreements/controllers/getAgreementController.ts
FN:26,(anonymous_0)
FN:28,(anonymous_1)
FN:31,(anonymous_2)
FNF:3
FNH:3
FNDA:14,(anonymous_0)
FNDA:5,(anonymous_1)
FNDA:3,(anonymous_2)
DA:3,1
DA:9,1
DA:26,1
DA:28,14
DA:29,5
DA:30,5
DA:31,5
DA:33,5
DA:34,5
DA:35,1
DA:37,4
DA:38,1
DA:41,3
DA:43,3
DA:45,3
DA:47,3
DA:48,1
DA:52,1
DA:53,1
DA:59,3
DA:60,3
LF:21
LH:21
BRDA:29,0,0,5
BRDA:29,0,1,0
BRDA:30,1,0,5
BRDA:30,1,1,0
BRDA:31,2,0,5
BRDA:31,2,1,3
BRDA:34,3,0,1
BRDA:37,4,0,1
BRDA:43,5,0,3
BRDA:43,5,1,3
BRDA:45,6,0,3
BRDA:45,6,1,3
BRDA:47,7,0,1
BRDA:47,8,0,3
BRDA:47,8,1,2
BRDA:47,8,2,1
BRDA:47,8,3,1
BRF:17
BRH:15
end_of_record
TN:
SF:src/agreements/controllers/listAgreementsController.ts
FN:20,(anonymous_0)
FN:22,(anonymous_1)
FN:27,(anonymous_2)
FNF:3
FNH:3
FNDA:14,(anonymous_0)
FNDA:2,(anonymous_1)
FNDA:2,(anonymous_2)
DA:6,1
DA:7,1
DA:20,1
DA:22,14
DA:23,2
DA:24,2
DA:26,2
DA:27,2
DA:30,2
DA:31,2
DA:32,2
DA:34,2
LF:12
LH:12
BRDA:30,0,0,2
BRDA:30,0,1,0
BRDA:31,1,0,2
BRDA:31,1,1,0
BRDA:32,2,0,2
BRDA:32,2,1,0
BRF:6
BRH:3
end_of_record
TN:
SF:src/agreements/controllers/requestAgreementController.ts
FN:33,(anonymous_0)
FN:35,(anonymous_1)
FN:41,(anonymous_2)
FN:42,(anonymous_3)
FNF:4
FNH:3
FNDA:14,(anonymous_0)
FNDA:2,(anonymous_1)
FNDA:1,(anonymous_2)
FNDA:0,(anonymous_3)
DA:13,1
DA:14,1
DA:33,1
DA:35,14
DA:36,2
DA:37,2
DA:38,2
DA:39,2
DA:41,1
DA:42,1
DA:43,0
DA:50,1
DA:51,1
LF:13
LH:12
BRDA:36,0,0,2
BRDA:36,0,1,0
BRDA:45,1,0,0
BRDA:45,1,1,0
BRF:4
BRH:1
end_of_record
TN:
SF:src/agreements/controllers/voidAgreementController.ts
FN:27,(anonymous_0)
FN:29,(anonymous_1)
FN:33,(anonymous_2)
FN:34,(anonymous_3)
FNF:4
FNH:3
FNDA:14,(anonymous_0)
FNDA:2,(anonymous_1)
FNDA:1,(anonymous_2)
FNDA:0,(anonymous_3)
DA:10,1
DA:11,1
DA:27,1
DA:29,14
DA:30,2
DA:31,2
DA:33,1
DA:34,1
DA:35,0
DA:42,1
DA:43,1
LF:11
LH:10
BRDA:37,0,0,0
BRDA:37,0,1,0
BRF:2
BRH:0
end_of_record
TN:
SF:src/agreements/controllers/mappers/listAgreementsMapper.ts
FN:9,(anonymous_0)
FN:20,(anonymous_1)
FN:35,(anonymous_2)
FNF:3
FNH:3
FNDA:4,(anonymous_0)
FNDA:4,(anonymous_1)
FNDA:2,(anonymous_2)
DA:9,1
DA:10,4
DA:11,4
DA:13,0
DA:14,0
DA:15,0
DA:17,0
DA:20,1
DA:21,4
DA:22,2
DA:24,2
DA:25,2
DA:26,0
DA:28,2
DA:35,1
DA:36,2
DA:37,2
LF:17
LH:12
BRDA:10,0,0,4
BRDA:10,1,0,4
BRDA:10,1,1,0
BRDA:14,2,0,0
BRDA:21,3,0,2
BRDA:21,4,0,4
BRDA:21,4,1,2
BRDA:21,4,2,2
BRDA:25,5,0,0
BRDA:25,6,0,2
BRDA:25,6,1,2
BRDA:38,7,0,2
BRDA:38,7,1,0
BRDA:39,8,0,1
BRDA:39,8,1,1
BRDA:40,9,0,1
BRDA:40,9,1,1
BRDA:42,10,0,0
BRDA:42,10,1,2
BRF:19
BRH:14
end_of_record
TN:
SF:src/agreements/controllers/mappers/requestAgreementMapper.ts
FN:11,(anonymous_0)
FNF:1
FNH:1
FNDA:2,(anonymous_0)
DA:11,1
DA:12,2
DA:20,2
LF:3
LH:3
BRDA:26,0,0,2
BRDA:26,0,1,0
BRDA:27,1,0,2
BRDA:27,1,1,0
BRF:4
BRH:2
end_of_record
TN:
SF:src/agreements/controllers/mappers/voidAgreementMapper.ts
FN:8,(anonymous_0)
FNF:1
FNH:1
FNDA:2,(anonymous_0)
DA:8,1
DA:9,2
DA:10,2
DA:11,2
LF:4
LH:4
BRDA:9,0,0,2
BRDA:9,0,1,0
BRDA:10,1,0,2
BRDA:10,1,1,0
BRDA:13,2,0,2
BRDA:13,2,1,0
BRDA:14,3,0,2
BRDA:14,3,1,0
BRF:8
BRH:4
end_of_record
TN:
SF:src/agreements/controllers/transformers/agreementTransformer.ts
FN:42,(anonymous_0)
FN:51,(anonymous_1)
FNF:2
FNH:2
FNDA:35,(anonymous_0)
FNDA:7,(anonymous_1)
DA:5,1
DA:42,35
DA:51,1
DA:55,7
DA:57,7
DA:64,1
DA:68,1
DA:76,7
LF:8
LH:8
BRDA:42,0,0,26
BRDA:42,0,1,9
BRDA:57,1,0,1
BRDA:58,2,0,7
BRDA:58,2,1,1
BRDA:58,2,2,1
BRDA:58,2,3,1
BRDA:58,2,4,1
BRF:8
BRH:8
end_of_record
TN:
SF:src/agreements/errors/agreementErrors.ts
FN:12,(anonymous_0)
FN:17,(anonymous_1)
FN:32,(anonymous_2)
FN:40,(anonymous_3)
FNF:4
FNH:4
FNDA:3,(anonymous_0)
FNDA:1,(anonymous_1)
FNDA:3,(anonymous_2)
FNDA:1,(anonymous_3)
DA:1,3
DA:8,3
DA:9,3
DA:10,3
DA:12,3
DA:13,3
DA:14,3
DA:18,1
DA:27,3
DA:28,3
DA:29,3
DA:33,3
DA:36,3
DA:37,3
DA:41,1
LF:15
LH:15
BRDA:12,0,0,3
BRF:1
BRH:1
end_of_record
TN:
SF:src/agreements/jobs/signedAgreementWatchdog.ts
FN:41,(anonymous_0)
FN:45,(anonymous_1)
FN:47,(anonymous_2)
FN:139,(anonymous_3)
FN:144,(anonymous_4)
FN:145,(anonymous_5)
FN:154,(anonymous_6)
FNF:7
FNH:4
FNDA:13,(anonymous_0)
FNDA:0,(anonymous_1)
FNDA:9,(anonymous_2)
FNDA:5,(anonymous_3)
FNDA:0,(anonymous_4)
FNDA:0,(anonymous_5)
FNDA:2,(anonymous_6)
DA:1,1
DA:4,1
DA:41,1
DA:44,13
DA:45,13
DA:47,13
DA:48,9
DA:49,9
DA:50,9
DA:52,9
DA:57,9
DA:58,8
DA:59,1
DA:62,1
DA:65,7
DA:67,7
DA:68,7
DA:70,6
DA:72,2
DA:80,2
DA:82,1
DA:86,1
DA:93,1
DA:95,1
DA:99,1
DA:106,1
DA:108,1
DA:112,1
DA:120,1
DA:123,1
DA:125,0
DA:126,0
DA:130,1
DA:139,13
DA:140,5
DA:141,1
DA:143,4
DA:144,4
DA:145,0
DA:146,0
DA:151,4
DA:154,13
DA:155,2
DA:156,1
DA:157,1
DA:158,1
DA:162,13
LF:47
LH:43
BRDA:45,0,0,13
BRDA:45,0,1,0
BRDA:58,1,0,1
BRDA:70,2,0,2
BRDA:70,2,1,1
BRDA:70,2,2,1
BRDA:70,2,3,1
BRDA:70,2,4,1
BRDA:70,2,5,0
BRDA:132,3,0,1
BRDA:132,3,1,0
BRDA:140,4,0,1
BRDA:147,5,0,0
BRDA:147,5,1,0
BRDA:155,6,0,1
BRF:15
BRH:10
end_of_record
TN:
SF:src/agreements/routes/agreementRoutes.ts
FN:25,(anonymous_1)
FNF:1
FNH:1
FNDA:14,(anonymous_1)
DA:1,1
DA:3,1
DA:4,1
DA:5,1
DA:7,1
DA:11,1
DA:12,1
DA:25,1
DA:28,14
DA:30,14
DA:38,14
DA:46,14
DA:54,14
DA:62,14
LF:14
LH:14
BRF:0
BRH:0
end_of_record
TN:
SF:src/agreements/services/finalizeAgreement.ts
FN:26,(anonymous_0)
FN:29,(anonymous_1)
FN:46,(anonymous_2)
FN:74,(anonymous_3)
FNF:4
FNH:3
FNDA:3,(anonymous_0)
FNDA:3,(anonymous_1)
FNDA:5,(anonymous_2)
FNDA:0,(anonymous_3)
DA:1,1
DA:3,1
DA:24,1
DA:26,1
DA:27,3
DA:29,1
DA:30,3
DA:46,1
DA:50,5
DA:52,5
DA:53,1
DA:56,4
DA:57,1
DA:61,1
DA:64,3
DA:66,3
DA:68,3
DA:69,3
DA:71,3
DA:72,2
DA:74,2
DA:76,2
DA:84,2
DA:90,2
LF:24
LH:24
BRDA:52,0,0,1
BRDA:56,1,0,1
BRDA:74,2,0,2
BRDA:74,2,1,0
BRF:4
BRH:3
end_of_record
TN:
SF:src/agreements/services/requestAgreement.ts
FN:67,(anonymous_0)
FN:71,(anonymous_1)
FNF:2
FNH:1
FNDA:8,(anonymous_0)
FNDA:0,(anonymous_1)
DA:1,1
DA:3,1
DA:7,1
DA:67,1
DA:71,8
DA:72,8
DA:74,8
DA:75,8
DA:76,1
DA:79,7
DA:85,7
DA:86,2
DA:89,5
DA:91,5
DA:99,5
DA:101,5
DA:102,5
DA:104,5
DA:105,1
DA:110,4
DA:112,4
DA:126,4
DA:141,4
DA:148,4
LF:24
LH:24
BRDA:71,0,0,8
BRDA:71,0,1,0
BRDA:72,1,0,8
BRDA:72,1,1,0
BRDA:75,2,0,1
BRDA:85,3,0,2
BRDA:94,4,0,5
BRDA:94,4,1,0
BRDA:101,5,0,5
BRDA:101,5,1,4
BRDA:101,5,2,0
BRDA:102,6,0,5
BRDA:102,6,1,4
BRDA:104,7,0,1
BRDA:104,8,0,5
BRDA:104,8,1,4
BRDA:104,8,2,4
BRDA:110,9,0,4
BRDA:110,9,1,3
BRF:19
BRH:15
end_of_record
TN:
SF:src/agreements/services/voidAgreement.ts
FN:32,(anonymous_0)
FN:54,(anonymous_1)
FNF:2
FNH:1
FNDA:6,(anonymous_0)
FNDA:0,(anonymous_1)
DA:1,1
DA:5,1
DA:32,1
DA:36,6
DA:38,6
DA:39,0
DA:42,6
DA:43,1
DA:46,5
DA:47,2
DA:50,3
DA:51,3
DA:54,2
DA:55,2
DA:57,2
DA:64,2
DA:70,2
LF:17
LH:16
BRDA:38,0,0,0
BRDA:42,1,0,1
BRDA:46,2,0,2
BRDA:50,3,0,3
BRDA:50,4,0,3
BRDA:50,4,1,3
BRDA:54,5,0,2
BRDA:54,5,1,0
BRDA:55,6,0,2
BRDA:55,6,1,1
BRF:10
BRH:8
end_of_record
TN:
SF:src/agreements/subscribers/agreementSignedSubscriber.ts
FN:24,(anonymous_0)
FN:27,(anonymous_1)
FNF:2
FNH:2
FNDA:5,(anonymous_0)
FNDA:4,(anonymous_1)
DA:15,1
DA:24,1
DA:27,5
DA:28,4
DA:29,4
DA:35,3
DA:36,1
DA:38,1
DA:39,1
DA:41,0
DA:42,0
DA:44,0
DA:45,0
DA:49,0
DA:50,0
DA:55,3
DA:61,1
DA:65,1
DA:69,5
LF:19
LH:13
BRDA:36,0,0,1
BRDA:36,0,1,0
BRDA:36,0,2,0
BRDA:36,0,3,0
BRDA:63,1,0,1
BRDA:63,1,1,0
BRF:6
BRH:2
end_of_record
TN:
SF:src/agreements/validators/agreementIdParamValidator.ts
FNF:0
FNH:0
DA:1,1
DA:6,1
DA:15,1
LF:3
LH:3
BRF:0
BRH:0
end_of_record
TN:
SF:src/agreements/validators/listAgreementsValidator.ts
FNF:0
FNH:0
DA:1,1
DA:3,1
DA:9,1
LF:3
LH:3
BRF:0
BRH:0
end_of_record
TN:
SF:src/agreements/validators/requestAgreementValidator.ts
FNF:0
FNH:0
DA:1,1
DA:8,1
LF:2
LH:2
BRF:0
BRH:0
end_of_record
TN:
SF:src/agreements/webhooks/docusealWebhookController.ts
FN:48,(anonymous_0)
FN:51,(anonymous_1)
FN:95,(anonymous_2)
FNF:3
FNH:2
FNDA:11,(anonymous_0)
FNDA:7,(anonymous_1)
FNDA:0,(anonymous_2)
DA:1,1
DA:27,1
DA:48,1
DA:51,11
DA:52,7
DA:53,7
DA:54,7
DA:56,7
DA:57,0
DA:60,0
DA:63,7
DA:65,7
DA:66,7
DA:67,1
DA:68,1
DA:69,1
DA:72,6
DA:73,6
DA:74,2
DA:79,2
DA:80,2
DA:83,4
DA:84,4
DA:85,1
DA:91,1
DA:92,1
DA:95,3
DA:97,3
DA:98,1
DA:99,1
DA:107,1
DA:112,2
DA:113,1
DA:120,1
DA:124,1
DA:129,1
DA:136,1
DA:140,1
DA:146,3
LF:39
LH:37
BRDA:52,0,0,7
BRDA:52,0,1,0
BRDA:56,1,0,0
BRDA:56,2,0,7
BRDA:56,2,1,7
BRDA:66,3,0,1
BRDA:72,4,0,6
BRDA:72,4,1,2
BRDA:73,5,0,2
BRDA:84,6,0,1
BRDA:95,7,0,3
BRDA:95,7,1,0
BRDA:97,8,0,1
BRDA:97,8,1,2
BRDA:112,9,0,1
BRDA:112,9,1,1
BRF:16
BRH:13
end_of_record
TN:
SF:src/agreements/webhooks/docusealWebhookRoutes.ts
FN:23,(anonymous_1)
FN:28,(anonymous_2)
FNF:2
FNH:2
FNDA:11,(anonymous_1)
FNDA:11,(anonymous_2)
DA:1,1
DA:4,1
DA:23,1
DA:26,11
DA:28,11
DA:29,11
DA:30,11
DA:32,11
DA:35,11
DA:43,11
LF:10
LH:10
BRDA:29,0,0,11
BRF:1
BRH:1
end_of_record
TN:
SF:src/agreements/webhooks/verifyDocusealHmacMiddleware.ts
FN:27,(anonymous_1)
FN:28,(anonymous_2)
FNF:2
FNH:2
FNDA:18,(anonymous_1)
FNDA:18,(anonymous_2)
DA:1,2
DA:7,2
DA:27,2
DA:28,18
DA:29,18
DA:30,1
DA:31,1
DA:32,1
DA:35,17
DA:36,17
DA:37,2
DA:38,2
DA:41,15
DA:42,1
DA:43,1
DA:44,1
DA:47,14
DA:52,14
DA:54,14
DA:55,14
DA:57,0
DA:58,0
DA:59,0
DA:62,14
DA:66,4
DA:67,4
DA:68,4
DA:71,10
DA:72,10
DA:74,2
DA:75,2
DA:76,2
DA:77,2
DA:80,8
LF:34
LH:31
BRDA:29,0,0,1
BRDA:36,1,0,2
BRDA:41,2,0,1
BRDA:62,3,0,4
BRDA:63,4,0,14
BRDA:63,4,1,13
BRDA:74,5,0,2
BRDA:74,5,1,0
BRF:8
BRH:7
end_of_record
TN:
SF:src/shared/signatures/docusealProvider.ts
FN:30,(anonymous_0)
FN:31,(anonymous_1)
FN:69,(anonymous_2)
FN:81,(anonymous_3)
FN:123,(anonymous_4)
FN:128,(anonymous_5)
FN:146,(anonymous_6)
FN:169,(anonymous_7)
FN:172,(anonymous_8)
FN:179,(anonymous_9)
FN:220,(anonymous_10)
FN:241,(anonymous_11)
FN:277,(anonymous_12)
FNF:13
FNH:11
FNDA:0,(anonymous_0)
FNDA:0,(anonymous_1)
FNDA:16,(anonymous_2)
FNDA:11,(anonymous_3)
FNDA:17,(anonymous_4)
FNDA:4,(anonymous_5)
FNDA:5,(anonymous_6)
FNDA:8,(anonymous_7)
FNDA:8,(anonymous_8)
FNDA:5,(anonymous_9)
FNDA:2,(anonymous_10)
FNDA:1,(anonymous_11)
FNDA:2,(anonymous_12)
DA:24,1
DA:28,1
DA:30,1
DA:31,0
DA:32,0
DA:69,1
DA:70,16
DA:71,1
DA:73,15
DA:74,1
DA:77,14
DA:78,14
DA:79,14
DA:81,14
DA:82,11
DA:84,11
DA:86,13
DA:87,13
DA:89,0
DA:90,0
DA:91,0
DA:92,0
DA:94,0
DA:95,0
DA:96,0
DA:99,13
DA:100,10
DA:103,3
DA:104,1
DA:107,2
DA:108,2
DA:109,2
DA:110,0
DA:112,2
DA:117,2
DA:120,0
DA:123,17
DA:128,14
DA:129,4
DA:130,4
DA:131,1
DA:134,3
DA:146,3
DA:147,5
DA:154,2
DA:155,2
DA:156,0
DA:158,2
DA:159,0
DA:162,2
DA:169,14
DA:172,8
DA:173,8
DA:179,14
DA:180,5
DA:181,5
DA:183,5
DA:184,2
DA:186,3
DA:187,1
DA:188,0
DA:190,1
DA:196,2
DA:197,1
DA:198,0
DA:200,1
DA:206,1
DA:207,1
DA:208,0
DA:210,1
DA:217,0
DA:220,14
DA:222,2
DA:223,2
DA:228,0
DA:229,0
DA:232,2
DA:233,2
DA:235,0
DA:236,0
DA:238,0
DA:241,14
DA:244,1
DA:246,1
DA:247,1
DA:248,1
DA:249,0
DA:251,1
DA:252,1
DA:253,1
DA:254,0
DA:257,1
DA:262,1
DA:263,0
DA:265,1
DA:266,0
DA:271,1
DA:272,1
DA:274,1
DA:277,14
DA:280,2
DA:281,2
DA:282,2
DA:283,1
DA:285,1
DA:286,0
DA:288,1
DA:295,14
LF:108
LH:81
BRDA:70,0,0,1
BRDA:73,1,0,1
BRDA:78,2,0,14
BRDA:78,2,1,0
BRDA:79,3,0,14
BRDA:79,3,1,0
BRDA:89,4,0,0
BRDA:89,4,1,0
BRDA:91,5,0,0
BRDA:99,6,0,10
BRDA:103,7,0,1
BRDA:103,8,0,3
BRDA:103,8,1,3
BRDA:109,9,0,0
BRDA:120,10,0,0
BRDA:120,10,1,0
BRDA:130,11,0,1
BRDA:130,12,0,4
BRDA:130,12,1,3
BRDA:155,13,0,0
BRDA:158,14,0,0
BRDA:183,15,0,2
BRDA:186,16,0,1
BRDA:187,17,0,0
BRDA:196,18,0,1
BRDA:197,19,0,0
BRDA:206,20,0,1
BRDA:207,21,0,0
BRDA:228,22,0,0
BRDA:228,22,1,0
BRDA:232,23,0,2
BRDA:232,24,0,2
BRDA:232,24,1,1
BRDA:235,25,0,0
BRDA:235,26,0,0
BRDA:235,26,1,0
BRDA:246,27,0,1
BRDA:246,27,1,0
BRDA:248,28,0,0
BRDA:253,29,0,0
BRDA:262,30,0,0
BRDA:265,31,0,0
BRDA:282,32,0,1
BRDA:285,33,0,0
BRF:44
BRH:20
end_of_record
TN:
SF:src/shared/signatures/mockSignatureProvider.ts
FN:44,(anonymous_1)
FN:52,(anonymous_2)
FN:55,(anonymous_3)
FN:80,(anonymous_4)
FN:113,(anonymous_5)
FN:122,(anonymous_6)
FN:135,(anonymous_7)
FN:151,(anonymous_8)
FN:159,(anonymous_9)
FNF:9
FNH:9
FNDA:16,(anonymous_1)
FNDA:20,(anonymous_2)
FNDA:18,(anonymous_3)
FNDA:9,(anonymous_4)
FNDA:2,(anonymous_5)
FNDA:2,(anonymous_6)
FNDA:3,(anonymous_7)
FNDA:2,(anonymous_8)
FNDA:1,(anonymous_9)
DA:15,2
DA:42,2
DA:44,2
DA:45,16
DA:49,16
DA:52,2
DA:53,20
DA:55,20
DA:56,18
DA:57,1
DA:59,17
DA:60,1
DA:63,16
DA:64,16
DA:65,16
DA:67,16
DA:73,16
DA:80,20
DA:81,9
DA:82,1
DA:84,8
DA:85,8
DA:86,2
DA:89,6
DA:90,1
DA:91,1
DA:94,5
DA:95,2
DA:96,2
DA:97,0
DA:99,2
DA:102,3
DA:103,1
DA:104,1
DA:105,0
DA:107,1
DA:110,2
DA:113,20
DA:114,2
DA:115,2
DA:116,0
DA:118,2
DA:119,2
DA:122,20
DA:125,2
DA:126,2
DA:127,0
DA:129,2
DA:135,20
DA:138,3
DA:139,3
DA:140,1
DA:142,2
DA:143,2
DA:150,20
DA:152,2
DA:153,2
DA:154,0
DA:156,2
DA:157,2
DA:160,1
DA:164,20
LF:62
LH:57
BRDA:56,0,0,1
BRDA:59,1,0,1
BRDA:81,2,0,1
BRDA:85,3,0,2
BRDA:89,4,0,1
BRDA:90,5,0,1
BRDA:90,5,1,1
BRDA:94,6,0,2
BRDA:96,7,0,0
BRDA:102,8,0,1
BRDA:104,9,0,0
BRDA:115,10,0,0
BRDA:126,11,0,0
BRDA:139,12,0,1
BRDA:153,13,0,0
BRF:15
BRH:10
end_of_record
TN:
SF:src/shared/signatures/signatureService.ts
FN:26,(anonymous_0)
FN:27,(anonymous_1)
FN:31,(anonymous_2)
FN:34,(anonymous_3)
FN:53,(anonymous_4)
FN:58,(anonymous_5)
FN:69,(anonymous_6)
FN:77,(anonymous_7)
FN:88,(anonymous_8)
FN:96,(anonymous_9)
FN:126,(anonymous_10)
FN:141,(anonymous_11)
FN:146,(anonymous_12)
FN:151,(anonymous_13)
FN:156,(anonymous_14)
FNF:15
FNH:11
FNDA:0,(anonymous_0)
FNDA:0,(anonymous_1)
FNDA:15,(anonymous_2)
FNDA:3,(anonymous_3)
FNDA:11,(anonymous_4)
FNDA:5,(anonymous_5)
FNDA:1,(anonymous_6)
FNDA:3,(anonymous_7)
FNDA:0,(anonymous_8)
FNDA:8,(anonymous_9)
FNDA:8,(anonymous_10)
FNDA:1,(anonymous_11)
FNDA:1,(anonymous_12)
FNDA:1,(anonymous_13)
FNDA:0,(anonymous_14)
DA:9,1
DA:24,1
DA:26,1
DA:27,0
DA:28,0
DA:31,1
DA:32,15
DA:34,1
DA:35,3
DA:36,3
DA:37,1
DA:39,2
DA:40,1
DA:42,1
DA:53,1
DA:54,11
DA:55,11
DA:56,11
DA:58,11
DA:63,5
DA:70,1
DA:77,11
DA:82,3
DA:89,0
DA:96,11
DA:100,8
DA:101,19
DA:102,19
DA:104,14
DA:105,3
DA:106,3
DA:107,3
DA:109,11
DA:115,11
DA:116,11
DA:117,11
DA:122,0
DA:125,11
DA:130,8
DA:131,8
DA:136,8
DA:137,5
DA:138,5
DA:142,1
DA:143,1
DA:147,1
DA:148,1
DA:152,1
DA:153,1
DA:157,0
DA:158,0
LF:51
LH:45
BRDA:32,0,0,15
BRDA:32,0,1,0
BRDA:36,1,0,1
BRDA:39,2,0,1
BRDA:55,3,0,11
BRDA:55,3,1,0
BRDA:56,4,0,11
BRDA:56,4,1,0
BRDA:104,5,0,3
BRDA:116,6,0,11
BRDA:130,7,0,8
BRDA:130,7,1,7
BRF:12
BRH:9
end_of_record
TN:
SF:src/shared/signatures/agreementTemplates/renderDispatchAgreement.ts
FN:6,(anonymous_1)
FNF:1
FNH:1
FNDA:4,(anonymous_1)
DA:1,1
DA:2,1
DA:4,1
DA:6,1
DA:8,4
LF:5
LH:5
BRF:0
BRH:0
end_of_record
